ARM GAS  /var/folders/t8/16hdwfmd2fg_d3q6dgx6bpmw0000gn/T//ccnbEPL0.s 			page 1


   1              		.cpu cortex-m0plus
   2              		.eabi_attribute 20, 1
   3              		.eabi_attribute 21, 1
   4              		.eabi_attribute 23, 3
   5              		.eabi_attribute 24, 1
   6              		.eabi_attribute 25, 1
   7              		.eabi_attribute 26, 1
   8              		.eabi_attribute 30, 2
   9              		.eabi_attribute 34, 0
  10              		.eabi_attribute 18, 4
  11              		.file	"crt1.c"
  12              		.text
  13              	.Ltext0:
  14              		.cfi_sections	.debug_frame
  15              		.section	.text.__core_init,"ax",%progbits
  16              		.align	1
  17              		.p2align 4,,15
  18              		.weak	__core_init
  19              		.syntax unified
  20              		.code	16
  21              		.thumb_func
  22              		.fpu softvfp
  23              		.type	__core_init, %function
  24              	__core_init:
  25              	.LFB34:
  26              		.file 1 "../../tmk_core/tool/chibios/ChibiOS/os/common/startup/ARMCMx/compilers/GCC/crt1.c"
  27              		.loc 1 136 0
  28              		.cfi_startproc
  29              		@ args = 0, pretend = 0, frame = 0
  30              		@ frame_needed = 0, uses_anonymous_args = 0
  31              		@ link register save eliminated.
  32              		.loc 1 142 0
  33              		@ sp needed
  34 0000 7047     		bx	lr
  35              		.cfi_endproc
  36              	.LFE34:
  37              		.size	__core_init, .-__core_init
  38 0002 C046     		.section	.text.__early_init,"ax",%progbits
  39              		.align	1
  40              		.p2align 4,,15
  41              		.weak	__early_init
  42              		.syntax unified
  43              		.code	16
  44              		.thumb_func
  45              		.fpu softvfp
  46              		.type	__early_init, %function
  47              	__early_init:
  48              	.LFB40:
  49              		.cfi_startproc
  50              		@ args = 0, pretend = 0, frame = 0
  51              		@ frame_needed = 0, uses_anonymous_args = 0
  52              		@ link register save eliminated.
  53              		@ sp needed
  54 0000 7047     		bx	lr
  55              		.cfi_endproc
  56              	.LFE40:
  57              		.size	__early_init, .-__early_init
ARM GAS  /var/folders/t8/16hdwfmd2fg_d3q6dgx6bpmw0000gn/T//ccnbEPL0.s 			page 2


  58 0002 C046     		.section	.text.__late_init,"ax",%progbits
  59              		.align	1
  60              		.p2align 4,,15
  61              		.weak	__late_init
  62              		.syntax unified
  63              		.code	16
  64              		.thumb_func
  65              		.fpu softvfp
  66              		.type	__late_init, %function
  67              	__late_init:
  68              	.LFB42:
  69              		.cfi_startproc
  70              		@ args = 0, pretend = 0, frame = 0
  71              		@ frame_needed = 0, uses_anonymous_args = 0
  72              		@ link register save eliminated.
  73              		@ sp needed
  74 0000 7047     		bx	lr
  75              		.cfi_endproc
  76              	.LFE42:
  77              		.size	__late_init, .-__late_init
  78 0002 C046     		.section	.text.__default_exit,"ax",%progbits
  79              		.align	1
  80              		.p2align 4,,15
  81              		.weak	__default_exit
  82              		.syntax unified
  83              		.code	16
  84              		.thumb_func
  85              		.fpu softvfp
  86              		.type	__default_exit, %function
  87              	__default_exit:
  88              	.LFB37:
  89              		.loc 1 182 0
  90              		.cfi_startproc
  91              		@ Volatile: function does not return.
  92              		@ args = 0, pretend = 0, frame = 0
  93              		@ frame_needed = 0, uses_anonymous_args = 0
  94              		@ link register save eliminated.
  95              	.L6:
  96 0000 FEE7     		b	.L6
  97              		.cfi_endproc
  98              	.LFE37:
  99              		.size	__default_exit, .-__default_exit
 100 0002 C046     		.section	.text.__init_ram_areas,"ax",%progbits
 101              		.align	1
 102              		.p2align 4,,15
 103              		.global	__init_ram_areas
 104              		.syntax unified
 105              		.code	16
 106              		.thumb_func
 107              		.fpu softvfp
 108              		.type	__init_ram_areas, %function
 109              	__init_ram_areas:
 110              	.LFB38:
 111              		.loc 1 192 0
 112              		.cfi_startproc
 113              		@ args = 0, pretend = 0, frame = 0
 114              		@ frame_needed = 0, uses_anonymous_args = 0
ARM GAS  /var/folders/t8/16hdwfmd2fg_d3q6dgx6bpmw0000gn/T//ccnbEPL0.s 			page 3


 115              	.LVL0:
 116 0000 8022     		movs	r2, #128
 117 0002 9446     		mov	ip, r2
 118              		.loc 1 192 0
 119 0004 F0B5     		push	{r4, r5, r6, r7, lr}
 120              		.cfi_def_cfa_offset 20
 121              		.cfi_offset 4, -20
 122              		.cfi_offset 5, -16
 123              		.cfi_offset 6, -12
 124              		.cfi_offset 7, -8
 125              		.cfi_offset 14, -4
 126              	.LBB2:
 127              		.loc 1 209 0
 128 0006 0027     		movs	r7, #0
 129              	.LBE2:
 130              		.loc 1 194 0
 131 0008 104E     		ldr	r6, .L18
 132              		.loc 1 192 0
 133 000a 114D     		ldr	r5, .L18+4
 134 000c 114C     		ldr	r4, .L18+8
 135 000e 124B     		ldr	r3, .L18+12
 136 0010 1249     		ldr	r1, .L18+16
 137 0012 B444     		add	ip, ip, r6
 138              	.LVL1:
 139              	.L13:
 140              	.LBB3:
 141              		.loc 1 201 0
 142 0014 9C42     		cmp	r4, r3
 143 0016 0DD9     		bls	.L16
 144 0018 1A00     		movs	r2, r3
 145              	.LVL2:
 146              	.L9:
 147              		.loc 1 202 0
 148 001a 01C9     		ldmia	r1!, {r0}
 149              	.LVL3:
 150 001c 01C2     		stmia	r2!, {r0}
 151              	.LVL4:
 152              		.loc 1 201 0
 153 001e 9442     		cmp	r4, r2
 154 0020 FBD8     		bhi	.L9
 155 0022 DA43     		mvns	r2, r3
 156              	.LVL5:
 157 0024 1419     		adds	r4, r2, r4
 158 0026 A408     		lsrs	r4, r4, #2
 159 0028 0134     		adds	r4, r4, #1
 160 002a A400     		lsls	r4, r4, #2
 161 002c 1B19     		adds	r3, r3, r4
 162              	.LVL6:
 163              		.loc 1 208 0
 164 002e 9D42     		cmp	r5, r3
 165 0030 02D9     		bls	.L17
 166              	.LVL7:
 167              	.L11:
 168              		.loc 1 209 0
 169 0032 80C3     		stmia	r3!, {r7}
 170              	.LVL8:
 171              	.L16:
ARM GAS  /var/folders/t8/16hdwfmd2fg_d3q6dgx6bpmw0000gn/T//ccnbEPL0.s 			page 4


 172              		.loc 1 208 0
 173 0034 9D42     		cmp	r5, r3
 174 0036 FCD8     		bhi	.L11
 175              	.L17:
 176              		.loc 1 212 0
 177 0038 1036     		adds	r6, r6, #16
 178              	.LVL9:
 179              	.LBE3:
 180              		.loc 1 214 0
 181 003a 6645     		cmp	r6, ip
 182 003c 04D0     		beq	.L7
 183 003e 3168     		ldr	r1, [r6]
 184 0040 7368     		ldr	r3, [r6, #4]
 185              	.LVL10:
 186 0042 B468     		ldr	r4, [r6, #8]
 187 0044 F568     		ldr	r5, [r6, #12]
 188 0046 E5E7     		b	.L13
 189              	.LVL11:
 190              	.L7:
 191              		.loc 1 216 0
 192              		@ sp needed
 193              	.LVL12:
 194 0048 F0BD     		pop	{r4, r5, r6, r7, pc}
 195              	.L19:
 196 004a C046     		.align	2
 197              	.L18:
 198 004c 00000000 		.word	ram_areas
 199 0050 00000000 		.word	__ram0_noinit__
 200 0054 00000000 		.word	__ram0_clear__
 201 0058 00000000 		.word	__ram0_init__
 202 005c 00000000 		.word	__ram0_init_text__
 203              		.cfi_endproc
 204              	.LFE38:
 205              		.size	__init_ram_areas, .-__init_ram_areas
 206              		.section	.rodata.ram_areas,"a",%progbits
 207              		.align	2
 208              		.type	ram_areas, %object
 209              		.size	ram_areas, 128
 210              	ram_areas:
 211 0000 00000000 		.word	__ram0_init_text__
 212 0004 00000000 		.word	__ram0_init__
 213 0008 00000000 		.word	__ram0_clear__
 214 000c 00000000 		.word	__ram0_noinit__
 215 0010 00000000 		.word	__ram1_init_text__
 216 0014 00000000 		.word	__ram1_init__
 217 0018 00000000 		.word	__ram1_clear__
 218 001c 00000000 		.word	__ram1_noinit__
 219 0020 00000000 		.word	__ram2_init_text__
 220 0024 00000000 		.word	__ram2_init__
 221 0028 00000000 		.word	__ram2_clear__
 222 002c 00000000 		.word	__ram2_noinit__
 223 0030 00000000 		.word	__ram3_init_text__
 224 0034 00000000 		.word	__ram3_init__
 225 0038 00000000 		.word	__ram3_clear__
 226 003c 00000000 		.word	__ram3_noinit__
 227 0040 00000000 		.word	__ram4_init_text__
 228 0044 00000000 		.word	__ram4_init__
ARM GAS  /var/folders/t8/16hdwfmd2fg_d3q6dgx6bpmw0000gn/T//ccnbEPL0.s 			page 5


 229 0048 00000000 		.word	__ram4_clear__
 230 004c 00000000 		.word	__ram4_noinit__
 231 0050 00000000 		.word	__ram5_init_text__
 232 0054 00000000 		.word	__ram5_init__
 233 0058 00000000 		.word	__ram5_clear__
 234 005c 00000000 		.word	__ram5_noinit__
 235 0060 00000000 		.word	__ram6_init_text__
 236 0064 00000000 		.word	__ram6_init__
 237 0068 00000000 		.word	__ram6_clear__
 238 006c 00000000 		.word	__ram6_noinit__
 239 0070 00000000 		.word	__ram7_init_text__
 240 0074 00000000 		.word	__ram7_init__
 241 0078 00000000 		.word	__ram7_clear__
 242 007c 00000000 		.word	__ram7_noinit__
 243              		.text
 244              	.Letext0:
 245              		.file 2 "/usr/local/Caskroom/gcc-arm-embedded/7-2017-q4-major/gcc-arm-none-eabi-7-2017-q4-major/ar
 246              		.file 3 "/usr/local/Caskroom/gcc-arm-embedded/7-2017-q4-major/gcc-arm-none-eabi-7-2017-q4-major/ar
 247              		.section	.debug_info,"",%progbits
 248              	.Ldebug_info0:
 249 0000 D5020000 		.4byte	0x2d5
 250 0004 0400     		.2byte	0x4
 251 0006 00000000 		.4byte	.Ldebug_abbrev0
 252 000a 04       		.byte	0x4
 253 000b 01       		.uleb128 0x1
 254 000c 02020000 		.4byte	.LASF51
 255 0010 0C       		.byte	0xc
 256 0011 93000000 		.4byte	.LASF52
 257 0015 63040000 		.4byte	.LASF53
 258 0019 18000000 		.4byte	.Ldebug_ranges0+0x18
 259 001d 00000000 		.4byte	0
 260 0021 00000000 		.4byte	.Ldebug_line0
 261 0025 02       		.uleb128 0x2
 262 0026 01       		.byte	0x1
 263 0027 06       		.byte	0x6
 264 0028 48040000 		.4byte	.LASF0
 265 002c 02       		.uleb128 0x2
 266 002d 01       		.byte	0x1
 267 002e 08       		.byte	0x8
 268 002f C7010000 		.4byte	.LASF1
 269 0033 02       		.uleb128 0x2
 270 0034 02       		.byte	0x2
 271 0035 05       		.byte	0x5
 272 0036 FE030000 		.4byte	.LASF2
 273 003a 02       		.uleb128 0x2
 274 003b 02       		.byte	0x2
 275 003c 07       		.byte	0x7
 276 003d 80000000 		.4byte	.LASF3
 277 0041 02       		.uleb128 0x2
 278 0042 04       		.byte	0x4
 279 0043 05       		.byte	0x5
 280 0044 2F040000 		.4byte	.LASF4
 281 0048 03       		.uleb128 0x3
 282 0049 F7010000 		.4byte	.LASF9
 283 004d 02       		.byte	0x2
 284 004e 4F       		.byte	0x4f
 285 004f 53000000 		.4byte	0x53
ARM GAS  /var/folders/t8/16hdwfmd2fg_d3q6dgx6bpmw0000gn/T//ccnbEPL0.s 			page 6


 286 0053 02       		.uleb128 0x2
 287 0054 04       		.byte	0x4
 288 0055 07       		.byte	0x7
 289 0056 6C010000 		.4byte	.LASF5
 290 005a 02       		.uleb128 0x2
 291 005b 08       		.byte	0x8
 292 005c 05       		.byte	0x5
 293 005d AB030000 		.4byte	.LASF6
 294 0061 02       		.uleb128 0x2
 295 0062 08       		.byte	0x8
 296 0063 07       		.byte	0x7
 297 0064 47030000 		.4byte	.LASF7
 298 0068 04       		.uleb128 0x4
 299 0069 04       		.byte	0x4
 300 006a 05       		.byte	0x5
 301 006b 696E7400 		.ascii	"int\000"
 302 006f 02       		.uleb128 0x2
 303 0070 04       		.byte	0x4
 304 0071 07       		.byte	0x7
 305 0072 3A030000 		.4byte	.LASF8
 306 0076 03       		.uleb128 0x3
 307 0077 26040000 		.4byte	.LASF10
 308 007b 03       		.byte	0x3
 309 007c 30       		.byte	0x30
 310 007d 48000000 		.4byte	0x48
 311 0081 05       		.uleb128 0x5
 312 0082 10       		.byte	0x10
 313 0083 01       		.byte	0x1
 314 0084 34       		.byte	0x34
 315 0085 BA000000 		.4byte	0xba
 316 0089 06       		.uleb128 0x6
 317 008a 08040000 		.4byte	.LASF11
 318 008e 01       		.byte	0x1
 319 008f 35       		.byte	0x35
 320 0090 BA000000 		.4byte	0xba
 321 0094 00       		.byte	0
 322 0095 06       		.uleb128 0x6
 323 0096 59000000 		.4byte	.LASF12
 324 009a 01       		.byte	0x1
 325 009b 36       		.byte	0x36
 326 009c BA000000 		.4byte	0xba
 327 00a0 04       		.byte	0x4
 328 00a1 06       		.uleb128 0x6
 329 00a2 46010000 		.4byte	.LASF13
 330 00a6 01       		.byte	0x1
 331 00a7 37       		.byte	0x37
 332 00a8 BA000000 		.4byte	0xba
 333 00ac 08       		.byte	0x8
 334 00ad 06       		.uleb128 0x6
 335 00ae 8E030000 		.4byte	.LASF14
 336 00b2 01       		.byte	0x1
 337 00b3 38       		.byte	0x38
 338 00b4 BA000000 		.4byte	0xba
 339 00b8 0C       		.byte	0xc
 340 00b9 00       		.byte	0
 341 00ba 07       		.uleb128 0x7
 342 00bb 04       		.byte	0x4
ARM GAS  /var/folders/t8/16hdwfmd2fg_d3q6dgx6bpmw0000gn/T//ccnbEPL0.s 			page 7


 343 00bc 76000000 		.4byte	0x76
 344 00c0 03       		.uleb128 0x3
 345 00c1 5E030000 		.4byte	.LASF15
 346 00c5 01       		.byte	0x1
 347 00c6 39       		.byte	0x39
 348 00c7 81000000 		.4byte	0x81
 349 00cb 08       		.uleb128 0x8
 350 00cc C0000000 		.4byte	0xc0
 351 00d0 09       		.uleb128 0x9
 352 00d1 6D000000 		.4byte	.LASF16
 353 00d5 01       		.byte	0x1
 354 00d6 40       		.byte	0x40
 355 00d7 76000000 		.4byte	0x76
 356 00db 09       		.uleb128 0x9
 357 00dc 7E010000 		.4byte	.LASF17
 358 00e0 01       		.byte	0x1
 359 00e1 40       		.byte	0x40
 360 00e2 76000000 		.4byte	0x76
 361 00e6 09       		.uleb128 0x9
 362 00e7 17040000 		.4byte	.LASF18
 363 00eb 01       		.byte	0x1
 364 00ec 40       		.byte	0x40
 365 00ed 76000000 		.4byte	0x76
 366 00f1 09       		.uleb128 0x9
 367 00f2 2D000000 		.4byte	.LASF19
 368 00f6 01       		.byte	0x1
 369 00f7 40       		.byte	0x40
 370 00f8 76000000 		.4byte	0x76
 371 00fc 09       		.uleb128 0x9
 372 00fd C9030000 		.4byte	.LASF20
 373 0101 01       		.byte	0x1
 374 0102 43       		.byte	0x43
 375 0103 76000000 		.4byte	0x76
 376 0107 09       		.uleb128 0x9
 377 0108 F4000000 		.4byte	.LASF21
 378 010c 01       		.byte	0x1
 379 010d 43       		.byte	0x43
 380 010e 76000000 		.4byte	0x76
 381 0112 09       		.uleb128 0x9
 382 0113 9A010000 		.4byte	.LASF22
 383 0117 01       		.byte	0x1
 384 0118 43       		.byte	0x43
 385 0119 76000000 		.4byte	0x76
 386 011d 09       		.uleb128 0x9
 387 011e 38040000 		.4byte	.LASF23
 388 0122 01       		.byte	0x1
 389 0123 43       		.byte	0x43
 390 0124 76000000 		.4byte	0x76
 391 0128 09       		.uleb128 0x9
 392 0129 E4010000 		.4byte	.LASF24
 393 012d 01       		.byte	0x1
 394 012e 46       		.byte	0x46
 395 012f 76000000 		.4byte	0x76
 396 0133 09       		.uleb128 0x9
 397 0134 11000000 		.4byte	.LASF25
 398 0138 01       		.byte	0x1
 399 0139 46       		.byte	0x46
ARM GAS  /var/folders/t8/16hdwfmd2fg_d3q6dgx6bpmw0000gn/T//ccnbEPL0.s 			page 8


 400 013a 76000000 		.4byte	0x76
 401 013e 09       		.uleb128 0x9
 402 013f DC030000 		.4byte	.LASF26
 403 0143 01       		.byte	0x1
 404 0144 46       		.byte	0x46
 405 0145 76000000 		.4byte	0x76
 406 0149 09       		.uleb128 0x9
 407 014a B9030000 		.4byte	.LASF27
 408 014e 01       		.byte	0x1
 409 014f 46       		.byte	0x46
 410 0150 76000000 		.4byte	0x76
 411 0154 09       		.uleb128 0x9
 412 0155 33010000 		.4byte	.LASF28
 413 0159 01       		.byte	0x1
 414 015a 49       		.byte	0x49
 415 015b 76000000 		.4byte	0x76
 416 015f 09       		.uleb128 0x9
 417 0160 B9010000 		.4byte	.LASF29
 418 0164 01       		.byte	0x1
 419 0165 49       		.byte	0x49
 420 0166 76000000 		.4byte	0x76
 421 016a 09       		.uleb128 0x9
 422 016b E5000000 		.4byte	.LASF30
 423 016f 01       		.byte	0x1
 424 0170 49       		.byte	0x49
 425 0171 76000000 		.4byte	0x76
 426 0175 09       		.uleb128 0x9
 427 0176 9B030000 		.4byte	.LASF31
 428 017a 01       		.byte	0x1
 429 017b 49       		.byte	0x49
 430 017c 76000000 		.4byte	0x76
 431 0180 09       		.uleb128 0x9
 432 0181 EB030000 		.4byte	.LASF32
 433 0185 01       		.byte	0x1
 434 0186 4C       		.byte	0x4c
 435 0187 76000000 		.4byte	0x76
 436 018b 09       		.uleb128 0x9
 437 018c 0D030000 		.4byte	.LASF33
 438 0190 01       		.byte	0x1
 439 0191 4C       		.byte	0x4c
 440 0192 76000000 		.4byte	0x76
 441 0196 09       		.uleb128 0x9
 442 0197 1B030000 		.4byte	.LASF34
 443 019b 01       		.byte	0x1
 444 019c 4C       		.byte	0x4c
 445 019d 76000000 		.4byte	0x76
 446 01a1 09       		.uleb128 0x9
 447 01a2 2A030000 		.4byte	.LASF35
 448 01a6 01       		.byte	0x1
 449 01a7 4C       		.byte	0x4c
 450 01a8 76000000 		.4byte	0x76
 451 01ac 09       		.uleb128 0x9
 452 01ad EB020000 		.4byte	.LASF36
 453 01b1 01       		.byte	0x1
 454 01b2 4F       		.byte	0x4f
 455 01b3 76000000 		.4byte	0x76
 456 01b7 09       		.uleb128 0x9
ARM GAS  /var/folders/t8/16hdwfmd2fg_d3q6dgx6bpmw0000gn/T//ccnbEPL0.s 			page 9


 457 01b8 8C010000 		.4byte	.LASF37
 458 01bc 01       		.byte	0x1
 459 01bd 4F       		.byte	0x4f
 460 01be 76000000 		.4byte	0x76
 461 01c2 09       		.uleb128 0x9
 462 01c3 54040000 		.4byte	.LASF38
 463 01c7 01       		.byte	0x1
 464 01c8 4F       		.byte	0x4f
 465 01c9 76000000 		.4byte	0x76
 466 01cd 09       		.uleb128 0x9
 467 01ce A9010000 		.4byte	.LASF39
 468 01d2 01       		.byte	0x1
 469 01d3 4F       		.byte	0x4f
 470 01d4 76000000 		.4byte	0x76
 471 01d8 09       		.uleb128 0x9
 472 01d9 10010000 		.4byte	.LASF40
 473 01dd 01       		.byte	0x1
 474 01de 52       		.byte	0x52
 475 01df 76000000 		.4byte	0x76
 476 01e3 09       		.uleb128 0x9
 477 01e4 02010000 		.4byte	.LASF41
 478 01e8 01       		.byte	0x1
 479 01e9 52       		.byte	0x52
 480 01ea 76000000 		.4byte	0x76
 481 01ee 09       		.uleb128 0x9
 482 01ef 5D010000 		.4byte	.LASF42
 483 01f3 01       		.byte	0x1
 484 01f4 52       		.byte	0x52
 485 01f5 76000000 		.4byte	0x76
 486 01f9 09       		.uleb128 0x9
 487 01fa 23010000 		.4byte	.LASF43
 488 01fe 01       		.byte	0x1
 489 01ff 52       		.byte	0x52
 490 0200 76000000 		.4byte	0x76
 491 0204 09       		.uleb128 0x9
 492 0205 6E030000 		.4byte	.LASF44
 493 0209 01       		.byte	0x1
 494 020a 55       		.byte	0x55
 495 020b 76000000 		.4byte	0x76
 496 020f 09       		.uleb128 0x9
 497 0210 1F000000 		.4byte	.LASF45
 498 0214 01       		.byte	0x1
 499 0215 55       		.byte	0x55
 500 0216 76000000 		.4byte	0x76
 501 021a 09       		.uleb128 0x9
 502 021b FE020000 		.4byte	.LASF46
 503 021f 01       		.byte	0x1
 504 0220 55       		.byte	0x55
 505 0221 76000000 		.4byte	0x76
 506 0225 09       		.uleb128 0x9
 507 0226 49000000 		.4byte	.LASF47
 508 022a 01       		.byte	0x1
 509 022b 55       		.byte	0x55
 510 022c 76000000 		.4byte	0x76
 511 0230 0A       		.uleb128 0xa
 512 0231 CB000000 		.4byte	0xcb
 513 0235 40020000 		.4byte	0x240
ARM GAS  /var/folders/t8/16hdwfmd2fg_d3q6dgx6bpmw0000gn/T//ccnbEPL0.s 			page 10


 514 0239 0B       		.uleb128 0xb
 515 023a 6F000000 		.4byte	0x6f
 516 023e 07       		.byte	0x7
 517 023f 00       		.byte	0
 518 0240 08       		.uleb128 0x8
 519 0241 30020000 		.4byte	0x230
 520 0245 0C       		.uleb128 0xc
 521 0246 63000000 		.4byte	.LASF48
 522 024a 01       		.byte	0x1
 523 024b 5C       		.byte	0x5c
 524 024c 40020000 		.4byte	0x240
 525 0250 05       		.uleb128 0x5
 526 0251 03       		.byte	0x3
 527 0252 00000000 		.4byte	ram_areas
 528 0256 0D       		.uleb128 0xd
 529 0257 00000000 		.4byte	.LASF54
 530 025b 01       		.byte	0x1
 531 025c C0       		.byte	0xc0
 532 025d 00000000 		.4byte	.LFB38
 533 0261 60000000 		.4byte	.LFE38-.LFB38
 534 0265 01       		.uleb128 0x1
 535 0266 9C       		.byte	0x9c
 536 0267 9C020000 		.4byte	0x29c
 537 026b 0E       		.uleb128 0xe
 538 026c 72617000 		.ascii	"rap\000"
 539 0270 01       		.byte	0x1
 540 0271 C2       		.byte	0xc2
 541 0272 9C020000 		.4byte	0x29c
 542 0276 00000000 		.4byte	.LLST0
 543 027a 0F       		.uleb128 0xf
 544 027b 00000000 		.4byte	.Ldebug_ranges0+0
 545 027f 0E       		.uleb128 0xe
 546 0280 747000   		.ascii	"tp\000"
 547 0283 01       		.byte	0x1
 548 0284 C5       		.byte	0xc5
 549 0285 BA000000 		.4byte	0xba
 550 0289 23000000 		.4byte	.LLST1
 551 028d 0E       		.uleb128 0xe
 552 028e 7000     		.ascii	"p\000"
 553 0290 01       		.byte	0x1
 554 0291 C6       		.byte	0xc6
 555 0292 BA000000 		.4byte	0xba
 556 0296 5A000000 		.4byte	.LLST2
 557 029a 00       		.byte	0
 558 029b 00       		.byte	0
 559 029c 07       		.uleb128 0x7
 560 029d 04       		.byte	0x4
 561 029e CB000000 		.4byte	0xcb
 562 02a2 10       		.uleb128 0x10
 563 02a3 D5010000 		.4byte	.LASF55
 564 02a7 01       		.byte	0x1
 565 02a8 B6       		.byte	0xb6
 566 02a9 00000000 		.4byte	.LFB37
 567 02ad 02000000 		.4byte	.LFE37-.LFB37
 568 02b1 01       		.uleb128 0x1
 569 02b2 9C       		.byte	0x9c
 570 02b3 11       		.uleb128 0x11
ARM GAS  /var/folders/t8/16hdwfmd2fg_d3q6dgx6bpmw0000gn/T//ccnbEPL0.s 			page 11


 571 02b4 51010000 		.4byte	.LASF49
 572 02b8 01       		.byte	0x1
 573 02b9 A9       		.byte	0xa9
 574 02ba 11       		.uleb128 0x11
 575 02bb 81030000 		.4byte	.LASF50
 576 02bf 01       		.byte	0x1
 577 02c0 9B       		.byte	0x9b
 578 02c1 12       		.uleb128 0x12
 579 02c2 3D000000 		.4byte	.LASF56
 580 02c6 01       		.byte	0x1
 581 02c7 88       		.byte	0x88
 582 02c8 01       		.byte	0x1
 583 02c9 13       		.uleb128 0x13
 584 02ca C1020000 		.4byte	0x2c1
 585 02ce 00000000 		.4byte	.LFB34
 586 02d2 02000000 		.4byte	.LFE34-.LFB34
 587 02d6 01       		.uleb128 0x1
 588 02d7 9C       		.byte	0x9c
 589 02d8 00       		.byte	0
 590              		.section	.debug_abbrev,"",%progbits
 591              	.Ldebug_abbrev0:
 592 0000 01       		.uleb128 0x1
 593 0001 11       		.uleb128 0x11
 594 0002 01       		.byte	0x1
 595 0003 25       		.uleb128 0x25
 596 0004 0E       		.uleb128 0xe
 597 0005 13       		.uleb128 0x13
 598 0006 0B       		.uleb128 0xb
 599 0007 03       		.uleb128 0x3
 600 0008 0E       		.uleb128 0xe
 601 0009 1B       		.uleb128 0x1b
 602 000a 0E       		.uleb128 0xe
 603 000b 55       		.uleb128 0x55
 604 000c 17       		.uleb128 0x17
 605 000d 11       		.uleb128 0x11
 606 000e 01       		.uleb128 0x1
 607 000f 10       		.uleb128 0x10
 608 0010 17       		.uleb128 0x17
 609 0011 00       		.byte	0
 610 0012 00       		.byte	0
 611 0013 02       		.uleb128 0x2
 612 0014 24       		.uleb128 0x24
 613 0015 00       		.byte	0
 614 0016 0B       		.uleb128 0xb
 615 0017 0B       		.uleb128 0xb
 616 0018 3E       		.uleb128 0x3e
 617 0019 0B       		.uleb128 0xb
 618 001a 03       		.uleb128 0x3
 619 001b 0E       		.uleb128 0xe
 620 001c 00       		.byte	0
 621 001d 00       		.byte	0
 622 001e 03       		.uleb128 0x3
 623 001f 16       		.uleb128 0x16
 624 0020 00       		.byte	0
 625 0021 03       		.uleb128 0x3
 626 0022 0E       		.uleb128 0xe
 627 0023 3A       		.uleb128 0x3a
ARM GAS  /var/folders/t8/16hdwfmd2fg_d3q6dgx6bpmw0000gn/T//ccnbEPL0.s 			page 12


 628 0024 0B       		.uleb128 0xb
 629 0025 3B       		.uleb128 0x3b
 630 0026 0B       		.uleb128 0xb
 631 0027 49       		.uleb128 0x49
 632 0028 13       		.uleb128 0x13
 633 0029 00       		.byte	0
 634 002a 00       		.byte	0
 635 002b 04       		.uleb128 0x4
 636 002c 24       		.uleb128 0x24
 637 002d 00       		.byte	0
 638 002e 0B       		.uleb128 0xb
 639 002f 0B       		.uleb128 0xb
 640 0030 3E       		.uleb128 0x3e
 641 0031 0B       		.uleb128 0xb
 642 0032 03       		.uleb128 0x3
 643 0033 08       		.uleb128 0x8
 644 0034 00       		.byte	0
 645 0035 00       		.byte	0
 646 0036 05       		.uleb128 0x5
 647 0037 13       		.uleb128 0x13
 648 0038 01       		.byte	0x1
 649 0039 0B       		.uleb128 0xb
 650 003a 0B       		.uleb128 0xb
 651 003b 3A       		.uleb128 0x3a
 652 003c 0B       		.uleb128 0xb
 653 003d 3B       		.uleb128 0x3b
 654 003e 0B       		.uleb128 0xb
 655 003f 01       		.uleb128 0x1
 656 0040 13       		.uleb128 0x13
 657 0041 00       		.byte	0
 658 0042 00       		.byte	0
 659 0043 06       		.uleb128 0x6
 660 0044 0D       		.uleb128 0xd
 661 0045 00       		.byte	0
 662 0046 03       		.uleb128 0x3
 663 0047 0E       		.uleb128 0xe
 664 0048 3A       		.uleb128 0x3a
 665 0049 0B       		.uleb128 0xb
 666 004a 3B       		.uleb128 0x3b
 667 004b 0B       		.uleb128 0xb
 668 004c 49       		.uleb128 0x49
 669 004d 13       		.uleb128 0x13
 670 004e 38       		.uleb128 0x38
 671 004f 0B       		.uleb128 0xb
 672 0050 00       		.byte	0
 673 0051 00       		.byte	0
 674 0052 07       		.uleb128 0x7
 675 0053 0F       		.uleb128 0xf
 676 0054 00       		.byte	0
 677 0055 0B       		.uleb128 0xb
 678 0056 0B       		.uleb128 0xb
 679 0057 49       		.uleb128 0x49
 680 0058 13       		.uleb128 0x13
 681 0059 00       		.byte	0
 682 005a 00       		.byte	0
 683 005b 08       		.uleb128 0x8
 684 005c 26       		.uleb128 0x26
ARM GAS  /var/folders/t8/16hdwfmd2fg_d3q6dgx6bpmw0000gn/T//ccnbEPL0.s 			page 13


 685 005d 00       		.byte	0
 686 005e 49       		.uleb128 0x49
 687 005f 13       		.uleb128 0x13
 688 0060 00       		.byte	0
 689 0061 00       		.byte	0
 690 0062 09       		.uleb128 0x9
 691 0063 34       		.uleb128 0x34
 692 0064 00       		.byte	0
 693 0065 03       		.uleb128 0x3
 694 0066 0E       		.uleb128 0xe
 695 0067 3A       		.uleb128 0x3a
 696 0068 0B       		.uleb128 0xb
 697 0069 3B       		.uleb128 0x3b
 698 006a 0B       		.uleb128 0xb
 699 006b 49       		.uleb128 0x49
 700 006c 13       		.uleb128 0x13
 701 006d 3F       		.uleb128 0x3f
 702 006e 19       		.uleb128 0x19
 703 006f 3C       		.uleb128 0x3c
 704 0070 19       		.uleb128 0x19
 705 0071 00       		.byte	0
 706 0072 00       		.byte	0
 707 0073 0A       		.uleb128 0xa
 708 0074 01       		.uleb128 0x1
 709 0075 01       		.byte	0x1
 710 0076 49       		.uleb128 0x49
 711 0077 13       		.uleb128 0x13
 712 0078 01       		.uleb128 0x1
 713 0079 13       		.uleb128 0x13
 714 007a 00       		.byte	0
 715 007b 00       		.byte	0
 716 007c 0B       		.uleb128 0xb
 717 007d 21       		.uleb128 0x21
 718 007e 00       		.byte	0
 719 007f 49       		.uleb128 0x49
 720 0080 13       		.uleb128 0x13
 721 0081 2F       		.uleb128 0x2f
 722 0082 0B       		.uleb128 0xb
 723 0083 00       		.byte	0
 724 0084 00       		.byte	0
 725 0085 0C       		.uleb128 0xc
 726 0086 34       		.uleb128 0x34
 727 0087 00       		.byte	0
 728 0088 03       		.uleb128 0x3
 729 0089 0E       		.uleb128 0xe
 730 008a 3A       		.uleb128 0x3a
 731 008b 0B       		.uleb128 0xb
 732 008c 3B       		.uleb128 0x3b
 733 008d 0B       		.uleb128 0xb
 734 008e 49       		.uleb128 0x49
 735 008f 13       		.uleb128 0x13
 736 0090 02       		.uleb128 0x2
 737 0091 18       		.uleb128 0x18
 738 0092 00       		.byte	0
 739 0093 00       		.byte	0
 740 0094 0D       		.uleb128 0xd
 741 0095 2E       		.uleb128 0x2e
ARM GAS  /var/folders/t8/16hdwfmd2fg_d3q6dgx6bpmw0000gn/T//ccnbEPL0.s 			page 14


 742 0096 01       		.byte	0x1
 743 0097 3F       		.uleb128 0x3f
 744 0098 19       		.uleb128 0x19
 745 0099 03       		.uleb128 0x3
 746 009a 0E       		.uleb128 0xe
 747 009b 3A       		.uleb128 0x3a
 748 009c 0B       		.uleb128 0xb
 749 009d 3B       		.uleb128 0x3b
 750 009e 0B       		.uleb128 0xb
 751 009f 27       		.uleb128 0x27
 752 00a0 19       		.uleb128 0x19
 753 00a1 11       		.uleb128 0x11
 754 00a2 01       		.uleb128 0x1
 755 00a3 12       		.uleb128 0x12
 756 00a4 06       		.uleb128 0x6
 757 00a5 40       		.uleb128 0x40
 758 00a6 18       		.uleb128 0x18
 759 00a7 9742     		.uleb128 0x2117
 760 00a9 19       		.uleb128 0x19
 761 00aa 01       		.uleb128 0x1
 762 00ab 13       		.uleb128 0x13
 763 00ac 00       		.byte	0
 764 00ad 00       		.byte	0
 765 00ae 0E       		.uleb128 0xe
 766 00af 34       		.uleb128 0x34
 767 00b0 00       		.byte	0
 768 00b1 03       		.uleb128 0x3
 769 00b2 08       		.uleb128 0x8
 770 00b3 3A       		.uleb128 0x3a
 771 00b4 0B       		.uleb128 0xb
 772 00b5 3B       		.uleb128 0x3b
 773 00b6 0B       		.uleb128 0xb
 774 00b7 49       		.uleb128 0x49
 775 00b8 13       		.uleb128 0x13
 776 00b9 02       		.uleb128 0x2
 777 00ba 17       		.uleb128 0x17
 778 00bb 00       		.byte	0
 779 00bc 00       		.byte	0
 780 00bd 0F       		.uleb128 0xf
 781 00be 0B       		.uleb128 0xb
 782 00bf 01       		.byte	0x1
 783 00c0 55       		.uleb128 0x55
 784 00c1 17       		.uleb128 0x17
 785 00c2 00       		.byte	0
 786 00c3 00       		.byte	0
 787 00c4 10       		.uleb128 0x10
 788 00c5 2E       		.uleb128 0x2e
 789 00c6 00       		.byte	0
 790 00c7 3F       		.uleb128 0x3f
 791 00c8 19       		.uleb128 0x19
 792 00c9 03       		.uleb128 0x3
 793 00ca 0E       		.uleb128 0xe
 794 00cb 3A       		.uleb128 0x3a
 795 00cc 0B       		.uleb128 0xb
 796 00cd 3B       		.uleb128 0x3b
 797 00ce 0B       		.uleb128 0xb
 798 00cf 27       		.uleb128 0x27
ARM GAS  /var/folders/t8/16hdwfmd2fg_d3q6dgx6bpmw0000gn/T//ccnbEPL0.s 			page 15


 799 00d0 19       		.uleb128 0x19
 800 00d1 8701     		.uleb128 0x87
 801 00d3 19       		.uleb128 0x19
 802 00d4 11       		.uleb128 0x11
 803 00d5 01       		.uleb128 0x1
 804 00d6 12       		.uleb128 0x12
 805 00d7 06       		.uleb128 0x6
 806 00d8 40       		.uleb128 0x40
 807 00d9 18       		.uleb128 0x18
 808 00da 9742     		.uleb128 0x2117
 809 00dc 19       		.uleb128 0x19
 810 00dd 00       		.byte	0
 811 00de 00       		.byte	0
 812 00df 11       		.uleb128 0x11
 813 00e0 2E       		.uleb128 0x2e
 814 00e1 00       		.byte	0
 815 00e2 3F       		.uleb128 0x3f
 816 00e3 19       		.uleb128 0x19
 817 00e4 03       		.uleb128 0x3
 818 00e5 0E       		.uleb128 0xe
 819 00e6 3A       		.uleb128 0x3a
 820 00e7 0B       		.uleb128 0xb
 821 00e8 3B       		.uleb128 0x3b
 822 00e9 0B       		.uleb128 0xb
 823 00ea 27       		.uleb128 0x27
 824 00eb 19       		.uleb128 0x19
 825 00ec 00       		.byte	0
 826 00ed 00       		.byte	0
 827 00ee 12       		.uleb128 0x12
 828 00ef 2E       		.uleb128 0x2e
 829 00f0 00       		.byte	0
 830 00f1 3F       		.uleb128 0x3f
 831 00f2 19       		.uleb128 0x19
 832 00f3 03       		.uleb128 0x3
 833 00f4 0E       		.uleb128 0xe
 834 00f5 3A       		.uleb128 0x3a
 835 00f6 0B       		.uleb128 0xb
 836 00f7 3B       		.uleb128 0x3b
 837 00f8 0B       		.uleb128 0xb
 838 00f9 27       		.uleb128 0x27
 839 00fa 19       		.uleb128 0x19
 840 00fb 20       		.uleb128 0x20
 841 00fc 0B       		.uleb128 0xb
 842 00fd 00       		.byte	0
 843 00fe 00       		.byte	0
 844 00ff 13       		.uleb128 0x13
 845 0100 2E       		.uleb128 0x2e
 846 0101 00       		.byte	0
 847 0102 31       		.uleb128 0x31
 848 0103 13       		.uleb128 0x13
 849 0104 11       		.uleb128 0x11
 850 0105 01       		.uleb128 0x1
 851 0106 12       		.uleb128 0x12
 852 0107 06       		.uleb128 0x6
 853 0108 40       		.uleb128 0x40
 854 0109 18       		.uleb128 0x18
 855 010a 9742     		.uleb128 0x2117
ARM GAS  /var/folders/t8/16hdwfmd2fg_d3q6dgx6bpmw0000gn/T//ccnbEPL0.s 			page 16


 856 010c 19       		.uleb128 0x19
 857 010d 00       		.byte	0
 858 010e 00       		.byte	0
 859 010f 00       		.byte	0
 860              		.section	.debug_loc,"",%progbits
 861              	.Ldebug_loc0:
 862              	.LLST0:
 863 0000 00000000 		.4byte	.LVL0
 864 0004 14000000 		.4byte	.LVL1
 865 0008 0600     		.2byte	0x6
 866 000a 03       		.byte	0x3
 867 000b 00000000 		.4byte	ram_areas
 868 000f 9F       		.byte	0x9f
 869 0010 14000000 		.4byte	.LVL1
 870 0014 48000000 		.4byte	.LVL12
 871 0018 0100     		.2byte	0x1
 872 001a 56       		.byte	0x56
 873 001b 00000000 		.4byte	0
 874 001f 00000000 		.4byte	0
 875              	.LLST1:
 876 0023 14000000 		.4byte	.LVL1
 877 0027 1A000000 		.4byte	.LVL2
 878 002b 0200     		.2byte	0x2
 879 002d 76       		.byte	0x76
 880 002e 00       		.sleb128 0
 881 002f 1A000000 		.4byte	.LVL2
 882 0033 1C000000 		.4byte	.LVL3
 883 0037 0100     		.2byte	0x1
 884 0039 51       		.byte	0x51
 885 003a 1C000000 		.4byte	.LVL3
 886 003e 1E000000 		.4byte	.LVL4
 887 0042 0300     		.2byte	0x3
 888 0044 71       		.byte	0x71
 889 0045 7C       		.sleb128 -4
 890 0046 9F       		.byte	0x9f
 891 0047 1E000000 		.4byte	.LVL4
 892 004b 32000000 		.4byte	.LVL7
 893 004f 0100     		.2byte	0x1
 894 0051 51       		.byte	0x51
 895 0052 00000000 		.4byte	0
 896 0056 00000000 		.4byte	0
 897              	.LLST2:
 898 005a 14000000 		.4byte	.LVL1
 899 005e 1A000000 		.4byte	.LVL2
 900 0062 0200     		.2byte	0x2
 901 0064 76       		.byte	0x76
 902 0065 04       		.sleb128 4
 903 0066 1A000000 		.4byte	.LVL2
 904 006a 24000000 		.4byte	.LVL5
 905 006e 0100     		.2byte	0x1
 906 0070 52       		.byte	0x52
 907 0071 2E000000 		.4byte	.LVL6
 908 0075 42000000 		.4byte	.LVL10
 909 0079 0100     		.2byte	0x1
 910 007b 53       		.byte	0x53
 911 007c 48000000 		.4byte	.LVL11
 912 0080 60000000 		.4byte	.LFE38
ARM GAS  /var/folders/t8/16hdwfmd2fg_d3q6dgx6bpmw0000gn/T//ccnbEPL0.s 			page 17


 913 0084 0100     		.2byte	0x1
 914 0086 53       		.byte	0x53
 915 0087 00000000 		.4byte	0
 916 008b 00000000 		.4byte	0
 917              		.section	.debug_aranges,"",%progbits
 918 0000 2C000000 		.4byte	0x2c
 919 0004 0200     		.2byte	0x2
 920 0006 00000000 		.4byte	.Ldebug_info0
 921 000a 04       		.byte	0x4
 922 000b 00       		.byte	0
 923 000c 0000     		.2byte	0
 924 000e 0000     		.2byte	0
 925 0010 00000000 		.4byte	.LFB34
 926 0014 02000000 		.4byte	.LFE34-.LFB34
 927 0018 00000000 		.4byte	.LFB37
 928 001c 02000000 		.4byte	.LFE37-.LFB37
 929 0020 00000000 		.4byte	.LFB38
 930 0024 60000000 		.4byte	.LFE38-.LFB38
 931 0028 00000000 		.4byte	0
 932 002c 00000000 		.4byte	0
 933              		.section	.debug_ranges,"",%progbits
 934              	.Ldebug_ranges0:
 935 0000 06000000 		.4byte	.LBB2
 936 0004 08000000 		.4byte	.LBE2
 937 0008 14000000 		.4byte	.LBB3
 938 000c 3A000000 		.4byte	.LBE3
 939 0010 00000000 		.4byte	0
 940 0014 00000000 		.4byte	0
 941 0018 00000000 		.4byte	.LFB34
 942 001c 02000000 		.4byte	.LFE34
 943 0020 00000000 		.4byte	.LFB37
 944 0024 02000000 		.4byte	.LFE37
 945 0028 00000000 		.4byte	.LFB38
 946 002c 60000000 		.4byte	.LFE38
 947 0030 00000000 		.4byte	0
 948 0034 00000000 		.4byte	0
 949              		.section	.debug_line,"",%progbits
 950              	.Ldebug_line0:
 951 0000 B9010000 		.section	.debug_str,"MS",%progbits,1
 951      02006F01 
 951      00000201 
 951      FB0E0D00 
 951      01010101 
 952              	.LASF54:
 953 0000 5F5F696E 		.ascii	"__init_ram_areas\000"
 953      69745F72 
 953      616D5F61 
 953      72656173 
 953      00
 954              	.LASF25:
 955 0011 5F5F7261 		.ascii	"__ram2_init__\000"
 955      6D325F69 
 955      6E69745F 
 955      5F00
 956              	.LASF45:
 957 001f 5F5F7261 		.ascii	"__ram7_init__\000"
 957      6D375F69 
ARM GAS  /var/folders/t8/16hdwfmd2fg_d3q6dgx6bpmw0000gn/T//ccnbEPL0.s 			page 18


 957      6E69745F 
 957      5F00
 958              	.LASF19:
 959 002d 5F5F7261 		.ascii	"__ram0_noinit__\000"
 959      6D305F6E 
 959      6F696E69 
 959      745F5F00 
 960              	.LASF56:
 961 003d 5F5F636F 		.ascii	"__core_init\000"
 961      72655F69 
 961      6E697400 
 962              	.LASF47:
 963 0049 5F5F7261 		.ascii	"__ram7_noinit__\000"
 963      6D375F6E 
 963      6F696E69 
 963      745F5F00 
 964              	.LASF12:
 965 0059 696E6974 		.ascii	"init_area\000"
 965      5F617265 
 965      6100
 966              	.LASF48:
 967 0063 72616D5F 		.ascii	"ram_areas\000"
 967      61726561 
 967      7300
 968              	.LASF16:
 969 006d 5F5F7261 		.ascii	"__ram0_init_text__\000"
 969      6D305F69 
 969      6E69745F 
 969      74657874 
 969      5F5F00
 970              	.LASF3:
 971 0080 73686F72 		.ascii	"short unsigned int\000"
 971      7420756E 
 971      7369676E 
 971      65642069 
 971      6E7400
 972              	.LASF52:
 973 0093 2E2E2F2E 		.ascii	"../../tmk_core/tool/chibios/ChibiOS/os/common/start"
 973      2E2F746D 
 973      6B5F636F 
 973      72652F74 
 973      6F6F6C2F 
 974 00c6 75702F41 		.ascii	"up/ARMCMx/compilers/GCC/crt1.c\000"
 974      524D434D 
 974      782F636F 
 974      6D70696C 
 974      6572732F 
 975              	.LASF30:
 976 00e5 5F5F7261 		.ascii	"__ram3_clear__\000"
 976      6D335F63 
 976      6C656172 
 976      5F5F00
 977              	.LASF21:
 978 00f4 5F5F7261 		.ascii	"__ram1_init__\000"
 978      6D315F69 
 978      6E69745F 
 978      5F00
ARM GAS  /var/folders/t8/16hdwfmd2fg_d3q6dgx6bpmw0000gn/T//ccnbEPL0.s 			page 19


 979              	.LASF41:
 980 0102 5F5F7261 		.ascii	"__ram6_init__\000"
 980      6D365F69 
 980      6E69745F 
 980      5F00
 981              	.LASF40:
 982 0110 5F5F7261 		.ascii	"__ram6_init_text__\000"
 982      6D365F69 
 982      6E69745F 
 982      74657874 
 982      5F5F00
 983              	.LASF43:
 984 0123 5F5F7261 		.ascii	"__ram6_noinit__\000"
 984      6D365F6E 
 984      6F696E69 
 984      745F5F00 
 985              	.LASF28:
 986 0133 5F5F7261 		.ascii	"__ram3_init_text__\000"
 986      6D335F69 
 986      6E69745F 
 986      74657874 
 986      5F5F00
 987              	.LASF13:
 988 0146 636C6561 		.ascii	"clear_area\000"
 988      725F6172 
 988      656100
 989              	.LASF49:
 990 0151 5F5F6C61 		.ascii	"__late_init\000"
 990      74655F69 
 990      6E697400 
 991              	.LASF42:
 992 015d 5F5F7261 		.ascii	"__ram6_clear__\000"
 992      6D365F63 
 992      6C656172 
 992      5F5F00
 993              	.LASF5:
 994 016c 6C6F6E67 		.ascii	"long unsigned int\000"
 994      20756E73 
 994      69676E65 
 994      6420696E 
 994      7400
 995              	.LASF17:
 996 017e 5F5F7261 		.ascii	"__ram0_init__\000"
 996      6D305F69 
 996      6E69745F 
 996      5F00
 997              	.LASF37:
 998 018c 5F5F7261 		.ascii	"__ram5_init__\000"
 998      6D355F69 
 998      6E69745F 
 998      5F00
 999              	.LASF22:
 1000 019a 5F5F7261 		.ascii	"__ram1_clear__\000"
 1000      6D315F63 
 1000      6C656172 
 1000      5F5F00
 1001              	.LASF39:
ARM GAS  /var/folders/t8/16hdwfmd2fg_d3q6dgx6bpmw0000gn/T//ccnbEPL0.s 			page 20


 1002 01a9 5F5F7261 		.ascii	"__ram5_noinit__\000"
 1002      6D355F6E 
 1002      6F696E69 
 1002      745F5F00 
 1003              	.LASF29:
 1004 01b9 5F5F7261 		.ascii	"__ram3_init__\000"
 1004      6D335F69 
 1004      6E69745F 
 1004      5F00
 1005              	.LASF1:
 1006 01c7 756E7369 		.ascii	"unsigned char\000"
 1006      676E6564 
 1006      20636861 
 1006      7200
 1007              	.LASF55:
 1008 01d5 5F5F6465 		.ascii	"__default_exit\000"
 1008      6661756C 
 1008      745F6578 
 1008      697400
 1009              	.LASF24:
 1010 01e4 5F5F7261 		.ascii	"__ram2_init_text__\000"
 1010      6D325F69 
 1010      6E69745F 
 1010      74657874 
 1010      5F5F00
 1011              	.LASF9:
 1012 01f7 5F5F7569 		.ascii	"__uint32_t\000"
 1012      6E743332 
 1012      5F7400
 1013              	.LASF51:
 1014 0202 474E5520 		.ascii	"GNU C99 7.2.1 20170904 (release) [ARM/embedded-7-br"
 1014      43393920 
 1014      372E322E 
 1014      31203230 
 1014      31373039 
 1015 0235 616E6368 		.ascii	"anch revision 255204] -mcpu=cortex-m0plus -mno-thum"
 1015      20726576 
 1015      6973696F 
 1015      6E203235 
 1015      35323034 
 1016 0268 622D696E 		.ascii	"b-interwork -mthumb -ggdb -O2 -std=gnu99 -fomit-fra"
 1016      74657277 
 1016      6F726B20 
 1016      2D6D7468 
 1016      756D6220 
 1017 029b 6D652D70 		.ascii	"me-pointer -falign-functions=16 -ffunction-sections"
 1017      6F696E74 
 1017      6572202D 
 1017      66616C69 
 1017      676E2D66 
 1018 02ce 202D6664 		.ascii	" -fdata-sections -fno-common\000"
 1018      6174612D 
 1018      73656374 
 1018      696F6E73 
 1018      202D666E 
 1019              	.LASF36:
 1020 02eb 5F5F7261 		.ascii	"__ram5_init_text__\000"
ARM GAS  /var/folders/t8/16hdwfmd2fg_d3q6dgx6bpmw0000gn/T//ccnbEPL0.s 			page 21


 1020      6D355F69 
 1020      6E69745F 
 1020      74657874 
 1020      5F5F00
 1021              	.LASF46:
 1022 02fe 5F5F7261 		.ascii	"__ram7_clear__\000"
 1022      6D375F63 
 1022      6C656172 
 1022      5F5F00
 1023              	.LASF33:
 1024 030d 5F5F7261 		.ascii	"__ram4_init__\000"
 1024      6D345F69 
 1024      6E69745F 
 1024      5F00
 1025              	.LASF34:
 1026 031b 5F5F7261 		.ascii	"__ram4_clear__\000"
 1026      6D345F63 
 1026      6C656172 
 1026      5F5F00
 1027              	.LASF35:
 1028 032a 5F5F7261 		.ascii	"__ram4_noinit__\000"
 1028      6D345F6E 
 1028      6F696E69 
 1028      745F5F00 
 1029              	.LASF8:
 1030 033a 756E7369 		.ascii	"unsigned int\000"
 1030      676E6564 
 1030      20696E74 
 1030      00
 1031              	.LASF7:
 1032 0347 6C6F6E67 		.ascii	"long long unsigned int\000"
 1032      206C6F6E 
 1032      6720756E 
 1032      7369676E 
 1032      65642069 
 1033              	.LASF15:
 1034 035e 72616D5F 		.ascii	"ram_init_area_t\000"
 1034      696E6974 
 1034      5F617265 
 1034      615F7400 
 1035              	.LASF44:
 1036 036e 5F5F7261 		.ascii	"__ram7_init_text__\000"
 1036      6D375F69 
 1036      6E69745F 
 1036      74657874 
 1036      5F5F00
 1037              	.LASF50:
 1038 0381 5F5F6561 		.ascii	"__early_init\000"
 1038      726C795F 
 1038      696E6974 
 1038      00
 1039              	.LASF14:
 1040 038e 6E6F5F69 		.ascii	"no_init_area\000"
 1040      6E69745F 
 1040      61726561 
 1040      00
 1041              	.LASF31:
ARM GAS  /var/folders/t8/16hdwfmd2fg_d3q6dgx6bpmw0000gn/T//ccnbEPL0.s 			page 22


 1042 039b 5F5F7261 		.ascii	"__ram3_noinit__\000"
 1042      6D335F6E 
 1042      6F696E69 
 1042      745F5F00 
 1043              	.LASF6:
 1044 03ab 6C6F6E67 		.ascii	"long long int\000"
 1044      206C6F6E 
 1044      6720696E 
 1044      7400
 1045              	.LASF27:
 1046 03b9 5F5F7261 		.ascii	"__ram2_noinit__\000"
 1046      6D325F6E 
 1046      6F696E69 
 1046      745F5F00 
 1047              	.LASF20:
 1048 03c9 5F5F7261 		.ascii	"__ram1_init_text__\000"
 1048      6D315F69 
 1048      6E69745F 
 1048      74657874 
 1048      5F5F00
 1049              	.LASF26:
 1050 03dc 5F5F7261 		.ascii	"__ram2_clear__\000"
 1050      6D325F63 
 1050      6C656172 
 1050      5F5F00
 1051              	.LASF32:
 1052 03eb 5F5F7261 		.ascii	"__ram4_init_text__\000"
 1052      6D345F69 
 1052      6E69745F 
 1052      74657874 
 1052      5F5F00
 1053              	.LASF2:
 1054 03fe 73686F72 		.ascii	"short int\000"
 1054      7420696E 
 1054      7400
 1055              	.LASF11:
 1056 0408 696E6974 		.ascii	"init_text_area\000"
 1056      5F746578 
 1056      745F6172 
 1056      656100
 1057              	.LASF18:
 1058 0417 5F5F7261 		.ascii	"__ram0_clear__\000"
 1058      6D305F63 
 1058      6C656172 
 1058      5F5F00
 1059              	.LASF10:
 1060 0426 75696E74 		.ascii	"uint32_t\000"
 1060      33325F74 
 1060      00
 1061              	.LASF4:
 1062 042f 6C6F6E67 		.ascii	"long int\000"
 1062      20696E74 
 1062      00
 1063              	.LASF23:
 1064 0438 5F5F7261 		.ascii	"__ram1_noinit__\000"
 1064      6D315F6E 
 1064      6F696E69 
ARM GAS  /var/folders/t8/16hdwfmd2fg_d3q6dgx6bpmw0000gn/T//ccnbEPL0.s 			page 23


 1064      745F5F00 
 1065              	.LASF0:
 1066 0448 7369676E 		.ascii	"signed char\000"
 1066      65642063 
 1066      68617200 
 1067              	.LASF38:
 1068 0454 5F5F7261 		.ascii	"__ram5_clear__\000"
 1068      6D355F63 
 1068      6C656172 
 1068      5F5F00
 1069              	.LASF53:
 1070 0463 2F557365 		.ascii	"/Users/jpablobr/tmp/tmk/di0ib-tmk_keyboard/keyboard"
 1070      72732F6A 
 1070      7061626C 
 1070      6F62722F 
 1070      746D702F 
 1071 0496 2F746565 		.ascii	"/teensy_lc_menelaus\000"
 1071      6E73795F 
 1071      6C635F6D 
 1071      656E656C 
 1071      61757300 
 1072              		.ident	"GCC: (GNU Tools for Arm Embedded Processors 7-2017-q4-major) 7.2.1 20170904 (release) [ARM
ARM GAS  /var/folders/t8/16hdwfmd2fg_d3q6dgx6bpmw0000gn/T//ccnbEPL0.s 			page 24


DEFINED SYMBOLS
                            *ABS*:0000000000000000 crt1.c
/var/folders/t8/16hdwfmd2fg_d3q6dgx6bpmw0000gn/T//ccnbEPL0.s:16     .text.__core_init:0000000000000000 $t
/var/folders/t8/16hdwfmd2fg_d3q6dgx6bpmw0000gn/T//ccnbEPL0.s:24     .text.__core_init:0000000000000000 __core_init
/var/folders/t8/16hdwfmd2fg_d3q6dgx6bpmw0000gn/T//ccnbEPL0.s:39     .text.__early_init:0000000000000000 $t
/var/folders/t8/16hdwfmd2fg_d3q6dgx6bpmw0000gn/T//ccnbEPL0.s:47     .text.__early_init:0000000000000000 __early_init
/var/folders/t8/16hdwfmd2fg_d3q6dgx6bpmw0000gn/T//ccnbEPL0.s:59     .text.__late_init:0000000000000000 $t
/var/folders/t8/16hdwfmd2fg_d3q6dgx6bpmw0000gn/T//ccnbEPL0.s:67     .text.__late_init:0000000000000000 __late_init
/var/folders/t8/16hdwfmd2fg_d3q6dgx6bpmw0000gn/T//ccnbEPL0.s:79     .text.__default_exit:0000000000000000 $t
/var/folders/t8/16hdwfmd2fg_d3q6dgx6bpmw0000gn/T//ccnbEPL0.s:87     .text.__default_exit:0000000000000000 __default_exit
/var/folders/t8/16hdwfmd2fg_d3q6dgx6bpmw0000gn/T//ccnbEPL0.s:101    .text.__init_ram_areas:0000000000000000 $t
/var/folders/t8/16hdwfmd2fg_d3q6dgx6bpmw0000gn/T//ccnbEPL0.s:109    .text.__init_ram_areas:0000000000000000 __init_ram_areas
/var/folders/t8/16hdwfmd2fg_d3q6dgx6bpmw0000gn/T//ccnbEPL0.s:198    .text.__init_ram_areas:000000000000004c $d
/var/folders/t8/16hdwfmd2fg_d3q6dgx6bpmw0000gn/T//ccnbEPL0.s:210    .rodata.ram_areas:0000000000000000 ram_areas
/var/folders/t8/16hdwfmd2fg_d3q6dgx6bpmw0000gn/T//ccnbEPL0.s:207    .rodata.ram_areas:0000000000000000 $d

UNDEFINED SYMBOLS
__ram0_noinit__
__ram0_clear__
__ram0_init__
__ram0_init_text__
__ram1_init_text__
__ram1_init__
__ram1_clear__
__ram1_noinit__
__ram2_init_text__
__ram2_init__
__ram2_clear__
__ram2_noinit__
__ram3_init_text__
__ram3_init__
__ram3_clear__
__ram3_noinit__
__ram4_init_text__
__ram4_init__
__ram4_clear__
__ram4_noinit__
__ram5_init_text__
__ram5_init__
__ram5_clear__
__ram5_noinit__
__ram6_init_text__
__ram6_init__
__ram6_clear__
__ram6_noinit__
__ram7_init_text__
__ram7_init__
__ram7_clear__
__ram7_noinit__
