ARM GAS  /var/folders/t8/16hdwfmd2fg_d3q6dgx6bpmw0000gn/T//ccauhtfL.s 			page 1


   1              		.cpu cortex-m0plus
   2              		.eabi_attribute 20, 1
   3              		.eabi_attribute 21, 1
   4              		.eabi_attribute 23, 3
   5              		.eabi_attribute 24, 1
   6              		.eabi_attribute 25, 1
   7              		.eabi_attribute 26, 1
   8              		.eabi_attribute 30, 2
   9              		.eabi_attribute 34, 0
  10              		.eabi_attribute 18, 4
  11              		.file	"debug.c"
  12              		.text
  13              	.Ltext0:
  14              		.cfi_sections	.debug_frame
  15              		.global	debug_config
  16              		.section	.bss.debug_config,"aw",%nobits
  17              		.align	2
  18              		.type	debug_config, %object
  19              		.size	debug_config, 1
  20              	debug_config:
  21 0000 00       		.space	1
  22              		.text
  23              	.Letext0:
  24              		.file 1 "/usr/local/Caskroom/gcc-arm-embedded/7-2017-q4-major/gcc-arm-none-eabi-7-2017-q4-major/ar
  25              		.file 2 "/usr/local/Caskroom/gcc-arm-embedded/7-2017-q4-major/gcc-arm-none-eabi-7-2017-q4-major/ar
  26              		.file 3 "../../tmk_core/common/debug.h"
  27              		.file 4 "../../tmk_core/common/debug.c"
  28              		.section	.debug_info,"",%progbits
  29              	.Ldebug_info0:
  30 0000 0D010000 		.4byte	0x10d
  31 0004 0400     		.2byte	0x4
  32 0006 00000000 		.4byte	.Ldebug_abbrev0
  33 000a 04       		.byte	0x4
  34 000b 01       		.uleb128 0x1
  35 000c A7000000 		.4byte	.LASF18
  36 0010 0C       		.byte	0xc
  37 0011 E9010000 		.4byte	.LASF19
  38 0015 19000000 		.4byte	.LASF20
  39 0019 00000000 		.4byte	.Ldebug_line0
  40 001d 02       		.uleb128 0x2
  41 001e 01       		.byte	0x1
  42 001f 06       		.byte	0x6
  43 0020 1A020000 		.4byte	.LASF0
  44 0024 03       		.uleb128 0x3
  45 0025 00000000 		.4byte	.LASF9
  46 0029 01       		.byte	0x1
  47 002a 2B       		.byte	0x2b
  48 002b 2F000000 		.4byte	0x2f
  49 002f 02       		.uleb128 0x2
  50 0030 01       		.byte	0x1
  51 0031 08       		.byte	0x8
  52 0032 74000000 		.4byte	.LASF1
  53 0036 02       		.uleb128 0x2
  54 0037 02       		.byte	0x2
  55 0038 05       		.byte	0x5
  56 0039 07020000 		.4byte	.LASF2
  57 003d 02       		.uleb128 0x2
ARM GAS  /var/folders/t8/16hdwfmd2fg_d3q6dgx6bpmw0000gn/T//ccauhtfL.s 			page 2


  58 003e 02       		.byte	0x2
  59 003f 07       		.byte	0x7
  60 0040 94000000 		.4byte	.LASF3
  61 0044 02       		.uleb128 0x2
  62 0045 04       		.byte	0x4
  63 0046 05       		.byte	0x5
  64 0047 11020000 		.4byte	.LASF4
  65 004b 02       		.uleb128 0x2
  66 004c 04       		.byte	0x4
  67 004d 07       		.byte	0x7
  68 004e 82000000 		.4byte	.LASF5
  69 0052 02       		.uleb128 0x2
  70 0053 08       		.byte	0x8
  71 0054 05       		.byte	0x5
  72 0055 C5010000 		.4byte	.LASF6
  73 0059 02       		.uleb128 0x2
  74 005a 08       		.byte	0x8
  75 005b 07       		.byte	0x7
  76 005c A6010000 		.4byte	.LASF7
  77 0060 04       		.uleb128 0x4
  78 0061 04       		.byte	0x4
  79 0062 05       		.byte	0x5
  80 0063 696E7400 		.ascii	"int\000"
  81 0067 02       		.uleb128 0x2
  82 0068 04       		.byte	0x4
  83 0069 07       		.byte	0x7
  84 006a 99010000 		.4byte	.LASF8
  85 006e 03       		.uleb128 0x3
  86 006f BD010000 		.4byte	.LASF10
  87 0073 02       		.byte	0x2
  88 0074 18       		.byte	0x18
  89 0075 24000000 		.4byte	0x24
  90 0079 05       		.uleb128 0x5
  91 007a 01       		.byte	0x1
  92 007b 03       		.byte	0x3
  93 007c 21       		.byte	0x21
  94 007d CD000000 		.4byte	0xcd
  95 0081 06       		.uleb128 0x6
  96 0082 60000000 		.4byte	.LASF11
  97 0086 03       		.byte	0x3
  98 0087 22       		.byte	0x22
  99 0088 CD000000 		.4byte	0xcd
 100 008c 01       		.byte	0x1
 101 008d 01       		.byte	0x1
 102 008e 07       		.byte	0x7
 103 008f 00       		.byte	0
 104 0090 06       		.uleb128 0x6
 105 0091 E2010000 		.4byte	.LASF12
 106 0095 03       		.byte	0x3
 107 0096 23       		.byte	0x23
 108 0097 CD000000 		.4byte	0xcd
 109 009b 01       		.byte	0x1
 110 009c 01       		.byte	0x1
 111 009d 06       		.byte	0x6
 112 009e 00       		.byte	0
 113 009f 06       		.uleb128 0x6
 114 00a0 90010000 		.4byte	.LASF13
ARM GAS  /var/folders/t8/16hdwfmd2fg_d3q6dgx6bpmw0000gn/T//ccauhtfL.s 			page 3


 115 00a4 03       		.byte	0x3
 116 00a5 24       		.byte	0x24
 117 00a6 CD000000 		.4byte	0xcd
 118 00aa 01       		.byte	0x1
 119 00ab 01       		.byte	0x1
 120 00ac 05       		.byte	0x5
 121 00ad 00       		.byte	0
 122 00ae 06       		.uleb128 0x6
 123 00af 0A000000 		.4byte	.LASF14
 124 00b3 03       		.byte	0x3
 125 00b4 25       		.byte	0x25
 126 00b5 CD000000 		.4byte	0xcd
 127 00b9 01       		.byte	0x1
 128 00ba 01       		.byte	0x1
 129 00bb 04       		.byte	0x4
 130 00bc 00       		.byte	0
 131 00bd 06       		.uleb128 0x6
 132 00be 10000000 		.4byte	.LASF15
 133 00c2 03       		.byte	0x3
 134 00c3 26       		.byte	0x26
 135 00c4 6E000000 		.4byte	0x6e
 136 00c8 01       		.byte	0x1
 137 00c9 04       		.byte	0x4
 138 00ca 00       		.byte	0
 139 00cb 00       		.byte	0
 140 00cc 00       		.byte	0
 141 00cd 02       		.uleb128 0x2
 142 00ce 01       		.byte	0x1
 143 00cf 02       		.byte	0x2
 144 00d0 26020000 		.4byte	.LASF16
 145 00d4 07       		.uleb128 0x7
 146 00d5 01       		.byte	0x1
 147 00d6 03       		.byte	0x3
 148 00d7 20       		.byte	0x20
 149 00d8 ED000000 		.4byte	0xed
 150 00dc 08       		.uleb128 0x8
 151 00dd 79000000 		.4byte	0x79
 152 00e1 09       		.uleb128 0x9
 153 00e2 72617700 		.ascii	"raw\000"
 154 00e6 03       		.byte	0x3
 155 00e7 28       		.byte	0x28
 156 00e8 6E000000 		.4byte	0x6e
 157 00ec 00       		.byte	0
 158 00ed 03       		.uleb128 0x3
 159 00ee D3010000 		.4byte	.LASF17
 160 00f2 03       		.byte	0x3
 161 00f3 29       		.byte	0x29
 162 00f4 D4000000 		.4byte	0xd4
 163 00f8 0A       		.uleb128 0xa
 164 00f9 67000000 		.4byte	.LASF21
 165 00fd 03       		.byte	0x3
 166 00fe 2B       		.byte	0x2b
 167 00ff ED000000 		.4byte	0xed
 168 0103 0B       		.uleb128 0xb
 169 0104 F8000000 		.4byte	0xf8
 170 0108 04       		.byte	0x4
 171 0109 06       		.byte	0x6
ARM GAS  /var/folders/t8/16hdwfmd2fg_d3q6dgx6bpmw0000gn/T//ccauhtfL.s 			page 4


 172 010a 05       		.uleb128 0x5
 173 010b 03       		.byte	0x3
 174 010c 00000000 		.4byte	debug_config
 175 0110 00       		.byte	0
 176              		.section	.debug_abbrev,"",%progbits
 177              	.Ldebug_abbrev0:
 178 0000 01       		.uleb128 0x1
 179 0001 11       		.uleb128 0x11
 180 0002 01       		.byte	0x1
 181 0003 25       		.uleb128 0x25
 182 0004 0E       		.uleb128 0xe
 183 0005 13       		.uleb128 0x13
 184 0006 0B       		.uleb128 0xb
 185 0007 03       		.uleb128 0x3
 186 0008 0E       		.uleb128 0xe
 187 0009 1B       		.uleb128 0x1b
 188 000a 0E       		.uleb128 0xe
 189 000b 10       		.uleb128 0x10
 190 000c 17       		.uleb128 0x17
 191 000d 00       		.byte	0
 192 000e 00       		.byte	0
 193 000f 02       		.uleb128 0x2
 194 0010 24       		.uleb128 0x24
 195 0011 00       		.byte	0
 196 0012 0B       		.uleb128 0xb
 197 0013 0B       		.uleb128 0xb
 198 0014 3E       		.uleb128 0x3e
 199 0015 0B       		.uleb128 0xb
 200 0016 03       		.uleb128 0x3
 201 0017 0E       		.uleb128 0xe
 202 0018 00       		.byte	0
 203 0019 00       		.byte	0
 204 001a 03       		.uleb128 0x3
 205 001b 16       		.uleb128 0x16
 206 001c 00       		.byte	0
 207 001d 03       		.uleb128 0x3
 208 001e 0E       		.uleb128 0xe
 209 001f 3A       		.uleb128 0x3a
 210 0020 0B       		.uleb128 0xb
 211 0021 3B       		.uleb128 0x3b
 212 0022 0B       		.uleb128 0xb
 213 0023 49       		.uleb128 0x49
 214 0024 13       		.uleb128 0x13
 215 0025 00       		.byte	0
 216 0026 00       		.byte	0
 217 0027 04       		.uleb128 0x4
 218 0028 24       		.uleb128 0x24
 219 0029 00       		.byte	0
 220 002a 0B       		.uleb128 0xb
 221 002b 0B       		.uleb128 0xb
 222 002c 3E       		.uleb128 0x3e
 223 002d 0B       		.uleb128 0xb
 224 002e 03       		.uleb128 0x3
 225 002f 08       		.uleb128 0x8
 226 0030 00       		.byte	0
 227 0031 00       		.byte	0
 228 0032 05       		.uleb128 0x5
ARM GAS  /var/folders/t8/16hdwfmd2fg_d3q6dgx6bpmw0000gn/T//ccauhtfL.s 			page 5


 229 0033 13       		.uleb128 0x13
 230 0034 01       		.byte	0x1
 231 0035 0B       		.uleb128 0xb
 232 0036 0B       		.uleb128 0xb
 233 0037 3A       		.uleb128 0x3a
 234 0038 0B       		.uleb128 0xb
 235 0039 3B       		.uleb128 0x3b
 236 003a 0B       		.uleb128 0xb
 237 003b 01       		.uleb128 0x1
 238 003c 13       		.uleb128 0x13
 239 003d 00       		.byte	0
 240 003e 00       		.byte	0
 241 003f 06       		.uleb128 0x6
 242 0040 0D       		.uleb128 0xd
 243 0041 00       		.byte	0
 244 0042 03       		.uleb128 0x3
 245 0043 0E       		.uleb128 0xe
 246 0044 3A       		.uleb128 0x3a
 247 0045 0B       		.uleb128 0xb
 248 0046 3B       		.uleb128 0x3b
 249 0047 0B       		.uleb128 0xb
 250 0048 49       		.uleb128 0x49
 251 0049 13       		.uleb128 0x13
 252 004a 0B       		.uleb128 0xb
 253 004b 0B       		.uleb128 0xb
 254 004c 0D       		.uleb128 0xd
 255 004d 0B       		.uleb128 0xb
 256 004e 0C       		.uleb128 0xc
 257 004f 0B       		.uleb128 0xb
 258 0050 38       		.uleb128 0x38
 259 0051 0B       		.uleb128 0xb
 260 0052 00       		.byte	0
 261 0053 00       		.byte	0
 262 0054 07       		.uleb128 0x7
 263 0055 17       		.uleb128 0x17
 264 0056 01       		.byte	0x1
 265 0057 0B       		.uleb128 0xb
 266 0058 0B       		.uleb128 0xb
 267 0059 3A       		.uleb128 0x3a
 268 005a 0B       		.uleb128 0xb
 269 005b 3B       		.uleb128 0x3b
 270 005c 0B       		.uleb128 0xb
 271 005d 01       		.uleb128 0x1
 272 005e 13       		.uleb128 0x13
 273 005f 00       		.byte	0
 274 0060 00       		.byte	0
 275 0061 08       		.uleb128 0x8
 276 0062 0D       		.uleb128 0xd
 277 0063 00       		.byte	0
 278 0064 49       		.uleb128 0x49
 279 0065 13       		.uleb128 0x13
 280 0066 00       		.byte	0
 281 0067 00       		.byte	0
 282 0068 09       		.uleb128 0x9
 283 0069 0D       		.uleb128 0xd
 284 006a 00       		.byte	0
 285 006b 03       		.uleb128 0x3
ARM GAS  /var/folders/t8/16hdwfmd2fg_d3q6dgx6bpmw0000gn/T//ccauhtfL.s 			page 6


 286 006c 08       		.uleb128 0x8
 287 006d 3A       		.uleb128 0x3a
 288 006e 0B       		.uleb128 0xb
 289 006f 3B       		.uleb128 0x3b
 290 0070 0B       		.uleb128 0xb
 291 0071 49       		.uleb128 0x49
 292 0072 13       		.uleb128 0x13
 293 0073 00       		.byte	0
 294 0074 00       		.byte	0
 295 0075 0A       		.uleb128 0xa
 296 0076 34       		.uleb128 0x34
 297 0077 00       		.byte	0
 298 0078 03       		.uleb128 0x3
 299 0079 0E       		.uleb128 0xe
 300 007a 3A       		.uleb128 0x3a
 301 007b 0B       		.uleb128 0xb
 302 007c 3B       		.uleb128 0x3b
 303 007d 0B       		.uleb128 0xb
 304 007e 49       		.uleb128 0x49
 305 007f 13       		.uleb128 0x13
 306 0080 3F       		.uleb128 0x3f
 307 0081 19       		.uleb128 0x19
 308 0082 3C       		.uleb128 0x3c
 309 0083 19       		.uleb128 0x19
 310 0084 00       		.byte	0
 311 0085 00       		.byte	0
 312 0086 0B       		.uleb128 0xb
 313 0087 34       		.uleb128 0x34
 314 0088 00       		.byte	0
 315 0089 47       		.uleb128 0x47
 316 008a 13       		.uleb128 0x13
 317 008b 3A       		.uleb128 0x3a
 318 008c 0B       		.uleb128 0xb
 319 008d 3B       		.uleb128 0x3b
 320 008e 0B       		.uleb128 0xb
 321 008f 02       		.uleb128 0x2
 322 0090 18       		.uleb128 0x18
 323 0091 00       		.byte	0
 324 0092 00       		.byte	0
 325 0093 00       		.byte	0
 326              		.section	.debug_aranges,"",%progbits
 327 0000 14000000 		.4byte	0x14
 328 0004 0200     		.2byte	0x2
 329 0006 00000000 		.4byte	.Ldebug_info0
 330 000a 04       		.byte	0x4
 331 000b 00       		.byte	0
 332 000c 0000     		.2byte	0
 333 000e 0000     		.2byte	0
 334 0010 00000000 		.4byte	0
 335 0014 00000000 		.4byte	0
 336              		.section	.debug_line,"",%progbits
 337              	.Ldebug_line0:
 338 0000 4C010000 		.section	.debug_str,"MS",%progbits,1
 338      02004601 
 338      00000201 
 338      FB0E0D00 
 338      01010101 
ARM GAS  /var/folders/t8/16hdwfmd2fg_d3q6dgx6bpmw0000gn/T//ccauhtfL.s 			page 7


 339              	.LASF9:
 340 0000 5F5F7569 		.ascii	"__uint8_t\000"
 340      6E74385F 
 340      7400
 341              	.LASF14:
 342 000a 6D6F7573 		.ascii	"mouse\000"
 342      6500
 343              	.LASF15:
 344 0010 72657365 		.ascii	"reserved\000"
 344      72766564 
 344      00
 345              	.LASF20:
 346 0019 2F557365 		.ascii	"/Users/jpablobr/tmp/tmk/di0ib-tmk_keyboard/keyboard"
 346      72732F6A 
 346      7061626C 
 346      6F62722F 
 346      746D702F 
 347 004c 2F746565 		.ascii	"/teensy_lc_menelaus\000"
 347      6E73795F 
 347      6C635F6D 
 347      656E656C 
 347      61757300 
 348              	.LASF11:
 349 0060 656E6162 		.ascii	"enable\000"
 349      6C6500
 350              	.LASF21:
 351 0067 64656275 		.ascii	"debug_config\000"
 351      675F636F 
 351      6E666967 
 351      00
 352              	.LASF1:
 353 0074 756E7369 		.ascii	"unsigned char\000"
 353      676E6564 
 353      20636861 
 353      7200
 354              	.LASF5:
 355 0082 6C6F6E67 		.ascii	"long unsigned int\000"
 355      20756E73 
 355      69676E65 
 355      6420696E 
 355      7400
 356              	.LASF3:
 357 0094 73686F72 		.ascii	"short unsigned int\000"
 357      7420756E 
 357      7369676E 
 357      65642069 
 357      6E7400
 358              	.LASF18:
 359 00a7 474E5520 		.ascii	"GNU C99 7.2.1 20170904 (release) [ARM/embedded-7-br"
 359      43393920 
 359      372E322E 
 359      31203230 
 359      31373039 
 360 00da 616E6368 		.ascii	"anch revision 255204] -mcpu=cortex-m0plus -mno-thum"
 360      20726576 
 360      6973696F 
 360      6E203235 
ARM GAS  /var/folders/t8/16hdwfmd2fg_d3q6dgx6bpmw0000gn/T//ccauhtfL.s 			page 8


 360      35323034 
 361 010d 622D696E 		.ascii	"b-interwork -mthumb -ggdb -O2 -std=gnu99 -fomit-fra"
 361      74657277 
 361      6F726B20 
 361      2D6D7468 
 361      756D6220 
 362 0140 6D652D70 		.ascii	"me-pointer -falign-functions=16 -ffunction-sections"
 362      6F696E74 
 362      6572202D 
 362      66616C69 
 362      676E2D66 
 363 0173 202D6664 		.ascii	" -fdata-sections -fno-common\000"
 363      6174612D 
 363      73656374 
 363      696F6E73 
 363      202D666E 
 364              	.LASF13:
 365 0190 6B657962 		.ascii	"keyboard\000"
 365      6F617264 
 365      00
 366              	.LASF8:
 367 0199 756E7369 		.ascii	"unsigned int\000"
 367      676E6564 
 367      20696E74 
 367      00
 368              	.LASF7:
 369 01a6 6C6F6E67 		.ascii	"long long unsigned int\000"
 369      206C6F6E 
 369      6720756E 
 369      7369676E 
 369      65642069 
 370              	.LASF10:
 371 01bd 75696E74 		.ascii	"uint8_t\000"
 371      385F7400 
 372              	.LASF6:
 373 01c5 6C6F6E67 		.ascii	"long long int\000"
 373      206C6F6E 
 373      6720696E 
 373      7400
 374              	.LASF17:
 375 01d3 64656275 		.ascii	"debug_config_t\000"
 375      675F636F 
 375      6E666967 
 375      5F7400
 376              	.LASF12:
 377 01e2 6D617472 		.ascii	"matrix\000"
 377      697800
 378              	.LASF19:
 379 01e9 2E2E2F2E 		.ascii	"../../tmk_core/common/debug.c\000"
 379      2E2F746D 
 379      6B5F636F 
 379      72652F63 
 379      6F6D6D6F 
 380              	.LASF2:
 381 0207 73686F72 		.ascii	"short int\000"
 381      7420696E 
 381      7400
ARM GAS  /var/folders/t8/16hdwfmd2fg_d3q6dgx6bpmw0000gn/T//ccauhtfL.s 			page 9


 382              	.LASF4:
 383 0211 6C6F6E67 		.ascii	"long int\000"
 383      20696E74 
 383      00
 384              	.LASF0:
 385 021a 7369676E 		.ascii	"signed char\000"
 385      65642063 
 385      68617200 
 386              	.LASF16:
 387 0226 5F426F6F 		.ascii	"_Bool\000"
 387      6C00
 388              		.ident	"GCC: (GNU Tools for Arm Embedded Processors 7-2017-q4-major) 7.2.1 20170904 (release) [ARM
ARM GAS  /var/folders/t8/16hdwfmd2fg_d3q6dgx6bpmw0000gn/T//ccauhtfL.s 			page 10


DEFINED SYMBOLS
                            *ABS*:0000000000000000 debug.c
/var/folders/t8/16hdwfmd2fg_d3q6dgx6bpmw0000gn/T//ccauhtfL.s:20     .bss.debug_config:0000000000000000 debug_config
/var/folders/t8/16hdwfmd2fg_d3q6dgx6bpmw0000gn/T//ccauhtfL.s:17     .bss.debug_config:0000000000000000 $d

NO UNDEFINED SYMBOLS
