ARM GAS  /var/folders/t8/16hdwfmd2fg_d3q6dgx6bpmw0000gn/T//ccDNdy8W.s 			page 1


   1              		.cpu cortex-m0plus
   2              		.eabi_attribute 20, 1
   3              		.eabi_attribute 21, 1
   4              		.eabi_attribute 23, 3
   5              		.eabi_attribute 24, 1
   6              		.eabi_attribute 25, 1
   7              		.eabi_attribute 26, 1
   8              		.eabi_attribute 30, 2
   9              		.eabi_attribute 34, 0
  10              		.eabi_attribute 18, 4
  11              		.file	"hal_ext_lld.c"
  12              		.text
  13              	.Ltext0:
  14              		.cfi_sections	.debug_frame
  15              	.Letext0:
  16              		.file 1 "/usr/local/Caskroom/gcc-arm-embedded/7-2017-q4-major/gcc-arm-none-eabi-7-2017-q4-major/li
  17              		.file 2 "/usr/local/Caskroom/gcc-arm-embedded/7-2017-q4-major/gcc-arm-none-eabi-7-2017-q4-major/ar
  18              		.file 3 "/usr/local/Caskroom/gcc-arm-embedded/7-2017-q4-major/gcc-arm-none-eabi-7-2017-q4-major/ar
  19              		.file 4 "../../tmk_core/tool/chibios/ChibiOS/os/common/ports/ARMCMx/compilers/GCC/chtypes.h"
  20              		.file 5 "../../tmk_core/tool/chibios/ChibiOS/os/rt/include/chsystypes.h"
  21              		.file 6 "../../tmk_core/tool/chibios/ChibiOS/os/rt/include/chschd.h"
  22              		.file 7 "../../tmk_core/tool/chibios/ChibiOS-Contrib/os/common/ext/CMSIS/KINETIS/kl2xz.h"
  23              		.file 8 "../../tmk_core/tool/chibios/ChibiOS/os/common/ports/ARMCMx/chcore.h"
  24              		.file 9 "../../tmk_core/tool/chibios/ChibiOS/os/common/ports/ARMCMx/chcore_v6m.h"
  25              		.file 10 "../../tmk_core/tool/chibios/ChibiOS/os/rt/include/chsem.h"
  26              		.file 11 "../../tmk_core/tool/chibios/ChibiOS/os/rt/include/chmtx.h"
  27              		.file 12 "../../tmk_core/tool/chibios/ChibiOS/os/rt/include/chregistry.h"
  28              		.file 13 "../../tmk_core/tool/chibios/ChibiOS/os/rt/include/chsys.h"
  29              		.file 14 "../../tmk_core/tool/chibios/ChibiOS-Contrib/os/hal/ports/KINETIS/LLD/hal_pal_lld.h"
  30              		.file 15 "../../tmk_core/tool/chibios/ChibiOS/os/hal/include/hal_usb.h"
  31              		.file 16 "../../tmk_core/tool/chibios/ChibiOS-Contrib/os/hal/ports/KINETIS/LLD/hal_usb_lld.h"
  32              		.section	.debug_info,"",%progbits
  33              	.Ldebug_info0:
  34 0000 EC0C0000 		.4byte	0xcec
  35 0004 0400     		.2byte	0x4
  36 0006 00000000 		.4byte	.Ldebug_abbrev0
  37 000a 04       		.byte	0x4
  38 000b 01       		.uleb128 0x1
  39 000c 19000000 		.4byte	.LASF206
  40 0010 0C       		.byte	0xc
  41 0011 A1080000 		.4byte	.LASF207
  42 0015 C9050000 		.4byte	.LASF208
  43 0019 00000000 		.4byte	.Ldebug_line0
  44 001d 02       		.uleb128 0x2
  45 001e 04       		.byte	0x4
  46 001f 05       		.byte	0x5
  47 0020 696E7400 		.ascii	"int\000"
  48 0024 03       		.uleb128 0x3
  49 0025 F9030000 		.4byte	.LASF2
  50 0029 01       		.byte	0x1
  51 002a D8       		.byte	0xd8
  52 002b 2F000000 		.4byte	0x2f
  53 002f 04       		.uleb128 0x4
  54 0030 04       		.byte	0x4
  55 0031 07       		.byte	0x7
  56 0032 73010000 		.4byte	.LASF0
  57 0036 04       		.uleb128 0x4
ARM GAS  /var/folders/t8/16hdwfmd2fg_d3q6dgx6bpmw0000gn/T//ccDNdy8W.s 			page 2


  58 0037 01       		.byte	0x1
  59 0038 06       		.byte	0x6
  60 0039 F4080000 		.4byte	.LASF1
  61 003d 03       		.uleb128 0x3
  62 003e 32070000 		.4byte	.LASF3
  63 0042 02       		.byte	0x2
  64 0043 2B       		.byte	0x2b
  65 0044 48000000 		.4byte	0x48
  66 0048 04       		.uleb128 0x4
  67 0049 01       		.byte	0x1
  68 004a 08       		.byte	0x8
  69 004b ED070000 		.4byte	.LASF4
  70 004f 04       		.uleb128 0x4
  71 0050 02       		.byte	0x2
  72 0051 05       		.byte	0x5
  73 0052 A7060000 		.4byte	.LASF5
  74 0056 03       		.uleb128 0x3
  75 0057 6F030000 		.4byte	.LASF6
  76 005b 02       		.byte	0x2
  77 005c 39       		.byte	0x39
  78 005d 61000000 		.4byte	0x61
  79 0061 04       		.uleb128 0x4
  80 0062 02       		.byte	0x2
  81 0063 07       		.byte	0x7
  82 0064 06090000 		.4byte	.LASF7
  83 0068 03       		.uleb128 0x3
  84 0069 B8010000 		.4byte	.LASF8
  85 006d 02       		.byte	0x2
  86 006e 4D       		.byte	0x4d
  87 006f 73000000 		.4byte	0x73
  88 0073 04       		.uleb128 0x4
  89 0074 04       		.byte	0x4
  90 0075 05       		.byte	0x5
  91 0076 BC060000 		.4byte	.LASF9
  92 007a 03       		.uleb128 0x3
  93 007b 08080000 		.4byte	.LASF10
  94 007f 02       		.byte	0x2
  95 0080 4F       		.byte	0x4f
  96 0081 85000000 		.4byte	0x85
  97 0085 04       		.uleb128 0x4
  98 0086 04       		.byte	0x4
  99 0087 07       		.byte	0x7
 100 0088 8E070000 		.4byte	.LASF11
 101 008c 04       		.uleb128 0x4
 102 008d 08       		.byte	0x8
 103 008e 05       		.byte	0x5
 104 008f 3A050000 		.4byte	.LASF12
 105 0093 03       		.uleb128 0x3
 106 0094 34040000 		.4byte	.LASF13
 107 0098 02       		.byte	0x2
 108 0099 69       		.byte	0x69
 109 009a 9E000000 		.4byte	0x9e
 110 009e 04       		.uleb128 0x4
 111 009f 08       		.byte	0x8
 112 00a0 07       		.byte	0x7
 113 00a1 20030000 		.4byte	.LASF14
 114 00a5 03       		.uleb128 0x3
ARM GAS  /var/folders/t8/16hdwfmd2fg_d3q6dgx6bpmw0000gn/T//ccDNdy8W.s 			page 3


 115 00a6 F5040000 		.4byte	.LASF15
 116 00aa 03       		.byte	0x3
 117 00ab 18       		.byte	0x18
 118 00ac 3D000000 		.4byte	0x3d
 119 00b0 05       		.uleb128 0x5
 120 00b1 A5000000 		.4byte	0xa5
 121 00b5 03       		.uleb128 0x3
 122 00b6 7B060000 		.4byte	.LASF16
 123 00ba 03       		.byte	0x3
 124 00bb 24       		.byte	0x24
 125 00bc 56000000 		.4byte	0x56
 126 00c0 03       		.uleb128 0x3
 127 00c1 C4070000 		.4byte	.LASF17
 128 00c5 03       		.byte	0x3
 129 00c6 2C       		.byte	0x2c
 130 00c7 68000000 		.4byte	0x68
 131 00cb 03       		.uleb128 0x3
 132 00cc B9020000 		.4byte	.LASF18
 133 00d0 03       		.byte	0x3
 134 00d1 30       		.byte	0x30
 135 00d2 7A000000 		.4byte	0x7a
 136 00d6 06       		.uleb128 0x6
 137 00d7 CB000000 		.4byte	0xcb
 138 00db 03       		.uleb128 0x3
 139 00dc 16070000 		.4byte	.LASF19
 140 00e0 03       		.byte	0x3
 141 00e1 3C       		.byte	0x3c
 142 00e2 93000000 		.4byte	0x93
 143 00e6 03       		.uleb128 0x3
 144 00e7 57060000 		.4byte	.LASF20
 145 00eb 04       		.byte	0x4
 146 00ec 3C       		.byte	0x3c
 147 00ed A5000000 		.4byte	0xa5
 148 00f1 03       		.uleb128 0x3
 149 00f2 DD040000 		.4byte	.LASF21
 150 00f6 04       		.byte	0x4
 151 00f7 3D       		.byte	0x3d
 152 00f8 A5000000 		.4byte	0xa5
 153 00fc 03       		.uleb128 0x3
 154 00fd 86070000 		.4byte	.LASF22
 155 0101 04       		.byte	0x4
 156 0102 3E       		.byte	0x3e
 157 0103 A5000000 		.4byte	0xa5
 158 0107 03       		.uleb128 0x3
 159 0108 BF050000 		.4byte	.LASF23
 160 010c 04       		.byte	0x4
 161 010d 3F       		.byte	0x3f
 162 010e A5000000 		.4byte	0xa5
 163 0112 03       		.uleb128 0x3
 164 0113 EE020000 		.4byte	.LASF24
 165 0117 04       		.byte	0x4
 166 0118 40       		.byte	0x40
 167 0119 CB000000 		.4byte	0xcb
 168 011d 03       		.uleb128 0x3
 169 011e 4D050000 		.4byte	.LASF25
 170 0122 04       		.byte	0x4
 171 0123 41       		.byte	0x41
ARM GAS  /var/folders/t8/16hdwfmd2fg_d3q6dgx6bpmw0000gn/T//ccDNdy8W.s 			page 4


 172 0124 C0000000 		.4byte	0xc0
 173 0128 03       		.uleb128 0x3
 174 0129 CA020000 		.4byte	.LASF26
 175 012d 04       		.byte	0x4
 176 012e 43       		.byte	0x43
 177 012f CB000000 		.4byte	0xcb
 178 0133 03       		.uleb128 0x3
 179 0134 7A030000 		.4byte	.LASF27
 180 0138 04       		.byte	0x4
 181 0139 45       		.byte	0x45
 182 013a C0000000 		.4byte	0xc0
 183 013e 03       		.uleb128 0x3
 184 013f 46010000 		.4byte	.LASF28
 185 0143 05       		.byte	0x5
 186 0144 33       		.byte	0x33
 187 0145 CB000000 		.4byte	0xcb
 188 0149 06       		.uleb128 0x6
 189 014a 3E010000 		.4byte	0x13e
 190 014e 03       		.uleb128 0x3
 191 014f DC030000 		.4byte	.LASF29
 192 0153 05       		.byte	0x5
 193 0154 3F       		.byte	0x3f
 194 0155 59010000 		.4byte	0x159
 195 0159 07       		.uleb128 0x7
 196 015a 0D050000 		.4byte	.LASF48
 197 015e 44       		.byte	0x44
 198 015f 06       		.byte	0x6
 199 0160 9A       		.byte	0x9a
 200 0161 43020000 		.4byte	0x243
 201 0165 08       		.uleb128 0x8
 202 0166 BE070000 		.4byte	.LASF30
 203 016a 06       		.byte	0x6
 204 016b 9B       		.byte	0x9b
 205 016c 78020000 		.4byte	0x278
 206 0170 00       		.byte	0
 207 0171 08       		.uleb128 0x8
 208 0172 95040000 		.4byte	.LASF31
 209 0176 06       		.byte	0x6
 210 0177 9C       		.byte	0x9c
 211 0178 12010000 		.4byte	0x112
 212 017c 08       		.byte	0x8
 213 017d 09       		.uleb128 0x9
 214 017e 63747800 		.ascii	"ctx\000"
 215 0182 06       		.byte	0x6
 216 0183 9D       		.byte	0x9d
 217 0184 D3040000 		.4byte	0x4d3
 218 0188 0C       		.byte	0xc
 219 0189 08       		.uleb128 0x8
 220 018a E7070000 		.4byte	.LASF32
 221 018e 06       		.byte	0x6
 222 018f 9F       		.byte	0x9f
 223 0190 4E020000 		.4byte	0x24e
 224 0194 10       		.byte	0x10
 225 0195 08       		.uleb128 0x8
 226 0196 BA090000 		.4byte	.LASF33
 227 019a 06       		.byte	0x6
 228 019b A0       		.byte	0xa0
ARM GAS  /var/folders/t8/16hdwfmd2fg_d3q6dgx6bpmw0000gn/T//ccDNdy8W.s 			page 5


 229 019c 4E020000 		.4byte	0x24e
 230 01a0 14       		.byte	0x14
 231 01a1 08       		.uleb128 0x8
 232 01a2 3C070000 		.4byte	.LASF34
 233 01a6 06       		.byte	0x6
 234 01a7 A7       		.byte	0xa7
 235 01a8 2E060000 		.4byte	0x62e
 236 01ac 18       		.byte	0x18
 237 01ad 08       		.uleb128 0x8
 238 01ae C4040000 		.4byte	.LASF35
 239 01b2 06       		.byte	0x6
 240 01b3 B0       		.byte	0xb0
 241 01b4 45060000 		.4byte	0x645
 242 01b8 1C       		.byte	0x1c
 243 01b9 08       		.uleb128 0x8
 244 01ba 6B080000 		.4byte	.LASF36
 245 01be 06       		.byte	0x6
 246 01bf B5       		.byte	0xb5
 247 01c0 F1000000 		.4byte	0xf1
 248 01c4 20       		.byte	0x20
 249 01c5 08       		.uleb128 0x8
 250 01c6 40010000 		.4byte	.LASF37
 251 01ca 06       		.byte	0x6
 252 01cb B9       		.byte	0xb9
 253 01cc E6000000 		.4byte	0xe6
 254 01d0 21       		.byte	0x21
 255 01d1 08       		.uleb128 0x8
 256 01d2 CD010000 		.4byte	.LASF38
 257 01d6 06       		.byte	0x6
 258 01d7 BE       		.byte	0xbe
 259 01d8 FC000000 		.4byte	0xfc
 260 01dc 22       		.byte	0x22
 261 01dd 08       		.uleb128 0x8
 262 01de D1060000 		.4byte	.LASF39
 263 01e2 06       		.byte	0x6
 264 01e3 C4       		.byte	0xc4
 265 01e4 07010000 		.4byte	0x107
 266 01e8 23       		.byte	0x23
 267 01e9 0A       		.uleb128 0xa
 268 01ea 7500     		.ascii	"u\000"
 269 01ec 06       		.byte	0x6
 270 01ed 0F01     		.2byte	0x10f
 271 01ef 63050000 		.4byte	0x563
 272 01f3 24       		.byte	0x24
 273 01f4 0B       		.uleb128 0xb
 274 01f5 13080000 		.4byte	.LASF40
 275 01f9 06       		.byte	0x6
 276 01fa 1401     		.2byte	0x114
 277 01fc 54020000 		.4byte	0x254
 278 0200 28       		.byte	0x28
 279 0201 0B       		.uleb128 0xb
 280 0202 04050000 		.4byte	.LASF41
 281 0206 06       		.byte	0x6
 282 0207 1A01     		.2byte	0x11a
 283 0209 78020000 		.4byte	0x278
 284 020d 2C       		.byte	0x2c
 285 020e 0B       		.uleb128 0xb
ARM GAS  /var/folders/t8/16hdwfmd2fg_d3q6dgx6bpmw0000gn/T//ccDNdy8W.s 			page 6


 286 020f 6A010000 		.4byte	.LASF42
 287 0213 06       		.byte	0x6
 288 0214 2001     		.2byte	0x120
 289 0216 28010000 		.4byte	0x128
 290 021a 34       		.byte	0x34
 291 021b 0B       		.uleb128 0xb
 292 021c B1030000 		.4byte	.LASF43
 293 0220 06       		.byte	0x6
 294 0221 2701     		.2byte	0x127
 295 0223 28060000 		.4byte	0x628
 296 0227 38       		.byte	0x38
 297 0228 0B       		.uleb128 0xb
 298 0229 50010000 		.4byte	.LASF44
 299 022d 06       		.byte	0x6
 300 022e 2B01     		.2byte	0x12b
 301 0230 12010000 		.4byte	0x112
 302 0234 3C       		.byte	0x3c
 303 0235 0B       		.uleb128 0xb
 304 0236 D8090000 		.4byte	.LASF45
 305 023a 06       		.byte	0x6
 306 023b 3201     		.2byte	0x132
 307 023d 2B030000 		.4byte	0x32b
 308 0241 40       		.byte	0x40
 309 0242 00       		.byte	0
 310 0243 03       		.uleb128 0x3
 311 0244 B1040000 		.4byte	.LASF46
 312 0248 05       		.byte	0x5
 313 0249 44       		.byte	0x44
 314 024a 4E020000 		.4byte	0x24e
 315 024e 0C       		.uleb128 0xc
 316 024f 04       		.byte	0x4
 317 0250 4E010000 		.4byte	0x14e
 318 0254 03       		.uleb128 0x3
 319 0255 8D010000 		.4byte	.LASF47
 320 0259 05       		.byte	0x5
 321 025a 49       		.byte	0x49
 322 025b 5F020000 		.4byte	0x25f
 323 025f 07       		.uleb128 0x7
 324 0260 00000000 		.4byte	.LASF49
 325 0264 04       		.byte	0x4
 326 0265 06       		.byte	0x6
 327 0266 88       		.byte	0x88
 328 0267 78020000 		.4byte	0x278
 329 026b 08       		.uleb128 0x8
 330 026c 80010000 		.4byte	.LASF50
 331 0270 06       		.byte	0x6
 332 0271 89       		.byte	0x89
 333 0272 4E020000 		.4byte	0x24e
 334 0276 00       		.byte	0
 335 0277 00       		.byte	0
 336 0278 03       		.uleb128 0x3
 337 0279 9B030000 		.4byte	.LASF51
 338 027d 05       		.byte	0x5
 339 027e 50       		.byte	0x50
 340 027f 83020000 		.4byte	0x283
 341 0283 07       		.uleb128 0x7
 342 0284 41020000 		.4byte	.LASF52
ARM GAS  /var/folders/t8/16hdwfmd2fg_d3q6dgx6bpmw0000gn/T//ccDNdy8W.s 			page 7


 343 0288 08       		.byte	0x8
 344 0289 06       		.byte	0x6
 345 028a 8F       		.byte	0x8f
 346 028b A8020000 		.4byte	0x2a8
 347 028f 08       		.uleb128 0x8
 348 0290 80010000 		.4byte	.LASF50
 349 0294 06       		.byte	0x6
 350 0295 90       		.byte	0x90
 351 0296 4E020000 		.4byte	0x24e
 352 029a 00       		.byte	0
 353 029b 08       		.uleb128 0x8
 354 029c 3C020000 		.4byte	.LASF53
 355 02a0 06       		.byte	0x6
 356 02a1 91       		.byte	0x91
 357 02a2 4E020000 		.4byte	0x24e
 358 02a6 04       		.byte	0x4
 359 02a7 00       		.byte	0
 360 02a8 03       		.uleb128 0x3
 361 02a9 A8070000 		.4byte	.LASF54
 362 02ad 05       		.byte	0x5
 363 02ae 57       		.byte	0x57
 364 02af B3020000 		.4byte	0x2b3
 365 02b3 0D       		.uleb128 0xd
 366 02b4 22020000 		.4byte	.LASF55
 367 02b8 1C       		.byte	0x1c
 368 02b9 06       		.byte	0x6
 369 02ba 6A01     		.2byte	0x16a
 370 02bc 0F030000 		.4byte	0x30f
 371 02c0 0B       		.uleb128 0xb
 372 02c1 BE070000 		.4byte	.LASF30
 373 02c5 06       		.byte	0x6
 374 02c6 6B01     		.2byte	0x16b
 375 02c8 78020000 		.4byte	0x278
 376 02cc 00       		.byte	0
 377 02cd 0B       		.uleb128 0xb
 378 02ce 95040000 		.4byte	.LASF31
 379 02d2 06       		.byte	0x6
 380 02d3 6C01     		.2byte	0x16c
 381 02d5 12010000 		.4byte	0x112
 382 02d9 08       		.byte	0x8
 383 02da 0A       		.uleb128 0xa
 384 02db 63747800 		.ascii	"ctx\000"
 385 02df 06       		.byte	0x6
 386 02e0 6E01     		.2byte	0x16e
 387 02e2 D3040000 		.4byte	0x4d3
 388 02e6 0C       		.byte	0xc
 389 02e7 0B       		.uleb128 0xb
 390 02e8 E7070000 		.4byte	.LASF32
 391 02ec 06       		.byte	0x6
 392 02ed 7101     		.2byte	0x171
 393 02ef 4E020000 		.4byte	0x24e
 394 02f3 10       		.byte	0x10
 395 02f4 0B       		.uleb128 0xb
 396 02f5 BA090000 		.4byte	.LASF33
 397 02f9 06       		.byte	0x6
 398 02fa 7201     		.2byte	0x172
 399 02fc 4E020000 		.4byte	0x24e
ARM GAS  /var/folders/t8/16hdwfmd2fg_d3q6dgx6bpmw0000gn/T//ccDNdy8W.s 			page 8


 400 0300 14       		.byte	0x14
 401 0301 0B       		.uleb128 0xb
 402 0302 2D090000 		.4byte	.LASF56
 403 0306 06       		.byte	0x6
 404 0307 7501     		.2byte	0x175
 405 0309 4E020000 		.4byte	0x24e
 406 030d 18       		.byte	0x18
 407 030e 00       		.byte	0
 408 030f 03       		.uleb128 0x3
 409 0310 77020000 		.4byte	.LASF57
 410 0314 05       		.byte	0x5
 411 0315 5C       		.byte	0x5c
 412 0316 1A030000 		.4byte	0x31a
 413 031a 0C       		.uleb128 0xc
 414 031b 04       		.byte	0x4
 415 031c 20030000 		.4byte	0x320
 416 0320 0E       		.uleb128 0xe
 417 0321 2B030000 		.4byte	0x32b
 418 0325 0F       		.uleb128 0xf
 419 0326 2B030000 		.4byte	0x32b
 420 032a 00       		.byte	0
 421 032b 10       		.uleb128 0x10
 422 032c 04       		.byte	0x4
 423 032d 03       		.uleb128 0x3
 424 032e 62050000 		.4byte	.LASF58
 425 0332 05       		.byte	0x5
 426 0333 61       		.byte	0x61
 427 0334 38030000 		.4byte	0x338
 428 0338 0D       		.uleb128 0xd
 429 0339 F6020000 		.4byte	.LASF59
 430 033d 14       		.byte	0x14
 431 033e 06       		.byte	0x6
 432 033f 4501     		.2byte	0x145
 433 0341 87030000 		.4byte	0x387
 434 0345 0B       		.uleb128 0xb
 435 0346 80010000 		.4byte	.LASF50
 436 034a 06       		.byte	0x6
 437 034b 4601     		.2byte	0x146
 438 034d 4B060000 		.4byte	0x64b
 439 0351 00       		.byte	0
 440 0352 0B       		.uleb128 0xb
 441 0353 3C020000 		.4byte	.LASF53
 442 0357 06       		.byte	0x6
 443 0358 4701     		.2byte	0x147
 444 035a 4B060000 		.4byte	0x64b
 445 035e 04       		.byte	0x4
 446 035f 0B       		.uleb128 0xb
 447 0360 00090000 		.4byte	.LASF60
 448 0364 06       		.byte	0x6
 449 0365 4801     		.2byte	0x148
 450 0367 3E010000 		.4byte	0x13e
 451 036b 08       		.byte	0x8
 452 036c 0B       		.uleb128 0xb
 453 036d 30020000 		.4byte	.LASF61
 454 0371 06       		.byte	0x6
 455 0372 4901     		.2byte	0x149
 456 0374 0F030000 		.4byte	0x30f
ARM GAS  /var/folders/t8/16hdwfmd2fg_d3q6dgx6bpmw0000gn/T//ccDNdy8W.s 			page 9


 457 0378 0C       		.byte	0xc
 458 0379 0A       		.uleb128 0xa
 459 037a 70617200 		.ascii	"par\000"
 460 037e 06       		.byte	0x6
 461 037f 4B01     		.2byte	0x14b
 462 0381 2B030000 		.4byte	0x32b
 463 0385 10       		.byte	0x10
 464 0386 00       		.byte	0
 465 0387 03       		.uleb128 0x3
 466 0388 29080000 		.4byte	.LASF62
 467 038c 05       		.byte	0x5
 468 038d 66       		.byte	0x66
 469 038e 92030000 		.4byte	0x392
 470 0392 0D       		.uleb128 0xd
 471 0393 B9030000 		.4byte	.LASF63
 472 0397 10       		.byte	0x10
 473 0398 06       		.byte	0x6
 474 0399 5501     		.2byte	0x155
 475 039b D4030000 		.4byte	0x3d4
 476 039f 0B       		.uleb128 0xb
 477 03a0 80010000 		.4byte	.LASF50
 478 03a4 06       		.byte	0x6
 479 03a5 5601     		.2byte	0x156
 480 03a7 4B060000 		.4byte	0x64b
 481 03ab 00       		.byte	0
 482 03ac 0B       		.uleb128 0xb
 483 03ad 3C020000 		.4byte	.LASF53
 484 03b1 06       		.byte	0x6
 485 03b2 5801     		.2byte	0x158
 486 03b4 4B060000 		.4byte	0x64b
 487 03b8 04       		.byte	0x4
 488 03b9 0B       		.uleb128 0xb
 489 03ba 00090000 		.4byte	.LASF60
 490 03be 06       		.byte	0x6
 491 03bf 5A01     		.2byte	0x15a
 492 03c1 3E010000 		.4byte	0x13e
 493 03c5 08       		.byte	0x8
 494 03c6 0B       		.uleb128 0xb
 495 03c7 5F060000 		.4byte	.LASF64
 496 03cb 06       		.byte	0x6
 497 03cc 5C01     		.2byte	0x15c
 498 03ce 49010000 		.4byte	0x149
 499 03d2 0C       		.byte	0xc
 500 03d3 00       		.byte	0
 501 03d4 03       		.uleb128 0x3
 502 03d5 2B050000 		.4byte	.LASF65
 503 03d9 05       		.byte	0x5
 504 03da 6B       		.byte	0x6b
 505 03db DF030000 		.4byte	0x3df
 506 03df 0D       		.uleb128 0xd
 507 03e0 A9020000 		.4byte	.LASF66
 508 03e4 0C       		.byte	0xc
 509 03e5 06       		.byte	0x6
 510 03e6 7C01     		.2byte	0x17c
 511 03e8 14040000 		.4byte	0x414
 512 03ec 0B       		.uleb128 0xb
 513 03ed 3F060000 		.4byte	.LASF67
ARM GAS  /var/folders/t8/16hdwfmd2fg_d3q6dgx6bpmw0000gn/T//ccDNdy8W.s 			page 10


 514 03f1 06       		.byte	0x6
 515 03f2 8401     		.2byte	0x184
 516 03f4 34060000 		.4byte	0x634
 517 03f8 00       		.byte	0
 518 03f9 0B       		.uleb128 0xb
 519 03fa 8D030000 		.4byte	.LASF68
 520 03fe 06       		.byte	0x6
 521 03ff 8901     		.2byte	0x189
 522 0401 33010000 		.4byte	0x133
 523 0405 04       		.byte	0x4
 524 0406 0B       		.uleb128 0xb
 525 0407 97060000 		.4byte	.LASF69
 526 040b 06       		.byte	0x6
 527 040c 8D01     		.2byte	0x18d
 528 040e 33010000 		.4byte	0x133
 529 0412 08       		.byte	0x8
 530 0413 00       		.byte	0
 531 0414 03       		.uleb128 0x3
 532 0415 7E080000 		.4byte	.LASF70
 533 0419 05       		.byte	0x5
 534 041a 70       		.byte	0x70
 535 041b 1F040000 		.4byte	0x41f
 536 041f 0D       		.uleb128 0xd
 537 0420 0C070000 		.4byte	.LASF71
 538 0424 7C       		.byte	0x7c
 539 0425 06       		.byte	0x6
 540 0426 9C01     		.2byte	0x19c
 541 0428 61040000 		.4byte	0x461
 542 042c 0B       		.uleb128 0xb
 543 042d 1F070000 		.4byte	.LASF72
 544 0431 06       		.byte	0x6
 545 0432 A001     		.2byte	0x1a0
 546 0434 A8020000 		.4byte	0x2a8
 547 0438 00       		.byte	0
 548 0439 0B       		.uleb128 0xb
 549 043a 06020000 		.4byte	.LASF73
 550 043e 06       		.byte	0x6
 551 043f A401     		.2byte	0x1a4
 552 0441 87030000 		.4byte	0x387
 553 0445 1C       		.byte	0x1c
 554 0446 0A       		.uleb128 0xa
 555 0447 64626700 		.ascii	"dbg\000"
 556 044b 06       		.byte	0x6
 557 044c A801     		.2byte	0x1a8
 558 044e D4030000 		.4byte	0x3d4
 559 0452 2C       		.byte	0x2c
 560 0453 0B       		.uleb128 0xb
 561 0454 67060000 		.4byte	.LASF74
 562 0458 06       		.byte	0x6
 563 0459 AC01     		.2byte	0x1ac
 564 045b 4E010000 		.4byte	0x14e
 565 045f 38       		.byte	0x38
 566 0460 00       		.byte	0
 567 0461 11       		.uleb128 0x11
 568 0462 18       		.byte	0x18
 569 0463 07       		.byte	0x7
 570 0464 C5       		.byte	0xc5
ARM GAS  /var/folders/t8/16hdwfmd2fg_d3q6dgx6bpmw0000gn/T//ccDNdy8W.s 			page 11


 571 0465 B2040000 		.4byte	0x4b2
 572 0469 08       		.uleb128 0x8
 573 046a 6E090000 		.4byte	.LASF75
 574 046e 07       		.byte	0x7
 575 046f C7       		.byte	0xc7
 576 0470 D6000000 		.4byte	0xd6
 577 0474 00       		.byte	0
 578 0475 08       		.uleb128 0x8
 579 0476 9C080000 		.4byte	.LASF76
 580 047a 07       		.byte	0x7
 581 047b C8       		.byte	0xc8
 582 047c D6000000 		.4byte	0xd6
 583 0480 04       		.byte	0x4
 584 0481 08       		.uleb128 0x8
 585 0482 9B050000 		.4byte	.LASF77
 586 0486 07       		.byte	0x7
 587 0487 C9       		.byte	0xc9
 588 0488 D6000000 		.4byte	0xd6
 589 048c 08       		.byte	0x8
 590 048d 08       		.uleb128 0x8
 591 048e D7030000 		.4byte	.LASF78
 592 0492 07       		.byte	0x7
 593 0493 CA       		.byte	0xca
 594 0494 D6000000 		.4byte	0xd6
 595 0498 0C       		.byte	0xc
 596 0499 08       		.uleb128 0x8
 597 049a A8050000 		.4byte	.LASF79
 598 049e 07       		.byte	0x7
 599 049f CB       		.byte	0xcb
 600 04a0 D6000000 		.4byte	0xd6
 601 04a4 10       		.byte	0x10
 602 04a5 08       		.uleb128 0x8
 603 04a6 1B030000 		.4byte	.LASF80
 604 04aa 07       		.byte	0x7
 605 04ab CC       		.byte	0xcc
 606 04ac D6000000 		.4byte	0xd6
 607 04b0 14       		.byte	0x14
 608 04b1 00       		.byte	0
 609 04b2 03       		.uleb128 0x3
 610 04b3 58070000 		.4byte	.LASF81
 611 04b7 07       		.byte	0x7
 612 04b8 CD       		.byte	0xcd
 613 04b9 61040000 		.4byte	0x461
 614 04bd 03       		.uleb128 0x3
 615 04be 09010000 		.4byte	.LASF82
 616 04c2 08       		.byte	0x8
 617 04c3 65       		.byte	0x65
 618 04c4 2B030000 		.4byte	0x32b
 619 04c8 03       		.uleb128 0x3
 620 04c9 19090000 		.4byte	.LASF83
 621 04cd 08       		.byte	0x8
 622 04ce 6D       		.byte	0x6d
 623 04cf DB000000 		.4byte	0xdb
 624 04d3 07       		.uleb128 0x7
 625 04d4 15020000 		.4byte	.LASF84
 626 04d8 04       		.byte	0x4
 627 04d9 08       		.byte	0x8
ARM GAS  /var/folders/t8/16hdwfmd2fg_d3q6dgx6bpmw0000gn/T//ccDNdy8W.s 			page 12


 628 04da 89       		.byte	0x89
 629 04db EB040000 		.4byte	0x4eb
 630 04df 09       		.uleb128 0x9
 631 04e0 737000   		.ascii	"sp\000"
 632 04e3 08       		.byte	0x8
 633 04e4 8A       		.byte	0x8a
 634 04e5 5D050000 		.4byte	0x55d
 635 04e9 00       		.byte	0
 636 04ea 00       		.byte	0
 637 04eb 07       		.uleb128 0x7
 638 04ec C5060000 		.4byte	.LASF85
 639 04f0 24       		.byte	0x24
 640 04f1 09       		.byte	0x9
 641 04f2 C3       		.byte	0xc3
 642 04f3 5D050000 		.4byte	0x55d
 643 04f7 09       		.uleb128 0x9
 644 04f8 723800   		.ascii	"r8\000"
 645 04fb 09       		.byte	0x9
 646 04fc C4       		.byte	0xc4
 647 04fd BD040000 		.4byte	0x4bd
 648 0501 00       		.byte	0
 649 0502 09       		.uleb128 0x9
 650 0503 723900   		.ascii	"r9\000"
 651 0506 09       		.byte	0x9
 652 0507 C5       		.byte	0xc5
 653 0508 BD040000 		.4byte	0x4bd
 654 050c 04       		.byte	0x4
 655 050d 09       		.uleb128 0x9
 656 050e 72313000 		.ascii	"r10\000"
 657 0512 09       		.byte	0x9
 658 0513 C6       		.byte	0xc6
 659 0514 BD040000 		.4byte	0x4bd
 660 0518 08       		.byte	0x8
 661 0519 09       		.uleb128 0x9
 662 051a 72313100 		.ascii	"r11\000"
 663 051e 09       		.byte	0x9
 664 051f C7       		.byte	0xc7
 665 0520 BD040000 		.4byte	0x4bd
 666 0524 0C       		.byte	0xc
 667 0525 09       		.uleb128 0x9
 668 0526 723400   		.ascii	"r4\000"
 669 0529 09       		.byte	0x9
 670 052a C8       		.byte	0xc8
 671 052b BD040000 		.4byte	0x4bd
 672 052f 10       		.byte	0x10
 673 0530 09       		.uleb128 0x9
 674 0531 723500   		.ascii	"r5\000"
 675 0534 09       		.byte	0x9
 676 0535 C9       		.byte	0xc9
 677 0536 BD040000 		.4byte	0x4bd
 678 053a 14       		.byte	0x14
 679 053b 09       		.uleb128 0x9
 680 053c 723600   		.ascii	"r6\000"
 681 053f 09       		.byte	0x9
 682 0540 CA       		.byte	0xca
 683 0541 BD040000 		.4byte	0x4bd
 684 0545 18       		.byte	0x18
ARM GAS  /var/folders/t8/16hdwfmd2fg_d3q6dgx6bpmw0000gn/T//ccDNdy8W.s 			page 13


 685 0546 09       		.uleb128 0x9
 686 0547 723700   		.ascii	"r7\000"
 687 054a 09       		.byte	0x9
 688 054b CB       		.byte	0xcb
 689 054c BD040000 		.4byte	0x4bd
 690 0550 1C       		.byte	0x1c
 691 0551 09       		.uleb128 0x9
 692 0552 6C7200   		.ascii	"lr\000"
 693 0555 09       		.byte	0x9
 694 0556 CC       		.byte	0xcc
 695 0557 BD040000 		.4byte	0x4bd
 696 055b 20       		.byte	0x20
 697 055c 00       		.byte	0
 698 055d 0C       		.uleb128 0xc
 699 055e 04       		.byte	0x4
 700 055f EB040000 		.4byte	0x4eb
 701 0563 12       		.uleb128 0x12
 702 0564 04       		.byte	0x4
 703 0565 06       		.byte	0x6
 704 0566 D2       		.byte	0xd2
 705 0567 C6050000 		.4byte	0x5c6
 706 056b 13       		.uleb128 0x13
 707 056c 00040000 		.4byte	.LASF86
 708 0570 06       		.byte	0x6
 709 0571 D9       		.byte	0xd9
 710 0572 1D010000 		.4byte	0x11d
 711 0576 13       		.uleb128 0x13
 712 0577 C0090000 		.4byte	.LASF87
 713 057b 06       		.byte	0x6
 714 057c E0       		.byte	0xe0
 715 057d 1D010000 		.4byte	0x11d
 716 0581 13       		.uleb128 0x13
 717 0582 F6010000 		.4byte	.LASF88
 718 0586 06       		.byte	0x6
 719 0587 E7       		.byte	0xe7
 720 0588 2B030000 		.4byte	0x32b
 721 058c 13       		.uleb128 0x13
 722 058d 8A080000 		.4byte	.LASF89
 723 0591 06       		.byte	0x6
 724 0592 EE       		.byte	0xee
 725 0593 C6050000 		.4byte	0x5c6
 726 0597 13       		.uleb128 0x13
 727 0598 C2020000 		.4byte	.LASF90
 728 059c 06       		.byte	0x6
 729 059d F3       		.byte	0xf3
 730 059e 1D010000 		.4byte	0x11d
 731 05a2 13       		.uleb128 0x13
 732 05a3 D8070000 		.4byte	.LASF91
 733 05a7 06       		.byte	0x6
 734 05a8 FC       		.byte	0xfc
 735 05a9 F1050000 		.4byte	0x5f1
 736 05ad 14       		.uleb128 0x14
 737 05ae 02010000 		.4byte	.LASF92
 738 05b2 06       		.byte	0x6
 739 05b3 0501     		.2byte	0x105
 740 05b5 28060000 		.4byte	0x628
 741 05b9 14       		.uleb128 0x14
ARM GAS  /var/folders/t8/16hdwfmd2fg_d3q6dgx6bpmw0000gn/T//ccDNdy8W.s 			page 14


 742 05ba 35020000 		.4byte	.LASF93
 743 05be 06       		.byte	0x6
 744 05bf 0D01     		.2byte	0x10d
 745 05c1 28010000 		.4byte	0x128
 746 05c5 00       		.byte	0
 747 05c6 0C       		.uleb128 0xc
 748 05c7 04       		.byte	0x4
 749 05c8 43020000 		.4byte	0x243
 750 05cc 07       		.uleb128 0x7
 751 05cd E1020000 		.4byte	.LASF94
 752 05d1 0C       		.byte	0xc
 753 05d2 0A       		.byte	0xa
 754 05d3 34       		.byte	0x34
 755 05d4 F1050000 		.4byte	0x5f1
 756 05d8 08       		.uleb128 0x8
 757 05d9 BE070000 		.4byte	.LASF30
 758 05dd 0A       		.byte	0xa
 759 05de 35       		.byte	0x35
 760 05df 78020000 		.4byte	0x278
 761 05e3 00       		.byte	0
 762 05e4 09       		.uleb128 0x9
 763 05e5 636E7400 		.ascii	"cnt\000"
 764 05e9 0A       		.byte	0xa
 765 05ea 37       		.byte	0x37
 766 05eb 33010000 		.4byte	0x133
 767 05ef 08       		.byte	0x8
 768 05f0 00       		.byte	0
 769 05f1 0C       		.uleb128 0xc
 770 05f2 04       		.byte	0x4
 771 05f3 CC050000 		.4byte	0x5cc
 772 05f7 07       		.uleb128 0x7
 773 05f8 2B040000 		.4byte	.LASF95
 774 05fc 10       		.byte	0x10
 775 05fd 0B       		.byte	0xb
 776 05fe 39       		.byte	0x39
 777 05ff 28060000 		.4byte	0x628
 778 0603 08       		.uleb128 0x8
 779 0604 BE070000 		.4byte	.LASF30
 780 0608 0B       		.byte	0xb
 781 0609 3A       		.byte	0x3a
 782 060a 78020000 		.4byte	0x278
 783 060e 00       		.byte	0
 784 060f 08       		.uleb128 0x8
 785 0610 95030000 		.4byte	.LASF96
 786 0614 0B       		.byte	0xb
 787 0615 3C       		.byte	0x3c
 788 0616 4E020000 		.4byte	0x24e
 789 061a 08       		.byte	0x8
 790 061b 08       		.uleb128 0x8
 791 061c 80010000 		.4byte	.LASF50
 792 0620 0B       		.byte	0xb
 793 0621 3E       		.byte	0x3e
 794 0622 8A070000 		.4byte	0x78a
 795 0626 0C       		.byte	0xc
 796 0627 00       		.byte	0
 797 0628 0C       		.uleb128 0xc
 798 0629 04       		.byte	0x4
ARM GAS  /var/folders/t8/16hdwfmd2fg_d3q6dgx6bpmw0000gn/T//ccDNdy8W.s 			page 15


 799 062a F7050000 		.4byte	0x5f7
 800 062e 0C       		.uleb128 0xc
 801 062f 04       		.byte	0x4
 802 0630 40060000 		.4byte	0x640
 803 0634 06       		.uleb128 0x6
 804 0635 2E060000 		.4byte	0x62e
 805 0639 04       		.uleb128 0x4
 806 063a 01       		.byte	0x1
 807 063b 08       		.byte	0x8
 808 063c AC040000 		.4byte	.LASF97
 809 0640 05       		.uleb128 0x5
 810 0641 39060000 		.4byte	0x639
 811 0645 0C       		.uleb128 0xc
 812 0646 04       		.byte	0x4
 813 0647 C8040000 		.4byte	0x4c8
 814 064b 0C       		.uleb128 0xc
 815 064c 04       		.byte	0x4
 816 064d 2D030000 		.4byte	0x32d
 817 0651 15       		.uleb128 0x15
 818 0652 636800   		.ascii	"ch\000"
 819 0655 06       		.byte	0x6
 820 0656 D201     		.2byte	0x1d2
 821 0658 14040000 		.4byte	0x414
 822 065c 16       		.uleb128 0x16
 823 065d C8040000 		.4byte	0x4c8
 824 0661 67060000 		.4byte	0x667
 825 0665 17       		.uleb128 0x17
 826 0666 00       		.byte	0
 827 0667 18       		.uleb128 0x18
 828 0668 CB040000 		.4byte	.LASF98
 829 066c 0D       		.byte	0xd
 830 066d 2B01     		.2byte	0x12b
 831 066f 5C060000 		.4byte	0x65c
 832 0673 11       		.uleb128 0x11
 833 0674 16       		.byte	0x16
 834 0675 0C       		.byte	0xc
 835 0676 34       		.byte	0x34
 836 0677 54070000 		.4byte	0x754
 837 067b 08       		.uleb128 0x8
 838 067c 65070000 		.4byte	.LASF99
 839 0680 0C       		.byte	0xc
 840 0681 35       		.byte	0x35
 841 0682 54070000 		.4byte	0x754
 842 0686 00       		.byte	0
 843 0687 08       		.uleb128 0x8
 844 0688 48050000 		.4byte	.LASF100
 845 068c 0C       		.byte	0xc
 846 068d 36       		.byte	0x36
 847 068e A5000000 		.4byte	0xa5
 848 0692 04       		.byte	0x4
 849 0693 08       		.uleb128 0x8
 850 0694 96050000 		.4byte	.LASF101
 851 0698 0C       		.byte	0xc
 852 0699 37       		.byte	0x37
 853 069a A5000000 		.4byte	0xa5
 854 069e 05       		.byte	0x5
 855 069f 08       		.uleb128 0x8
ARM GAS  /var/folders/t8/16hdwfmd2fg_d3q6dgx6bpmw0000gn/T//ccDNdy8W.s 			page 16


 856 06a0 85010000 		.4byte	.LASF102
 857 06a4 0C       		.byte	0xc
 858 06a5 38       		.byte	0x38
 859 06a6 B5000000 		.4byte	0xb5
 860 06aa 06       		.byte	0x6
 861 06ab 08       		.uleb128 0x8
 862 06ac A0050000 		.4byte	.LASF103
 863 06b0 0C       		.byte	0xc
 864 06b1 39       		.byte	0x39
 865 06b2 A5000000 		.4byte	0xa5
 866 06b6 08       		.byte	0x8
 867 06b7 08       		.uleb128 0x8
 868 06b8 10000000 		.4byte	.LASF104
 869 06bc 0C       		.byte	0xc
 870 06bd 3A       		.byte	0x3a
 871 06be A5000000 		.4byte	0xa5
 872 06c2 09       		.byte	0x9
 873 06c3 08       		.uleb128 0x8
 874 06c4 D6020000 		.4byte	.LASF105
 875 06c8 0C       		.byte	0xc
 876 06c9 3B       		.byte	0x3b
 877 06ca A5000000 		.4byte	0xa5
 878 06ce 0A       		.byte	0xa
 879 06cf 08       		.uleb128 0x8
 880 06d0 8E060000 		.4byte	.LASF106
 881 06d4 0C       		.byte	0xc
 882 06d5 3C       		.byte	0x3c
 883 06d6 A5000000 		.4byte	0xa5
 884 06da 0B       		.byte	0xb
 885 06db 08       		.uleb128 0x8
 886 06dc 78040000 		.4byte	.LASF107
 887 06e0 0C       		.byte	0xc
 888 06e1 3D       		.byte	0x3d
 889 06e2 A5000000 		.4byte	0xa5
 890 06e6 0C       		.byte	0xc
 891 06e7 08       		.uleb128 0x8
 892 06e8 6D020000 		.4byte	.LASF108
 893 06ec 0C       		.byte	0xc
 894 06ed 3E       		.byte	0x3e
 895 06ee A5000000 		.4byte	0xa5
 896 06f2 0D       		.byte	0xd
 897 06f3 08       		.uleb128 0x8
 898 06f4 E5030000 		.4byte	.LASF109
 899 06f8 0C       		.byte	0xc
 900 06f9 3F       		.byte	0x3f
 901 06fa A5000000 		.4byte	0xa5
 902 06fe 0E       		.byte	0xe
 903 06ff 08       		.uleb128 0x8
 904 0700 17050000 		.4byte	.LASF110
 905 0704 0C       		.byte	0xc
 906 0705 40       		.byte	0x40
 907 0706 A5000000 		.4byte	0xa5
 908 070a 0F       		.byte	0xf
 909 070b 08       		.uleb128 0x8
 910 070c 80030000 		.4byte	.LASF111
 911 0710 0C       		.byte	0xc
 912 0711 41       		.byte	0x41
ARM GAS  /var/folders/t8/16hdwfmd2fg_d3q6dgx6bpmw0000gn/T//ccDNdy8W.s 			page 17


 913 0712 A5000000 		.4byte	0xa5
 914 0716 10       		.byte	0x10
 915 0717 08       		.uleb128 0x8
 916 0718 EF030000 		.4byte	.LASF112
 917 071c 0C       		.byte	0xc
 918 071d 42       		.byte	0x42
 919 071e A5000000 		.4byte	0xa5
 920 0722 11       		.byte	0x11
 921 0723 08       		.uleb128 0x8
 922 0724 8B040000 		.4byte	.LASF113
 923 0728 0C       		.byte	0xc
 924 0729 43       		.byte	0x43
 925 072a A5000000 		.4byte	0xa5
 926 072e 12       		.byte	0x12
 927 072f 08       		.uleb128 0x8
 928 0730 24090000 		.4byte	.LASF114
 929 0734 0C       		.byte	0xc
 930 0735 44       		.byte	0x44
 931 0736 A5000000 		.4byte	0xa5
 932 073a 13       		.byte	0x13
 933 073b 08       		.uleb128 0x8
 934 073c 70070000 		.4byte	.LASF115
 935 0740 0C       		.byte	0xc
 936 0741 45       		.byte	0x45
 937 0742 A5000000 		.4byte	0xa5
 938 0746 14       		.byte	0x14
 939 0747 08       		.uleb128 0x8
 940 0748 DB010000 		.4byte	.LASF116
 941 074c 0C       		.byte	0xc
 942 074d 46       		.byte	0x46
 943 074e A5000000 		.4byte	0xa5
 944 0752 15       		.byte	0x15
 945 0753 00       		.byte	0
 946 0754 16       		.uleb128 0x16
 947 0755 39060000 		.4byte	0x639
 948 0759 64070000 		.4byte	0x764
 949 075d 19       		.uleb128 0x19
 950 075e 2F000000 		.4byte	0x2f
 951 0762 03       		.byte	0x3
 952 0763 00       		.byte	0
 953 0764 03       		.uleb128 0x3
 954 0765 84060000 		.4byte	.LASF117
 955 0769 0C       		.byte	0xc
 956 076a 47       		.byte	0x47
 957 076b 73060000 		.4byte	0x673
 958 076f 05       		.uleb128 0x5
 959 0770 64070000 		.4byte	0x764
 960 0774 1A       		.uleb128 0x1a
 961 0775 35090000 		.4byte	.LASF118
 962 0779 0C       		.byte	0xc
 963 077a 6C       		.byte	0x6c
 964 077b 6F070000 		.4byte	0x76f
 965 077f 03       		.uleb128 0x3
 966 0780 DF070000 		.4byte	.LASF119
 967 0784 0B       		.byte	0xb
 968 0785 34       		.byte	0x34
 969 0786 F7050000 		.4byte	0x5f7
ARM GAS  /var/folders/t8/16hdwfmd2fg_d3q6dgx6bpmw0000gn/T//ccDNdy8W.s 			page 18


 970 078a 0C       		.uleb128 0xc
 971 078b 04       		.byte	0x4
 972 078c 7F070000 		.4byte	0x77f
 973 0790 0C       		.uleb128 0xc
 974 0791 04       		.byte	0x4
 975 0792 B0000000 		.4byte	0xb0
 976 0796 0C       		.uleb128 0xc
 977 0797 04       		.byte	0x4
 978 0798 A5000000 		.4byte	0xa5
 979 079c 04       		.uleb128 0x4
 980 079d 01       		.byte	0x1
 981 079e 02       		.byte	0x2
 982 079f 25040000 		.4byte	.LASF120
 983 07a3 03       		.uleb128 0x3
 984 07a4 72050000 		.4byte	.LASF121
 985 07a8 0E       		.byte	0xe
 986 07a9 46       		.byte	0x46
 987 07aa CB000000 		.4byte	0xcb
 988 07ae 03       		.uleb128 0x3
 989 07af 80040000 		.4byte	.LASF122
 990 07b3 0E       		.byte	0xe
 991 07b4 53       		.byte	0x53
 992 07b5 B9070000 		.4byte	0x7b9
 993 07b9 0C       		.uleb128 0xc
 994 07ba 04       		.byte	0x4
 995 07bb B2040000 		.4byte	0x4b2
 996 07bf 11       		.uleb128 0x11
 997 07c0 84       		.byte	0x84
 998 07c1 0E       		.byte	0xe
 999 07c2 5A       		.byte	0x5a
 1000 07c3 E0070000 		.4byte	0x7e0
 1001 07c7 08       		.uleb128 0x8
 1002 07c8 CC070000 		.4byte	.LASF123
 1003 07cc 0E       		.byte	0xe
 1004 07cd 5B       		.byte	0x5b
 1005 07ce AE070000 		.4byte	0x7ae
 1006 07d2 00       		.byte	0
 1007 07d3 08       		.uleb128 0x8
 1008 07d4 07040000 		.4byte	.LASF124
 1009 07d8 0E       		.byte	0xe
 1010 07d9 5C       		.byte	0x5c
 1011 07da E0070000 		.4byte	0x7e0
 1012 07de 04       		.byte	0x4
 1013 07df 00       		.byte	0
 1014 07e0 16       		.uleb128 0x16
 1015 07e1 A3070000 		.4byte	0x7a3
 1016 07e5 F0070000 		.4byte	0x7f0
 1017 07e9 19       		.uleb128 0x19
 1018 07ea 2F000000 		.4byte	0x2f
 1019 07ee 1F       		.byte	0x1f
 1020 07ef 00       		.byte	0
 1021 07f0 03       		.uleb128 0x3
 1022 07f1 73090000 		.4byte	.LASF125
 1023 07f5 0E       		.byte	0xe
 1024 07f6 5D       		.byte	0x5d
 1025 07f7 BF070000 		.4byte	0x7bf
 1026 07fb 1B       		.uleb128 0x1b
ARM GAS  /var/folders/t8/16hdwfmd2fg_d3q6dgx6bpmw0000gn/T//ccDNdy8W.s 			page 19


 1027 07fc 9402     		.2byte	0x294
 1028 07fe 0E       		.byte	0xe
 1029 07ff 68       		.byte	0x68
 1030 0800 11080000 		.4byte	0x811
 1031 0804 08       		.uleb128 0x8
 1032 0805 90080000 		.4byte	.LASF126
 1033 0809 0E       		.byte	0xe
 1034 080a 69       		.byte	0x69
 1035 080b 11080000 		.4byte	0x811
 1036 080f 00       		.byte	0
 1037 0810 00       		.byte	0
 1038 0811 16       		.uleb128 0x16
 1039 0812 F0070000 		.4byte	0x7f0
 1040 0816 21080000 		.4byte	0x821
 1041 081a 19       		.uleb128 0x19
 1042 081b 2F000000 		.4byte	0x2f
 1043 081f 04       		.byte	0x4
 1044 0820 00       		.byte	0
 1045 0821 03       		.uleb128 0x3
 1046 0822 7C070000 		.4byte	.LASF127
 1047 0826 0E       		.byte	0xe
 1048 0827 6A       		.byte	0x6a
 1049 0828 FB070000 		.4byte	0x7fb
 1050 082c 05       		.uleb128 0x5
 1051 082d 21080000 		.4byte	0x821
 1052 0831 18       		.uleb128 0x18
 1053 0832 51040000 		.4byte	.LASF128
 1054 0836 0E       		.byte	0xe
 1055 0837 8D01     		.2byte	0x18d
 1056 0839 2C080000 		.4byte	0x82c
 1057 083d 1C       		.uleb128 0x1c
 1058 083e 9C010000 		.4byte	.LASF129
 1059 0842 0F       		.byte	0xf
 1060 0843 0001     		.2byte	0x100
 1061 0845 49080000 		.4byte	0x849
 1062 0849 0D       		.uleb128 0xd
 1063 084a 9C010000 		.4byte	.LASF129
 1064 084e E8       		.byte	0xe8
 1065 084f 10       		.byte	0x10
 1066 0850 0601     		.2byte	0x106
 1067 0852 34090000 		.4byte	0x934
 1068 0856 0B       		.uleb128 0xb
 1069 0857 6B080000 		.4byte	.LASF36
 1070 085b 10       		.byte	0x10
 1071 085c 0A01     		.2byte	0x10a
 1072 085e 73090000 		.4byte	0x973
 1073 0862 00       		.byte	0
 1074 0863 0B       		.uleb128 0xb
 1075 0864 A0060000 		.4byte	.LASF130
 1076 0868 10       		.byte	0x10
 1077 0869 0E01     		.2byte	0x10e
 1078 086b A70C0000 		.4byte	0xca7
 1079 086f 04       		.byte	0x4
 1080 0870 0B       		.uleb128 0xb
 1081 0871 3D030000 		.4byte	.LASF131
 1082 0875 10       		.byte	0x10
 1083 0876 1201     		.2byte	0x112
ARM GAS  /var/folders/t8/16hdwfmd2fg_d3q6dgx6bpmw0000gn/T//ccDNdy8W.s 			page 20


 1084 0878 B5000000 		.4byte	0xb5
 1085 087c 08       		.byte	0x8
 1086 087d 0B       		.uleb128 0xb
 1087 087e 5C030000 		.4byte	.LASF132
 1088 0882 10       		.byte	0x10
 1089 0883 1601     		.2byte	0x116
 1090 0885 B5000000 		.4byte	0xb5
 1091 0889 0A       		.byte	0xa
 1092 088a 0A       		.uleb128 0xa
 1093 088b 65706300 		.ascii	"epc\000"
 1094 088f 10       		.byte	0x10
 1095 0890 1A01     		.2byte	0x11a
 1096 0892 AD0C0000 		.4byte	0xcad
 1097 0896 0C       		.byte	0xc
 1098 0897 0B       		.uleb128 0xb
 1099 0898 7B050000 		.4byte	.LASF133
 1100 089c 10       		.byte	0x10
 1101 089d 2101     		.2byte	0x121
 1102 089f C30C0000 		.4byte	0xcc3
 1103 08a3 4C       		.byte	0x4c
 1104 08a4 0B       		.uleb128 0xb
 1105 08a5 B1060000 		.4byte	.LASF134
 1106 08a9 10       		.byte	0x10
 1107 08aa 2801     		.2byte	0x128
 1108 08ac C30C0000 		.4byte	0xcc3
 1109 08b0 88       		.byte	0x88
 1110 08b1 0B       		.uleb128 0xb
 1111 08b2 72060000 		.4byte	.LASF135
 1112 08b6 10       		.byte	0x10
 1113 08b7 2C01     		.2byte	0x12c
 1114 08b9 B8090000 		.4byte	0x9b8
 1115 08bd C4       		.byte	0xc4
 1116 08be 0B       		.uleb128 0xb
 1117 08bf E6040000 		.4byte	.LASF136
 1118 08c3 10       		.byte	0x10
 1119 08c4 3001     		.2byte	0x130
 1120 08c6 96070000 		.4byte	0x796
 1121 08ca C8       		.byte	0xc8
 1122 08cb 0B       		.uleb128 0xb
 1123 08cc 53050000 		.4byte	.LASF137
 1124 08d0 10       		.byte	0x10
 1125 08d1 3401     		.2byte	0x134
 1126 08d3 24000000 		.4byte	0x24
 1127 08d7 CC       		.byte	0xcc
 1128 08d8 0B       		.uleb128 0xb
 1129 08d9 FD010000 		.4byte	.LASF138
 1130 08dd 10       		.byte	0x10
 1131 08de 3801     		.2byte	0x138
 1132 08e0 3E0A0000 		.4byte	0xa3e
 1133 08e4 D0       		.byte	0xd0
 1134 08e5 0B       		.uleb128 0xb
 1135 08e6 FB070000 		.4byte	.LASF139
 1136 08ea 10       		.byte	0x10
 1137 08eb 3C01     		.2byte	0x13c
 1138 08ed D30C0000 		.4byte	0xcd3
 1139 08f1 D4       		.byte	0xd4
 1140 08f2 0B       		.uleb128 0xb
ARM GAS  /var/folders/t8/16hdwfmd2fg_d3q6dgx6bpmw0000gn/T//ccDNdy8W.s 			page 21


 1141 08f3 FD040000 		.4byte	.LASF140
 1142 08f7 10       		.byte	0x10
 1143 08f8 4001     		.2byte	0x140
 1144 08fa B5000000 		.4byte	0xb5
 1145 08fe DC       		.byte	0xdc
 1146 08ff 0B       		.uleb128 0xb
 1147 0900 A0070000 		.4byte	.LASF141
 1148 0904 10       		.byte	0x10
 1149 0905 4401     		.2byte	0x144
 1150 0907 A5000000 		.4byte	0xa5
 1151 090b DE       		.byte	0xde
 1152 090c 0B       		.uleb128 0xb
 1153 090d 0C040000 		.4byte	.LASF142
 1154 0911 10       		.byte	0x10
 1155 0912 4801     		.2byte	0x148
 1156 0914 A5000000 		.4byte	0xa5
 1157 0918 DF       		.byte	0xdf
 1158 0919 0B       		.uleb128 0xb
 1159 091a ED060000 		.4byte	.LASF143
 1160 091e 10       		.byte	0x10
 1161 091f 4C01     		.2byte	0x14c
 1162 0921 73090000 		.4byte	0x973
 1163 0925 E0       		.byte	0xe0
 1164 0926 0B       		.uleb128 0xb
 1165 0927 01080000 		.4byte	.LASF144
 1166 092b 10       		.byte	0x10
 1167 092c 5401     		.2byte	0x154
 1168 092e CB000000 		.4byte	0xcb
 1169 0932 E4       		.byte	0xe4
 1170 0933 00       		.byte	0
 1171 0934 1C       		.uleb128 0x1c
 1172 0935 3F080000 		.4byte	.LASF145
 1173 0939 0F       		.byte	0xf
 1174 093a 0501     		.2byte	0x105
 1175 093c A5000000 		.4byte	0xa5
 1176 0940 1D       		.uleb128 0x1d
 1177 0941 07       		.byte	0x7
 1178 0942 01       		.byte	0x1
 1179 0943 48000000 		.4byte	0x48
 1180 0947 0F       		.byte	0xf
 1181 0948 0A01     		.2byte	0x10a
 1182 094a 73090000 		.4byte	0x973
 1183 094e 1E       		.uleb128 0x1e
 1184 094f 19010000 		.4byte	.LASF146
 1185 0953 00       		.byte	0
 1186 0954 1E       		.uleb128 0x1e
 1187 0955 C9090000 		.4byte	.LASF147
 1188 0959 01       		.byte	0x1
 1189 095a 1E       		.uleb128 0x1e
 1190 095b 24010000 		.4byte	.LASF148
 1191 095f 02       		.byte	0x2
 1192 0960 1E       		.uleb128 0x1e
 1193 0961 25070000 		.4byte	.LASF149
 1194 0965 03       		.byte	0x3
 1195 0966 1E       		.uleb128 0x1e
 1196 0967 1A040000 		.4byte	.LASF150
 1197 096b 04       		.byte	0x4
ARM GAS  /var/folders/t8/16hdwfmd2fg_d3q6dgx6bpmw0000gn/T//ccDNdy8W.s 			page 22


 1198 096c 1E       		.uleb128 0x1e
 1199 096d 10060000 		.4byte	.LASF151
 1200 0971 05       		.byte	0x5
 1201 0972 00       		.byte	0
 1202 0973 1C       		.uleb128 0x1c
 1203 0974 20050000 		.4byte	.LASF152
 1204 0978 0F       		.byte	0xf
 1205 0979 1101     		.2byte	0x111
 1206 097b 40090000 		.4byte	0x940
 1207 097f 1D       		.uleb128 0x1d
 1208 0980 07       		.byte	0x7
 1209 0981 01       		.byte	0x1
 1210 0982 48000000 		.4byte	0x48
 1211 0986 0F       		.byte	0xf
 1212 0987 1F01     		.2byte	0x11f
 1213 0989 B8090000 		.4byte	0x9b8
 1214 098d 1E       		.uleb128 0x1e
 1215 098e 80020000 		.4byte	.LASF153
 1216 0992 00       		.byte	0
 1217 0993 1E       		.uleb128 0x1e
 1218 0994 C2010000 		.4byte	.LASF154
 1219 0998 01       		.byte	0x1
 1220 0999 1E       		.uleb128 0x1e
 1221 099a 07030000 		.4byte	.LASF155
 1222 099e 02       		.byte	0x2
 1223 099f 1E       		.uleb128 0x1e
 1224 09a0 64040000 		.4byte	.LASF156
 1225 09a4 03       		.byte	0x3
 1226 09a5 1E       		.uleb128 0x1e
 1227 09a6 7E090000 		.4byte	.LASF157
 1228 09aa 04       		.byte	0x4
 1229 09ab 1E       		.uleb128 0x1e
 1230 09ac 3E090000 		.4byte	.LASF158
 1231 09b0 05       		.byte	0x5
 1232 09b1 1E       		.uleb128 0x1e
 1233 09b2 1B080000 		.4byte	.LASF159
 1234 09b6 06       		.byte	0x6
 1235 09b7 00       		.byte	0
 1236 09b8 1C       		.uleb128 0x1c
 1237 09b9 89090000 		.4byte	.LASF160
 1238 09bd 0F       		.byte	0xf
 1239 09be 2701     		.2byte	0x127
 1240 09c0 7F090000 		.4byte	0x97f
 1241 09c4 1D       		.uleb128 0x1d
 1242 09c5 07       		.byte	0x7
 1243 09c6 01       		.byte	0x1
 1244 09c7 48000000 		.4byte	0x48
 1245 09cb 0F       		.byte	0xf
 1246 09cc 2C01     		.2byte	0x12c
 1247 09ce FD090000 		.4byte	0x9fd
 1248 09d2 1E       		.uleb128 0x1e
 1249 09d3 52020000 		.4byte	.LASF161
 1250 09d7 00       		.byte	0
 1251 09d8 1E       		.uleb128 0x1e
 1252 09d9 9A040000 		.4byte	.LASF162
 1253 09dd 01       		.byte	0x1
 1254 09de 1E       		.uleb128 0x1e
ARM GAS  /var/folders/t8/16hdwfmd2fg_d3q6dgx6bpmw0000gn/T//ccDNdy8W.s 			page 23


 1255 09df 97090000 		.4byte	.LASF163
 1256 09e3 02       		.byte	0x2
 1257 09e4 1E       		.uleb128 0x1e
 1258 09e5 28060000 		.4byte	.LASF164
 1259 09e9 03       		.byte	0x3
 1260 09ea 1E       		.uleb128 0x1e
 1261 09eb 2E010000 		.4byte	.LASF165
 1262 09ef 04       		.byte	0x4
 1263 09f0 1E       		.uleb128 0x1e
 1264 09f1 5A080000 		.4byte	.LASF166
 1265 09f5 05       		.byte	0x5
 1266 09f6 1E       		.uleb128 0x1e
 1267 09f7 AD050000 		.4byte	.LASF167
 1268 09fb 06       		.byte	0x6
 1269 09fc 00       		.byte	0
 1270 09fd 1C       		.uleb128 0x1c
 1271 09fe 63090000 		.4byte	.LASF168
 1272 0a02 0F       		.byte	0xf
 1273 0a03 3401     		.2byte	0x134
 1274 0a05 C4090000 		.4byte	0x9c4
 1275 0a09 1F       		.uleb128 0x1f
 1276 0a0a 08       		.byte	0x8
 1277 0a0b 0F       		.byte	0xf
 1278 0a0c 3901     		.2byte	0x139
 1279 0a0e 2D0A0000 		.4byte	0xa2d
 1280 0a12 0B       		.uleb128 0xb
 1281 0a13 0D020000 		.4byte	.LASF169
 1282 0a17 0F       		.byte	0xf
 1283 0a18 3D01     		.2byte	0x13d
 1284 0a1a 24000000 		.4byte	0x24
 1285 0a1e 00       		.byte	0
 1286 0a1f 0B       		.uleb128 0xb
 1287 0a20 50080000 		.4byte	.LASF170
 1288 0a24 0F       		.byte	0xf
 1289 0a25 4101     		.2byte	0x141
 1290 0a27 90070000 		.4byte	0x790
 1291 0a2b 04       		.byte	0x4
 1292 0a2c 00       		.byte	0
 1293 0a2d 1C       		.uleb128 0x1c
 1294 0a2e 49060000 		.4byte	.LASF171
 1295 0a32 0F       		.byte	0xf
 1296 0a33 4201     		.2byte	0x142
 1297 0a35 090A0000 		.4byte	0xa09
 1298 0a39 05       		.uleb128 0x5
 1299 0a3a 2D0A0000 		.4byte	0xa2d
 1300 0a3e 1C       		.uleb128 0x1c
 1301 0a3f AC090000 		.4byte	.LASF172
 1302 0a43 0F       		.byte	0xf
 1303 0a44 4A01     		.2byte	0x14a
 1304 0a46 4A0A0000 		.4byte	0xa4a
 1305 0a4a 0C       		.uleb128 0xc
 1306 0a4b 04       		.byte	0x4
 1307 0a4c 500A0000 		.4byte	0xa50
 1308 0a50 0E       		.uleb128 0xe
 1309 0a51 5B0A0000 		.4byte	0xa5b
 1310 0a55 0F       		.uleb128 0xf
 1311 0a56 5B0A0000 		.4byte	0xa5b
ARM GAS  /var/folders/t8/16hdwfmd2fg_d3q6dgx6bpmw0000gn/T//ccDNdy8W.s 			page 24


 1312 0a5a 00       		.byte	0
 1313 0a5b 0C       		.uleb128 0xc
 1314 0a5c 04       		.byte	0x4
 1315 0a5d 3D080000 		.4byte	0x83d
 1316 0a61 1C       		.uleb128 0x1c
 1317 0a62 41070000 		.4byte	.LASF173
 1318 0a66 0F       		.byte	0xf
 1319 0a67 5301     		.2byte	0x153
 1320 0a69 6D0A0000 		.4byte	0xa6d
 1321 0a6d 0C       		.uleb128 0xc
 1322 0a6e 04       		.byte	0x4
 1323 0a6f 730A0000 		.4byte	0xa73
 1324 0a73 0E       		.uleb128 0xe
 1325 0a74 830A0000 		.4byte	0xa83
 1326 0a78 0F       		.uleb128 0xf
 1327 0a79 5B0A0000 		.4byte	0xa5b
 1328 0a7d 0F       		.uleb128 0xf
 1329 0a7e 34090000 		.4byte	0x934
 1330 0a82 00       		.byte	0
 1331 0a83 1C       		.uleb128 0x1c
 1332 0a84 71080000 		.4byte	.LASF174
 1333 0a88 0F       		.byte	0xf
 1334 0a89 5C01     		.2byte	0x15c
 1335 0a8b 8F0A0000 		.4byte	0xa8f
 1336 0a8f 0C       		.uleb128 0xc
 1337 0a90 04       		.byte	0x4
 1338 0a91 950A0000 		.4byte	0xa95
 1339 0a95 0E       		.uleb128 0xe
 1340 0a96 A50A0000 		.4byte	0xaa5
 1341 0a9a 0F       		.uleb128 0xf
 1342 0a9b 5B0A0000 		.4byte	0xa5b
 1343 0a9f 0F       		.uleb128 0xf
 1344 0aa0 FD090000 		.4byte	0x9fd
 1345 0aa4 00       		.byte	0
 1346 0aa5 1C       		.uleb128 0x1c
 1347 0aa6 DE090000 		.4byte	.LASF175
 1348 0aaa 0F       		.byte	0xf
 1349 0aab 6801     		.2byte	0x168
 1350 0aad B10A0000 		.4byte	0xab1
 1351 0ab1 0C       		.uleb128 0xc
 1352 0ab2 04       		.byte	0x4
 1353 0ab3 B70A0000 		.4byte	0xab7
 1354 0ab7 20       		.uleb128 0x20
 1355 0ab8 9C070000 		.4byte	0x79c
 1356 0abc C60A0000 		.4byte	0xac6
 1357 0ac0 0F       		.uleb128 0xf
 1358 0ac1 5B0A0000 		.4byte	0xa5b
 1359 0ac5 00       		.byte	0
 1360 0ac6 1C       		.uleb128 0x1c
 1361 0ac7 F9060000 		.4byte	.LASF176
 1362 0acb 0F       		.byte	0xf
 1363 0acc 6D01     		.2byte	0x16d
 1364 0ace D20A0000 		.4byte	0xad2
 1365 0ad2 0C       		.uleb128 0xc
 1366 0ad3 04       		.byte	0x4
 1367 0ad4 D80A0000 		.4byte	0xad8
 1368 0ad8 20       		.uleb128 0x20
ARM GAS  /var/folders/t8/16hdwfmd2fg_d3q6dgx6bpmw0000gn/T//ccDNdy8W.s 			page 25


 1369 0ad9 F60A0000 		.4byte	0xaf6
 1370 0add F60A0000 		.4byte	0xaf6
 1371 0ae1 0F       		.uleb128 0xf
 1372 0ae2 5B0A0000 		.4byte	0xa5b
 1373 0ae6 0F       		.uleb128 0xf
 1374 0ae7 A5000000 		.4byte	0xa5
 1375 0aeb 0F       		.uleb128 0xf
 1376 0aec A5000000 		.4byte	0xa5
 1377 0af0 0F       		.uleb128 0xf
 1378 0af1 B5000000 		.4byte	0xb5
 1379 0af5 00       		.byte	0
 1380 0af6 0C       		.uleb128 0xc
 1381 0af7 04       		.byte	0x4
 1382 0af8 390A0000 		.4byte	0xa39
 1383 0afc 11       		.uleb128 0x11
 1384 0afd 14       		.byte	0x14
 1385 0afe 10       		.byte	0x10
 1386 0aff 6B       		.byte	0x6b
 1387 0b00 4D0B0000 		.4byte	0xb4d
 1388 0b04 08       		.uleb128 0x8
 1389 0b05 12010000 		.4byte	.LASF177
 1390 0b09 10       		.byte	0x10
 1391 0b0a 6F       		.byte	0x6f
 1392 0b0b 24000000 		.4byte	0x24
 1393 0b0f 00       		.byte	0
 1394 0b10 08       		.uleb128 0x8
 1395 0b11 37030000 		.4byte	.LASF178
 1396 0b15 10       		.byte	0x10
 1397 0b16 73       		.byte	0x73
 1398 0b17 24000000 		.4byte	0x24
 1399 0b1b 04       		.byte	0x4
 1400 0b1c 08       		.uleb128 0x8
 1401 0b1d AB030000 		.4byte	.LASF179
 1402 0b21 10       		.byte	0x10
 1403 0b22 77       		.byte	0x77
 1404 0b23 90070000 		.4byte	0x790
 1405 0b27 08       		.byte	0x8
 1406 0b28 08       		.uleb128 0x8
 1407 0b29 D1070000 		.4byte	.LASF180
 1408 0b2d 10       		.byte	0x10
 1409 0b2e 7C       		.byte	0x7c
 1410 0b2f 43020000 		.4byte	0x243
 1411 0b33 0C       		.byte	0xc
 1412 0b34 08       		.uleb128 0x8
 1413 0b35 B5070000 		.4byte	.LASF181
 1414 0b39 10       		.byte	0x10
 1415 0b3a 80       		.byte	0x80
 1416 0b3b 9C070000 		.4byte	0x79c
 1417 0b3f 10       		.byte	0x10
 1418 0b40 08       		.uleb128 0x8
 1419 0b41 8C050000 		.4byte	.LASF182
 1420 0b45 10       		.byte	0x10
 1421 0b46 82       		.byte	0x82
 1422 0b47 9C070000 		.4byte	0x79c
 1423 0b4b 11       		.byte	0x11
 1424 0b4c 00       		.byte	0
 1425 0b4d 03       		.uleb128 0x3
ARM GAS  /var/folders/t8/16hdwfmd2fg_d3q6dgx6bpmw0000gn/T//ccDNdy8W.s 			page 26


 1426 0b4e 96020000 		.4byte	.LASF183
 1427 0b52 10       		.byte	0x10
 1428 0b53 83       		.byte	0x83
 1429 0b54 FC0A0000 		.4byte	0xafc
 1430 0b58 11       		.uleb128 0x11
 1431 0b59 14       		.byte	0x14
 1432 0b5a 10       		.byte	0x10
 1433 0b5b 88       		.byte	0x88
 1434 0b5c B50B0000 		.4byte	0xbb5
 1435 0b60 08       		.uleb128 0x8
 1436 0b61 51070000 		.4byte	.LASF184
 1437 0b65 10       		.byte	0x10
 1438 0b66 8C       		.byte	0x8c
 1439 0b67 24000000 		.4byte	0x24
 1440 0b6b 00       		.byte	0
 1441 0b6c 08       		.uleb128 0x8
 1442 0b6d 52090000 		.4byte	.LASF185
 1443 0b71 10       		.byte	0x10
 1444 0b72 90       		.byte	0x90
 1445 0b73 24000000 		.4byte	0x24
 1446 0b77 04       		.byte	0x4
 1447 0b78 08       		.uleb128 0x8
 1448 0b79 D2090000 		.4byte	.LASF186
 1449 0b7d 10       		.byte	0x10
 1450 0b7e 94       		.byte	0x94
 1451 0b7f 96070000 		.4byte	0x796
 1452 0b83 08       		.byte	0x8
 1453 0b84 08       		.uleb128 0x8
 1454 0b85 D1070000 		.4byte	.LASF180
 1455 0b89 10       		.byte	0x10
 1456 0b8a 99       		.byte	0x99
 1457 0b8b 43020000 		.4byte	0x243
 1458 0b8f 0C       		.byte	0xc
 1459 0b90 08       		.uleb128 0x8
 1460 0b91 EE040000 		.4byte	.LASF187
 1461 0b95 10       		.byte	0x10
 1462 0b96 9F       		.byte	0x9f
 1463 0b97 B5000000 		.4byte	0xb5
 1464 0b9b 10       		.byte	0x10
 1465 0b9c 08       		.uleb128 0x8
 1466 0b9d B5070000 		.4byte	.LASF181
 1467 0ba1 10       		.byte	0x10
 1468 0ba2 A1       		.byte	0xa1
 1469 0ba3 9C070000 		.4byte	0x79c
 1470 0ba7 12       		.byte	0x12
 1471 0ba8 08       		.uleb128 0x8
 1472 0ba9 8C050000 		.4byte	.LASF182
 1473 0bad 10       		.byte	0x10
 1474 0bae A3       		.byte	0xa3
 1475 0baf 9C070000 		.4byte	0x79c
 1476 0bb3 13       		.byte	0x13
 1477 0bb4 00       		.byte	0
 1478 0bb5 03       		.uleb128 0x3
 1479 0bb6 D9060000 		.4byte	.LASF188
 1480 0bba 10       		.byte	0x10
 1481 0bbb A4       		.byte	0xa4
 1482 0bbc 580B0000 		.4byte	0xb58
ARM GAS  /var/folders/t8/16hdwfmd2fg_d3q6dgx6bpmw0000gn/T//ccDNdy8W.s 			page 27


 1483 0bc0 11       		.uleb128 0x11
 1484 0bc1 24       		.byte	0x24
 1485 0bc2 10       		.byte	0x10
 1486 0bc3 AA       		.byte	0xaa
 1487 0bc4 410C0000 		.4byte	0xc41
 1488 0bc8 08       		.uleb128 0x8
 1489 0bc9 EE010000 		.4byte	.LASF189
 1490 0bcd 10       		.byte	0x10
 1491 0bce AE       		.byte	0xae
 1492 0bcf CB000000 		.4byte	0xcb
 1493 0bd3 00       		.byte	0
 1494 0bd4 08       		.uleb128 0x8
 1495 0bd5 47080000 		.4byte	.LASF190
 1496 0bd9 10       		.byte	0x10
 1497 0bda B9       		.byte	0xb9
 1498 0bdb 610A0000 		.4byte	0xa61
 1499 0bdf 04       		.byte	0x4
 1500 0be0 08       		.uleb128 0x8
 1501 0be1 A6010000 		.4byte	.LASF191
 1502 0be5 10       		.byte	0x10
 1503 0be6 BE       		.byte	0xbe
 1504 0be7 610A0000 		.4byte	0xa61
 1505 0beb 08       		.byte	0x8
 1506 0bec 08       		.uleb128 0x8
 1507 0bed D0030000 		.4byte	.LASF192
 1508 0bf1 10       		.byte	0x10
 1509 0bf2 C3       		.byte	0xc3
 1510 0bf3 610A0000 		.4byte	0xa61
 1511 0bf7 0C       		.byte	0xc
 1512 0bf8 08       		.uleb128 0x8
 1513 0bf9 58090000 		.4byte	.LASF193
 1514 0bfd 10       		.byte	0x10
 1515 0bfe C8       		.byte	0xc8
 1516 0bff B5000000 		.4byte	0xb5
 1517 0c03 10       		.byte	0x10
 1518 0c04 08       		.uleb128 0x8
 1519 0c05 AC010000 		.4byte	.LASF194
 1520 0c09 10       		.byte	0x10
 1521 0c0a CD       		.byte	0xcd
 1522 0c0b B5000000 		.4byte	0xb5
 1523 0c0f 12       		.byte	0x12
 1524 0c10 08       		.uleb128 0x8
 1525 0c11 D2010000 		.4byte	.LASF195
 1526 0c15 10       		.byte	0x10
 1527 0c16 D3       		.byte	0xd3
 1528 0c17 410C0000 		.4byte	0xc41
 1529 0c1b 14       		.byte	0x14
 1530 0c1c 08       		.uleb128 0x8
 1531 0c1d 58050000 		.4byte	.LASF196
 1532 0c21 10       		.byte	0x10
 1533 0c22 D9       		.byte	0xd9
 1534 0c23 470C0000 		.4byte	0xc47
 1535 0c27 18       		.byte	0x18
 1536 0c28 08       		.uleb128 0x8
 1537 0c29 62020000 		.4byte	.LASF197
 1538 0c2d 10       		.byte	0x10
 1539 0c2e DF       		.byte	0xdf
ARM GAS  /var/folders/t8/16hdwfmd2fg_d3q6dgx6bpmw0000gn/T//ccDNdy8W.s 			page 28


 1540 0c2f B5000000 		.4byte	0xb5
 1541 0c33 1C       		.byte	0x1c
 1542 0c34 08       		.uleb128 0x8
 1543 0c35 1E060000 		.4byte	.LASF198
 1544 0c39 10       		.byte	0x10
 1545 0c3a E5       		.byte	0xe5
 1546 0c3b 96070000 		.4byte	0x796
 1547 0c3f 20       		.byte	0x20
 1548 0c40 00       		.byte	0
 1549 0c41 0C       		.uleb128 0xc
 1550 0c42 04       		.byte	0x4
 1551 0c43 4D0B0000 		.4byte	0xb4d
 1552 0c47 0C       		.uleb128 0xc
 1553 0c48 04       		.byte	0x4
 1554 0c49 B50B0000 		.4byte	0xbb5
 1555 0c4d 03       		.uleb128 0x3
 1556 0c4e 4A030000 		.4byte	.LASF199
 1557 0c52 10       		.byte	0x10
 1558 0c53 E6       		.byte	0xe6
 1559 0c54 C00B0000 		.4byte	0xbc0
 1560 0c58 05       		.uleb128 0x5
 1561 0c59 4D0C0000 		.4byte	0xc4d
 1562 0c5d 11       		.uleb128 0x11
 1563 0c5e 10       		.byte	0x10
 1564 0c5f 10       		.byte	0x10
 1565 0c60 EB       		.byte	0xeb
 1566 0c61 960C0000 		.4byte	0xc96
 1567 0c65 08       		.uleb128 0x8
 1568 0c66 66030000 		.4byte	.LASF200
 1569 0c6a 10       		.byte	0x10
 1570 0c6b F0       		.byte	0xf0
 1571 0c6c 830A0000 		.4byte	0xa83
 1572 0c70 00       		.byte	0
 1573 0c71 08       		.uleb128 0x8
 1574 0c72 3F040000 		.4byte	.LASF201
 1575 0c76 10       		.byte	0x10
 1576 0c77 F5       		.byte	0xf5
 1577 0c78 C60A0000 		.4byte	0xac6
 1578 0c7c 04       		.byte	0x4
 1579 0c7d 08       		.uleb128 0x8
 1580 0c7e 59010000 		.4byte	.LASF202
 1581 0c82 10       		.byte	0x10
 1582 0c83 FB       		.byte	0xfb
 1583 0c84 A50A0000 		.4byte	0xaa5
 1584 0c88 08       		.byte	0x8
 1585 0c89 08       		.uleb128 0x8
 1586 0c8a 85050000 		.4byte	.LASF203
 1587 0c8e 10       		.byte	0x10
 1588 0c8f FF       		.byte	0xff
 1589 0c90 3E0A0000 		.4byte	0xa3e
 1590 0c94 0C       		.byte	0xc
 1591 0c95 00       		.byte	0
 1592 0c96 1C       		.uleb128 0x1c
 1593 0c97 E4010000 		.4byte	.LASF204
 1594 0c9b 10       		.byte	0x10
 1595 0c9c 0101     		.2byte	0x101
 1596 0c9e 5D0C0000 		.4byte	0xc5d
ARM GAS  /var/folders/t8/16hdwfmd2fg_d3q6dgx6bpmw0000gn/T//ccDNdy8W.s 			page 29


 1597 0ca2 05       		.uleb128 0x5
 1598 0ca3 960C0000 		.4byte	0xc96
 1599 0ca7 0C       		.uleb128 0xc
 1600 0ca8 04       		.byte	0x4
 1601 0ca9 A20C0000 		.4byte	0xca2
 1602 0cad 16       		.uleb128 0x16
 1603 0cae BD0C0000 		.4byte	0xcbd
 1604 0cb2 BD0C0000 		.4byte	0xcbd
 1605 0cb6 19       		.uleb128 0x19
 1606 0cb7 2F000000 		.4byte	0x2f
 1607 0cbb 0F       		.byte	0xf
 1608 0cbc 00       		.byte	0
 1609 0cbd 0C       		.uleb128 0xc
 1610 0cbe 04       		.byte	0x4
 1611 0cbf 580C0000 		.4byte	0xc58
 1612 0cc3 16       		.uleb128 0x16
 1613 0cc4 2B030000 		.4byte	0x32b
 1614 0cc8 D30C0000 		.4byte	0xcd3
 1615 0ccc 19       		.uleb128 0x19
 1616 0ccd 2F000000 		.4byte	0x2f
 1617 0cd1 0E       		.byte	0xe
 1618 0cd2 00       		.byte	0
 1619 0cd3 16       		.uleb128 0x16
 1620 0cd4 A5000000 		.4byte	0xa5
 1621 0cd8 E30C0000 		.4byte	0xce3
 1622 0cdc 19       		.uleb128 0x19
 1623 0cdd 2F000000 		.4byte	0x2f
 1624 0ce1 07       		.byte	0x7
 1625 0ce2 00       		.byte	0
 1626 0ce3 18       		.uleb128 0x18
 1627 0ce4 96080000 		.4byte	.LASF205
 1628 0ce8 10       		.byte	0x10
 1629 0ce9 9201     		.2byte	0x192
 1630 0ceb 3D080000 		.4byte	0x83d
 1631 0cef 00       		.byte	0
 1632              		.section	.debug_abbrev,"",%progbits
 1633              	.Ldebug_abbrev0:
 1634 0000 01       		.uleb128 0x1
 1635 0001 11       		.uleb128 0x11
 1636 0002 01       		.byte	0x1
 1637 0003 25       		.uleb128 0x25
 1638 0004 0E       		.uleb128 0xe
 1639 0005 13       		.uleb128 0x13
 1640 0006 0B       		.uleb128 0xb
 1641 0007 03       		.uleb128 0x3
 1642 0008 0E       		.uleb128 0xe
 1643 0009 1B       		.uleb128 0x1b
 1644 000a 0E       		.uleb128 0xe
 1645 000b 10       		.uleb128 0x10
 1646 000c 17       		.uleb128 0x17
 1647 000d 00       		.byte	0
 1648 000e 00       		.byte	0
 1649 000f 02       		.uleb128 0x2
 1650 0010 24       		.uleb128 0x24
 1651 0011 00       		.byte	0
 1652 0012 0B       		.uleb128 0xb
 1653 0013 0B       		.uleb128 0xb
ARM GAS  /var/folders/t8/16hdwfmd2fg_d3q6dgx6bpmw0000gn/T//ccDNdy8W.s 			page 30


 1654 0014 3E       		.uleb128 0x3e
 1655 0015 0B       		.uleb128 0xb
 1656 0016 03       		.uleb128 0x3
 1657 0017 08       		.uleb128 0x8
 1658 0018 00       		.byte	0
 1659 0019 00       		.byte	0
 1660 001a 03       		.uleb128 0x3
 1661 001b 16       		.uleb128 0x16
 1662 001c 00       		.byte	0
 1663 001d 03       		.uleb128 0x3
 1664 001e 0E       		.uleb128 0xe
 1665 001f 3A       		.uleb128 0x3a
 1666 0020 0B       		.uleb128 0xb
 1667 0021 3B       		.uleb128 0x3b
 1668 0022 0B       		.uleb128 0xb
 1669 0023 49       		.uleb128 0x49
 1670 0024 13       		.uleb128 0x13
 1671 0025 00       		.byte	0
 1672 0026 00       		.byte	0
 1673 0027 04       		.uleb128 0x4
 1674 0028 24       		.uleb128 0x24
 1675 0029 00       		.byte	0
 1676 002a 0B       		.uleb128 0xb
 1677 002b 0B       		.uleb128 0xb
 1678 002c 3E       		.uleb128 0x3e
 1679 002d 0B       		.uleb128 0xb
 1680 002e 03       		.uleb128 0x3
 1681 002f 0E       		.uleb128 0xe
 1682 0030 00       		.byte	0
 1683 0031 00       		.byte	0
 1684 0032 05       		.uleb128 0x5
 1685 0033 26       		.uleb128 0x26
 1686 0034 00       		.byte	0
 1687 0035 49       		.uleb128 0x49
 1688 0036 13       		.uleb128 0x13
 1689 0037 00       		.byte	0
 1690 0038 00       		.byte	0
 1691 0039 06       		.uleb128 0x6
 1692 003a 35       		.uleb128 0x35
 1693 003b 00       		.byte	0
 1694 003c 49       		.uleb128 0x49
 1695 003d 13       		.uleb128 0x13
 1696 003e 00       		.byte	0
 1697 003f 00       		.byte	0
 1698 0040 07       		.uleb128 0x7
 1699 0041 13       		.uleb128 0x13
 1700 0042 01       		.byte	0x1
 1701 0043 03       		.uleb128 0x3
 1702 0044 0E       		.uleb128 0xe
 1703 0045 0B       		.uleb128 0xb
 1704 0046 0B       		.uleb128 0xb
 1705 0047 3A       		.uleb128 0x3a
 1706 0048 0B       		.uleb128 0xb
 1707 0049 3B       		.uleb128 0x3b
 1708 004a 0B       		.uleb128 0xb
 1709 004b 01       		.uleb128 0x1
 1710 004c 13       		.uleb128 0x13
ARM GAS  /var/folders/t8/16hdwfmd2fg_d3q6dgx6bpmw0000gn/T//ccDNdy8W.s 			page 31


 1711 004d 00       		.byte	0
 1712 004e 00       		.byte	0
 1713 004f 08       		.uleb128 0x8
 1714 0050 0D       		.uleb128 0xd
 1715 0051 00       		.byte	0
 1716 0052 03       		.uleb128 0x3
 1717 0053 0E       		.uleb128 0xe
 1718 0054 3A       		.uleb128 0x3a
 1719 0055 0B       		.uleb128 0xb
 1720 0056 3B       		.uleb128 0x3b
 1721 0057 0B       		.uleb128 0xb
 1722 0058 49       		.uleb128 0x49
 1723 0059 13       		.uleb128 0x13
 1724 005a 38       		.uleb128 0x38
 1725 005b 0B       		.uleb128 0xb
 1726 005c 00       		.byte	0
 1727 005d 00       		.byte	0
 1728 005e 09       		.uleb128 0x9
 1729 005f 0D       		.uleb128 0xd
 1730 0060 00       		.byte	0
 1731 0061 03       		.uleb128 0x3
 1732 0062 08       		.uleb128 0x8
 1733 0063 3A       		.uleb128 0x3a
 1734 0064 0B       		.uleb128 0xb
 1735 0065 3B       		.uleb128 0x3b
 1736 0066 0B       		.uleb128 0xb
 1737 0067 49       		.uleb128 0x49
 1738 0068 13       		.uleb128 0x13
 1739 0069 38       		.uleb128 0x38
 1740 006a 0B       		.uleb128 0xb
 1741 006b 00       		.byte	0
 1742 006c 00       		.byte	0
 1743 006d 0A       		.uleb128 0xa
 1744 006e 0D       		.uleb128 0xd
 1745 006f 00       		.byte	0
 1746 0070 03       		.uleb128 0x3
 1747 0071 08       		.uleb128 0x8
 1748 0072 3A       		.uleb128 0x3a
 1749 0073 0B       		.uleb128 0xb
 1750 0074 3B       		.uleb128 0x3b
 1751 0075 05       		.uleb128 0x5
 1752 0076 49       		.uleb128 0x49
 1753 0077 13       		.uleb128 0x13
 1754 0078 38       		.uleb128 0x38
 1755 0079 0B       		.uleb128 0xb
 1756 007a 00       		.byte	0
 1757 007b 00       		.byte	0
 1758 007c 0B       		.uleb128 0xb
 1759 007d 0D       		.uleb128 0xd
 1760 007e 00       		.byte	0
 1761 007f 03       		.uleb128 0x3
 1762 0080 0E       		.uleb128 0xe
 1763 0081 3A       		.uleb128 0x3a
 1764 0082 0B       		.uleb128 0xb
 1765 0083 3B       		.uleb128 0x3b
 1766 0084 05       		.uleb128 0x5
 1767 0085 49       		.uleb128 0x49
ARM GAS  /var/folders/t8/16hdwfmd2fg_d3q6dgx6bpmw0000gn/T//ccDNdy8W.s 			page 32


 1768 0086 13       		.uleb128 0x13
 1769 0087 38       		.uleb128 0x38
 1770 0088 0B       		.uleb128 0xb
 1771 0089 00       		.byte	0
 1772 008a 00       		.byte	0
 1773 008b 0C       		.uleb128 0xc
 1774 008c 0F       		.uleb128 0xf
 1775 008d 00       		.byte	0
 1776 008e 0B       		.uleb128 0xb
 1777 008f 0B       		.uleb128 0xb
 1778 0090 49       		.uleb128 0x49
 1779 0091 13       		.uleb128 0x13
 1780 0092 00       		.byte	0
 1781 0093 00       		.byte	0
 1782 0094 0D       		.uleb128 0xd
 1783 0095 13       		.uleb128 0x13
 1784 0096 01       		.byte	0x1
 1785 0097 03       		.uleb128 0x3
 1786 0098 0E       		.uleb128 0xe
 1787 0099 0B       		.uleb128 0xb
 1788 009a 0B       		.uleb128 0xb
 1789 009b 3A       		.uleb128 0x3a
 1790 009c 0B       		.uleb128 0xb
 1791 009d 3B       		.uleb128 0x3b
 1792 009e 05       		.uleb128 0x5
 1793 009f 01       		.uleb128 0x1
 1794 00a0 13       		.uleb128 0x13
 1795 00a1 00       		.byte	0
 1796 00a2 00       		.byte	0
 1797 00a3 0E       		.uleb128 0xe
 1798 00a4 15       		.uleb128 0x15
 1799 00a5 01       		.byte	0x1
 1800 00a6 27       		.uleb128 0x27
 1801 00a7 19       		.uleb128 0x19
 1802 00a8 01       		.uleb128 0x1
 1803 00a9 13       		.uleb128 0x13
 1804 00aa 00       		.byte	0
 1805 00ab 00       		.byte	0
 1806 00ac 0F       		.uleb128 0xf
 1807 00ad 05       		.uleb128 0x5
 1808 00ae 00       		.byte	0
 1809 00af 49       		.uleb128 0x49
 1810 00b0 13       		.uleb128 0x13
 1811 00b1 00       		.byte	0
 1812 00b2 00       		.byte	0
 1813 00b3 10       		.uleb128 0x10
 1814 00b4 0F       		.uleb128 0xf
 1815 00b5 00       		.byte	0
 1816 00b6 0B       		.uleb128 0xb
 1817 00b7 0B       		.uleb128 0xb
 1818 00b8 00       		.byte	0
 1819 00b9 00       		.byte	0
 1820 00ba 11       		.uleb128 0x11
 1821 00bb 13       		.uleb128 0x13
 1822 00bc 01       		.byte	0x1
 1823 00bd 0B       		.uleb128 0xb
 1824 00be 0B       		.uleb128 0xb
ARM GAS  /var/folders/t8/16hdwfmd2fg_d3q6dgx6bpmw0000gn/T//ccDNdy8W.s 			page 33


 1825 00bf 3A       		.uleb128 0x3a
 1826 00c0 0B       		.uleb128 0xb
 1827 00c1 3B       		.uleb128 0x3b
 1828 00c2 0B       		.uleb128 0xb
 1829 00c3 01       		.uleb128 0x1
 1830 00c4 13       		.uleb128 0x13
 1831 00c5 00       		.byte	0
 1832 00c6 00       		.byte	0
 1833 00c7 12       		.uleb128 0x12
 1834 00c8 17       		.uleb128 0x17
 1835 00c9 01       		.byte	0x1
 1836 00ca 0B       		.uleb128 0xb
 1837 00cb 0B       		.uleb128 0xb
 1838 00cc 3A       		.uleb128 0x3a
 1839 00cd 0B       		.uleb128 0xb
 1840 00ce 3B       		.uleb128 0x3b
 1841 00cf 0B       		.uleb128 0xb
 1842 00d0 01       		.uleb128 0x1
 1843 00d1 13       		.uleb128 0x13
 1844 00d2 00       		.byte	0
 1845 00d3 00       		.byte	0
 1846 00d4 13       		.uleb128 0x13
 1847 00d5 0D       		.uleb128 0xd
 1848 00d6 00       		.byte	0
 1849 00d7 03       		.uleb128 0x3
 1850 00d8 0E       		.uleb128 0xe
 1851 00d9 3A       		.uleb128 0x3a
 1852 00da 0B       		.uleb128 0xb
 1853 00db 3B       		.uleb128 0x3b
 1854 00dc 0B       		.uleb128 0xb
 1855 00dd 49       		.uleb128 0x49
 1856 00de 13       		.uleb128 0x13
 1857 00df 00       		.byte	0
 1858 00e0 00       		.byte	0
 1859 00e1 14       		.uleb128 0x14
 1860 00e2 0D       		.uleb128 0xd
 1861 00e3 00       		.byte	0
 1862 00e4 03       		.uleb128 0x3
 1863 00e5 0E       		.uleb128 0xe
 1864 00e6 3A       		.uleb128 0x3a
 1865 00e7 0B       		.uleb128 0xb
 1866 00e8 3B       		.uleb128 0x3b
 1867 00e9 05       		.uleb128 0x5
 1868 00ea 49       		.uleb128 0x49
 1869 00eb 13       		.uleb128 0x13
 1870 00ec 00       		.byte	0
 1871 00ed 00       		.byte	0
 1872 00ee 15       		.uleb128 0x15
 1873 00ef 34       		.uleb128 0x34
 1874 00f0 00       		.byte	0
 1875 00f1 03       		.uleb128 0x3
 1876 00f2 08       		.uleb128 0x8
 1877 00f3 3A       		.uleb128 0x3a
 1878 00f4 0B       		.uleb128 0xb
 1879 00f5 3B       		.uleb128 0x3b
 1880 00f6 05       		.uleb128 0x5
 1881 00f7 49       		.uleb128 0x49
ARM GAS  /var/folders/t8/16hdwfmd2fg_d3q6dgx6bpmw0000gn/T//ccDNdy8W.s 			page 34


 1882 00f8 13       		.uleb128 0x13
 1883 00f9 3F       		.uleb128 0x3f
 1884 00fa 19       		.uleb128 0x19
 1885 00fb 3C       		.uleb128 0x3c
 1886 00fc 19       		.uleb128 0x19
 1887 00fd 00       		.byte	0
 1888 00fe 00       		.byte	0
 1889 00ff 16       		.uleb128 0x16
 1890 0100 01       		.uleb128 0x1
 1891 0101 01       		.byte	0x1
 1892 0102 49       		.uleb128 0x49
 1893 0103 13       		.uleb128 0x13
 1894 0104 01       		.uleb128 0x1
 1895 0105 13       		.uleb128 0x13
 1896 0106 00       		.byte	0
 1897 0107 00       		.byte	0
 1898 0108 17       		.uleb128 0x17
 1899 0109 21       		.uleb128 0x21
 1900 010a 00       		.byte	0
 1901 010b 00       		.byte	0
 1902 010c 00       		.byte	0
 1903 010d 18       		.uleb128 0x18
 1904 010e 34       		.uleb128 0x34
 1905 010f 00       		.byte	0
 1906 0110 03       		.uleb128 0x3
 1907 0111 0E       		.uleb128 0xe
 1908 0112 3A       		.uleb128 0x3a
 1909 0113 0B       		.uleb128 0xb
 1910 0114 3B       		.uleb128 0x3b
 1911 0115 05       		.uleb128 0x5
 1912 0116 49       		.uleb128 0x49
 1913 0117 13       		.uleb128 0x13
 1914 0118 3F       		.uleb128 0x3f
 1915 0119 19       		.uleb128 0x19
 1916 011a 3C       		.uleb128 0x3c
 1917 011b 19       		.uleb128 0x19
 1918 011c 00       		.byte	0
 1919 011d 00       		.byte	0
 1920 011e 19       		.uleb128 0x19
 1921 011f 21       		.uleb128 0x21
 1922 0120 00       		.byte	0
 1923 0121 49       		.uleb128 0x49
 1924 0122 13       		.uleb128 0x13
 1925 0123 2F       		.uleb128 0x2f
 1926 0124 0B       		.uleb128 0xb
 1927 0125 00       		.byte	0
 1928 0126 00       		.byte	0
 1929 0127 1A       		.uleb128 0x1a
 1930 0128 34       		.uleb128 0x34
 1931 0129 00       		.byte	0
 1932 012a 03       		.uleb128 0x3
 1933 012b 0E       		.uleb128 0xe
 1934 012c 3A       		.uleb128 0x3a
 1935 012d 0B       		.uleb128 0xb
 1936 012e 3B       		.uleb128 0x3b
 1937 012f 0B       		.uleb128 0xb
 1938 0130 49       		.uleb128 0x49
ARM GAS  /var/folders/t8/16hdwfmd2fg_d3q6dgx6bpmw0000gn/T//ccDNdy8W.s 			page 35


 1939 0131 13       		.uleb128 0x13
 1940 0132 3F       		.uleb128 0x3f
 1941 0133 19       		.uleb128 0x19
 1942 0134 3C       		.uleb128 0x3c
 1943 0135 19       		.uleb128 0x19
 1944 0136 00       		.byte	0
 1945 0137 00       		.byte	0
 1946 0138 1B       		.uleb128 0x1b
 1947 0139 13       		.uleb128 0x13
 1948 013a 01       		.byte	0x1
 1949 013b 0B       		.uleb128 0xb
 1950 013c 05       		.uleb128 0x5
 1951 013d 3A       		.uleb128 0x3a
 1952 013e 0B       		.uleb128 0xb
 1953 013f 3B       		.uleb128 0x3b
 1954 0140 0B       		.uleb128 0xb
 1955 0141 01       		.uleb128 0x1
 1956 0142 13       		.uleb128 0x13
 1957 0143 00       		.byte	0
 1958 0144 00       		.byte	0
 1959 0145 1C       		.uleb128 0x1c
 1960 0146 16       		.uleb128 0x16
 1961 0147 00       		.byte	0
 1962 0148 03       		.uleb128 0x3
 1963 0149 0E       		.uleb128 0xe
 1964 014a 3A       		.uleb128 0x3a
 1965 014b 0B       		.uleb128 0xb
 1966 014c 3B       		.uleb128 0x3b
 1967 014d 05       		.uleb128 0x5
 1968 014e 49       		.uleb128 0x49
 1969 014f 13       		.uleb128 0x13
 1970 0150 00       		.byte	0
 1971 0151 00       		.byte	0
 1972 0152 1D       		.uleb128 0x1d
 1973 0153 04       		.uleb128 0x4
 1974 0154 01       		.byte	0x1
 1975 0155 3E       		.uleb128 0x3e
 1976 0156 0B       		.uleb128 0xb
 1977 0157 0B       		.uleb128 0xb
 1978 0158 0B       		.uleb128 0xb
 1979 0159 49       		.uleb128 0x49
 1980 015a 13       		.uleb128 0x13
 1981 015b 3A       		.uleb128 0x3a
 1982 015c 0B       		.uleb128 0xb
 1983 015d 3B       		.uleb128 0x3b
 1984 015e 05       		.uleb128 0x5
 1985 015f 01       		.uleb128 0x1
 1986 0160 13       		.uleb128 0x13
 1987 0161 00       		.byte	0
 1988 0162 00       		.byte	0
 1989 0163 1E       		.uleb128 0x1e
 1990 0164 28       		.uleb128 0x28
 1991 0165 00       		.byte	0
 1992 0166 03       		.uleb128 0x3
 1993 0167 0E       		.uleb128 0xe
 1994 0168 1C       		.uleb128 0x1c
 1995 0169 0B       		.uleb128 0xb
ARM GAS  /var/folders/t8/16hdwfmd2fg_d3q6dgx6bpmw0000gn/T//ccDNdy8W.s 			page 36


 1996 016a 00       		.byte	0
 1997 016b 00       		.byte	0
 1998 016c 1F       		.uleb128 0x1f
 1999 016d 13       		.uleb128 0x13
 2000 016e 01       		.byte	0x1
 2001 016f 0B       		.uleb128 0xb
 2002 0170 0B       		.uleb128 0xb
 2003 0171 3A       		.uleb128 0x3a
 2004 0172 0B       		.uleb128 0xb
 2005 0173 3B       		.uleb128 0x3b
 2006 0174 05       		.uleb128 0x5
 2007 0175 01       		.uleb128 0x1
 2008 0176 13       		.uleb128 0x13
 2009 0177 00       		.byte	0
 2010 0178 00       		.byte	0
 2011 0179 20       		.uleb128 0x20
 2012 017a 15       		.uleb128 0x15
 2013 017b 01       		.byte	0x1
 2014 017c 27       		.uleb128 0x27
 2015 017d 19       		.uleb128 0x19
 2016 017e 49       		.uleb128 0x49
 2017 017f 13       		.uleb128 0x13
 2018 0180 01       		.uleb128 0x1
 2019 0181 13       		.uleb128 0x13
 2020 0182 00       		.byte	0
 2021 0183 00       		.byte	0
 2022 0184 00       		.byte	0
 2023              		.section	.debug_aranges,"",%progbits
 2024 0000 14000000 		.4byte	0x14
 2025 0004 0200     		.2byte	0x2
 2026 0006 00000000 		.4byte	.Ldebug_info0
 2027 000a 04       		.byte	0x4
 2028 000b 00       		.byte	0
 2029 000c 0000     		.2byte	0
 2030 000e 0000     		.2byte	0
 2031 0010 00000000 		.4byte	0
 2032 0014 00000000 		.4byte	0
 2033              		.section	.debug_line,"",%progbits
 2034              	.Ldebug_line0:
 2035 0000 CD030000 		.section	.debug_str,"MS",%progbits,1
 2035      0200C703 
 2035      00000201 
 2035      FB0E0D00 
 2035      01010101 
 2036              	.LASF49:
 2037 0000 63685F74 		.ascii	"ch_threads_list\000"
 2037      68726561 
 2037      64735F6C 
 2037      69737400 
 2038              	.LASF104:
 2039 0010 74696D65 		.ascii	"timesize\000"
 2039      73697A65 
 2039      00
 2040              	.LASF206:
 2041 0019 474E5520 		.ascii	"GNU C99 7.2.1 20170904 (release) [ARM/embedded-7-br"
 2041      43393920 
 2041      372E322E 
ARM GAS  /var/folders/t8/16hdwfmd2fg_d3q6dgx6bpmw0000gn/T//ccDNdy8W.s 			page 37


 2041      31203230 
 2041      31373039 
 2042 004c 616E6368 		.ascii	"anch revision 255204] -mcpu=cortex-m0plus -mno-thum"
 2042      20726576 
 2042      6973696F 
 2042      6E203235 
 2042      35323034 
 2043 007f 622D696E 		.ascii	"b-interwork -mthumb -ggdb -O2 -std=gnu99 -fomit-fra"
 2043      74657277 
 2043      6F726B20 
 2043      2D6D7468 
 2043      756D6220 
 2044 00b2 6D652D70 		.ascii	"me-pointer -falign-functions=16 -ffunction-sections"
 2044      6F696E74 
 2044      6572202D 
 2044      66616C69 
 2044      676E2D66 
 2045 00e5 202D6664 		.ascii	" -fdata-sections -fno-common\000"
 2045      6174612D 
 2045      73656374 
 2045      696F6E73 
 2045      202D666E 
 2046              	.LASF92:
 2047 0102 77746D74 		.ascii	"wtmtxp\000"
 2047      787000
 2048              	.LASF82:
 2049 0109 72656761 		.ascii	"regarm_t\000"
 2049      726D5F74 
 2049      00
 2050              	.LASF177:
 2051 0112 74787369 		.ascii	"txsize\000"
 2051      7A6500
 2052              	.LASF146:
 2053 0119 5553425F 		.ascii	"USB_UNINIT\000"
 2053      554E494E 
 2053      495400
 2054              	.LASF148:
 2055 0124 5553425F 		.ascii	"USB_READY\000"
 2055      52454144 
 2055      5900
 2056              	.LASF165:
 2057 012e 5553425F 		.ascii	"USB_EVENT_SUSPEND\000"
 2057      4556454E 
 2057      545F5355 
 2057      5350454E 
 2057      4400
 2058              	.LASF37:
 2059 0140 666C6167 		.ascii	"flags\000"
 2059      7300
 2060              	.LASF28:
 2061 0146 73797374 		.ascii	"systime_t\000"
 2061      696D655F 
 2061      7400
 2062              	.LASF44:
 2063 0150 7265616C 		.ascii	"realprio\000"
 2063      7072696F 
 2063      00
ARM GAS  /var/folders/t8/16hdwfmd2fg_d3q6dgx6bpmw0000gn/T//ccDNdy8W.s 			page 38


 2064              	.LASF202:
 2065 0159 72657175 		.ascii	"requests_hook_cb\000"
 2065      65737473 
 2065      5F686F6F 
 2065      6B5F6362 
 2065      00
 2066              	.LASF42:
 2067 016a 6570656E 		.ascii	"epending\000"
 2067      64696E67 
 2067      00
 2068              	.LASF0:
 2069 0173 756E7369 		.ascii	"unsigned int\000"
 2069      676E6564 
 2069      20696E74 
 2069      00
 2070              	.LASF50:
 2071 0180 6E657874 		.ascii	"next\000"
 2071      00
 2072              	.LASF102:
 2073 0185 76657273 		.ascii	"version\000"
 2073      696F6E00 
 2074              	.LASF47:
 2075 018d 74687265 		.ascii	"threads_list_t\000"
 2075      6164735F 
 2075      6C697374 
 2075      5F7400
 2076              	.LASF129:
 2077 019c 55534244 		.ascii	"USBDriver\000"
 2077      72697665 
 2077      7200
 2078              	.LASF191:
 2079 01a6 696E5F63 		.ascii	"in_cb\000"
 2079      6200
 2080              	.LASF194:
 2081 01ac 6F75745F 		.ascii	"out_maxsize\000"
 2081      6D617873 
 2081      697A6500 
 2082              	.LASF8:
 2083 01b8 5F5F696E 		.ascii	"__int32_t\000"
 2083      7433325F 
 2083      7400
 2084              	.LASF154:
 2085 01c2 5553425F 		.ascii	"USB_EP0_TX\000"
 2085      4550305F 
 2085      545800
 2086              	.LASF38:
 2087 01cd 72656673 		.ascii	"refs\000"
 2087      00
 2088              	.LASF195:
 2089 01d2 696E5F73 		.ascii	"in_state\000"
 2089      74617465 
 2089      00
 2090              	.LASF116:
 2091 01db 6F66665F 		.ascii	"off_time\000"
 2091      74696D65 
 2091      00
 2092              	.LASF204:
ARM GAS  /var/folders/t8/16hdwfmd2fg_d3q6dgx6bpmw0000gn/T//ccDNdy8W.s 			page 39


 2093 01e4 55534243 		.ascii	"USBConfig\000"
 2093      6F6E6669 
 2093      6700
 2094              	.LASF189:
 2095 01ee 65705F6D 		.ascii	"ep_mode\000"
 2095      6F646500 
 2096              	.LASF88:
 2097 01f6 77746F62 		.ascii	"wtobjp\000"
 2097      6A7000
 2098              	.LASF138:
 2099 01fd 65703065 		.ascii	"ep0endcb\000"
 2099      6E646362 
 2099      00
 2100              	.LASF73:
 2101 0206 76746C69 		.ascii	"vtlist\000"
 2101      737400
 2102              	.LASF169:
 2103 020d 75645F73 		.ascii	"ud_size\000"
 2103      697A6500 
 2104              	.LASF84:
 2105 0215 706F7274 		.ascii	"port_context\000"
 2105      5F636F6E 
 2105      74657874 
 2105      00
 2106              	.LASF55:
 2107 0222 63685F72 		.ascii	"ch_ready_list\000"
 2107      65616479 
 2107      5F6C6973 
 2107      7400
 2108              	.LASF61:
 2109 0230 66756E63 		.ascii	"func\000"
 2109      00
 2110              	.LASF93:
 2111 0235 65776D61 		.ascii	"ewmask\000"
 2111      736B00
 2112              	.LASF53:
 2113 023c 70726576 		.ascii	"prev\000"
 2113      00
 2114              	.LASF52:
 2115 0241 63685F74 		.ascii	"ch_threads_queue\000"
 2115      68726561 
 2115      64735F71 
 2115      75657565 
 2115      00
 2116              	.LASF161:
 2117 0252 5553425F 		.ascii	"USB_EVENT_RESET\000"
 2117      4556454E 
 2117      545F5245 
 2117      53455400 
 2118              	.LASF197:
 2119 0262 65705F62 		.ascii	"ep_buffers\000"
 2119      75666665 
 2119      727300
 2120              	.LASF108:
 2121 026d 6F66665F 		.ascii	"off_newer\000"
 2121      6E657765 
 2121      7200
ARM GAS  /var/folders/t8/16hdwfmd2fg_d3q6dgx6bpmw0000gn/T//ccDNdy8W.s 			page 40


 2122              	.LASF57:
 2123 0277 76746675 		.ascii	"vtfunc_t\000"
 2123      6E635F74 
 2123      00
 2124              	.LASF153:
 2125 0280 5553425F 		.ascii	"USB_EP0_WAITING_SETUP\000"
 2125      4550305F 
 2125      57414954 
 2125      494E475F 
 2125      53455455 
 2126              	.LASF183:
 2127 0296 55534249 		.ascii	"USBInEndpointState\000"
 2127      6E456E64 
 2127      706F696E 
 2127      74537461 
 2127      746500
 2128              	.LASF66:
 2129 02a9 63685F73 		.ascii	"ch_system_debug\000"
 2129      79737465 
 2129      6D5F6465 
 2129      62756700 
 2130              	.LASF18:
 2131 02b9 75696E74 		.ascii	"uint32_t\000"
 2131      33325F74 
 2131      00
 2132              	.LASF90:
 2133 02c2 73656E74 		.ascii	"sentmsg\000"
 2133      6D736700 
 2134              	.LASF26:
 2135 02ca 6576656E 		.ascii	"eventmask_t\000"
 2135      746D6173 
 2135      6B5F7400 
 2136              	.LASF105:
 2137 02d6 74687265 		.ascii	"threadsize\000"
 2137      61647369 
 2137      7A6500
 2138              	.LASF94:
 2139 02e1 63685F73 		.ascii	"ch_semaphore\000"
 2139      656D6170 
 2139      686F7265 
 2139      00
 2140              	.LASF24:
 2141 02ee 74707269 		.ascii	"tprio_t\000"
 2141      6F5F7400 
 2142              	.LASF59:
 2143 02f6 63685F76 		.ascii	"ch_virtual_timer\000"
 2143      69727475 
 2143      616C5F74 
 2143      696D6572 
 2143      00
 2144              	.LASF155:
 2145 0307 5553425F 		.ascii	"USB_EP0_WAITING_TX0\000"
 2145      4550305F 
 2145      57414954 
 2145      494E475F 
 2145      54583000 
 2146              	.LASF80:
ARM GAS  /var/folders/t8/16hdwfmd2fg_d3q6dgx6bpmw0000gn/T//ccDNdy8W.s 			page 41


 2147 031b 50444452 		.ascii	"PDDR\000"
 2147      00
 2148              	.LASF14:
 2149 0320 6C6F6E67 		.ascii	"long long unsigned int\000"
 2149      206C6F6E 
 2149      6720756E 
 2149      7369676E 
 2149      65642069 
 2150              	.LASF178:
 2151 0337 7478636E 		.ascii	"txcnt\000"
 2151      7400
 2152              	.LASF131:
 2153 033d 7472616E 		.ascii	"transmitting\000"
 2153      736D6974 
 2153      74696E67 
 2153      00
 2154              	.LASF199:
 2155 034a 55534245 		.ascii	"USBEndpointConfig\000"
 2155      6E64706F 
 2155      696E7443 
 2155      6F6E6669 
 2155      6700
 2156              	.LASF132:
 2157 035c 72656365 		.ascii	"receiving\000"
 2157      6976696E 
 2157      6700
 2158              	.LASF200:
 2159 0366 6576656E 		.ascii	"event_cb\000"
 2159      745F6362 
 2159      00
 2160              	.LASF6:
 2161 036f 5F5F7569 		.ascii	"__uint16_t\000"
 2161      6E743136 
 2161      5F7400
 2162              	.LASF27:
 2163 037a 636E745F 		.ascii	"cnt_t\000"
 2163      7400
 2164              	.LASF111:
 2165 0380 6F66665F 		.ascii	"off_stklimit\000"
 2165      73746B6C 
 2165      696D6974 
 2165      00
 2166              	.LASF68:
 2167 038d 6973725F 		.ascii	"isr_cnt\000"
 2167      636E7400 
 2168              	.LASF96:
 2169 0395 6F776E65 		.ascii	"owner\000"
 2169      7200
 2170              	.LASF51:
 2171 039b 74687265 		.ascii	"threads_queue_t\000"
 2171      6164735F 
 2171      71756575 
 2171      655F7400 
 2172              	.LASF179:
 2173 03ab 74786275 		.ascii	"txbuf\000"
 2173      6600
 2174              	.LASF43:
ARM GAS  /var/folders/t8/16hdwfmd2fg_d3q6dgx6bpmw0000gn/T//ccDNdy8W.s 			page 42


 2175 03b1 6D74786C 		.ascii	"mtxlist\000"
 2175      69737400 
 2176              	.LASF63:
 2177 03b9 63685F76 		.ascii	"ch_virtual_timers_list\000"
 2177      69727475 
 2177      616C5F74 
 2177      696D6572 
 2177      735F6C69 
 2178              	.LASF192:
 2179 03d0 6F75745F 		.ascii	"out_cb\000"
 2179      636200
 2180              	.LASF78:
 2181 03d7 50544F52 		.ascii	"PTOR\000"
 2181      00
 2182              	.LASF29:
 2183 03dc 74687265 		.ascii	"thread_t\000"
 2183      61645F74 
 2183      00
 2184              	.LASF109:
 2185 03e5 6F66665F 		.ascii	"off_older\000"
 2185      6F6C6465 
 2185      7200
 2186              	.LASF112:
 2187 03ef 6F66665F 		.ascii	"off_state\000"
 2187      73746174 
 2187      6500
 2188              	.LASF2:
 2189 03f9 73697A65 		.ascii	"size_t\000"
 2189      5F7400
 2190              	.LASF86:
 2191 0400 7264796D 		.ascii	"rdymsg\000"
 2191      736700
 2192              	.LASF124:
 2193 0407 70616473 		.ascii	"pads\000"
 2193      00
 2194              	.LASF142:
 2195 040c 636F6E66 		.ascii	"configuration\000"
 2195      69677572 
 2195      6174696F 
 2195      6E00
 2196              	.LASF150:
 2197 041a 5553425F 		.ascii	"USB_ACTIVE\000"
 2197      41435449 
 2197      564500
 2198              	.LASF120:
 2199 0425 5F426F6F 		.ascii	"_Bool\000"
 2199      6C00
 2200              	.LASF95:
 2201 042b 63685F6D 		.ascii	"ch_mutex\000"
 2201      75746578 
 2201      00
 2202              	.LASF13:
 2203 0434 5F5F7569 		.ascii	"__uint64_t\000"
 2203      6E743634 
 2203      5F7400
 2204              	.LASF201:
 2205 043f 6765745F 		.ascii	"get_descriptor_cb\000"
ARM GAS  /var/folders/t8/16hdwfmd2fg_d3q6dgx6bpmw0000gn/T//ccDNdy8W.s 			page 43


 2205      64657363 
 2205      72697074 
 2205      6F725F63 
 2205      6200
 2206              	.LASF128:
 2207 0451 70616C5F 		.ascii	"pal_default_config\000"
 2207      64656661 
 2207      756C745F 
 2207      636F6E66 
 2207      696700
 2208              	.LASF156:
 2209 0464 5553425F 		.ascii	"USB_EP0_WAITING_STS\000"
 2209      4550305F 
 2209      57414954 
 2209      494E475F 
 2209      53545300 
 2210              	.LASF107:
 2211 0478 6F66665F 		.ascii	"off_ctx\000"
 2211      63747800 
 2212              	.LASF122:
 2213 0480 696F706F 		.ascii	"ioportid_t\000"
 2213      72746964 
 2213      5F7400
 2214              	.LASF113:
 2215 048b 6F66665F 		.ascii	"off_flags\000"
 2215      666C6167 
 2215      7300
 2216              	.LASF31:
 2217 0495 7072696F 		.ascii	"prio\000"
 2217      00
 2218              	.LASF162:
 2219 049a 5553425F 		.ascii	"USB_EVENT_ADDRESS\000"
 2219      4556454E 
 2219      545F4144 
 2219      44524553 
 2219      5300
 2220              	.LASF97:
 2221 04ac 63686172 		.ascii	"char\000"
 2221      00
 2222              	.LASF46:
 2223 04b1 74687265 		.ascii	"thread_reference_t\000"
 2223      61645F72 
 2223      65666572 
 2223      656E6365 
 2223      5F7400
 2224              	.LASF35:
 2225 04c4 77616261 		.ascii	"wabase\000"
 2225      736500
 2226              	.LASF98:
 2227 04cb 63685F69 		.ascii	"ch_idle_thread_wa\000"
 2227      646C655F 
 2227      74687265 
 2227      61645F77 
 2227      6100
 2228              	.LASF21:
 2229 04dd 74737461 		.ascii	"tstate_t\000"
 2229      74655F74 
ARM GAS  /var/folders/t8/16hdwfmd2fg_d3q6dgx6bpmw0000gn/T//ccDNdy8W.s 			page 44


 2229      00
 2230              	.LASF136:
 2231 04e6 6570306E 		.ascii	"ep0next\000"
 2231      65787400 
 2232              	.LASF187:
 2233 04ee 7278706B 		.ascii	"rxpkts\000"
 2233      747300
 2234              	.LASF15:
 2235 04f5 75696E74 		.ascii	"uint8_t\000"
 2235      385F7400 
 2236              	.LASF140:
 2237 04fd 73746174 		.ascii	"status\000"
 2237      757300
 2238              	.LASF41:
 2239 0504 6D736771 		.ascii	"msgqueue\000"
 2239      75657565 
 2239      00
 2240              	.LASF48:
 2241 050d 63685F74 		.ascii	"ch_thread\000"
 2241      68726561 
 2241      6400
 2242              	.LASF110:
 2243 0517 6F66665F 		.ascii	"off_name\000"
 2243      6E616D65 
 2243      00
 2244              	.LASF152:
 2245 0520 75736273 		.ascii	"usbstate_t\000"
 2245      74617465 
 2245      5F7400
 2246              	.LASF65:
 2247 052b 73797374 		.ascii	"system_debug_t\000"
 2247      656D5F64 
 2247      65627567 
 2247      5F7400
 2248              	.LASF12:
 2249 053a 6C6F6E67 		.ascii	"long long int\000"
 2249      206C6F6E 
 2249      6720696E 
 2249      7400
 2250              	.LASF100:
 2251 0548 7A65726F 		.ascii	"zero\000"
 2251      00
 2252              	.LASF25:
 2253 054d 6D73675F 		.ascii	"msg_t\000"
 2253      7400
 2254              	.LASF137:
 2255 0553 6570306E 		.ascii	"ep0n\000"
 2255      00
 2256              	.LASF196:
 2257 0558 6F75745F 		.ascii	"out_state\000"
 2257      73746174 
 2257      6500
 2258              	.LASF58:
 2259 0562 76697274 		.ascii	"virtual_timer_t\000"
 2259      75616C5F 
 2259      74696D65 
 2259      725F7400 
ARM GAS  /var/folders/t8/16hdwfmd2fg_d3q6dgx6bpmw0000gn/T//ccDNdy8W.s 			page 45


 2260              	.LASF121:
 2261 0572 696F6D6F 		.ascii	"iomode_t\000"
 2261      64655F74 
 2261      00
 2262              	.LASF133:
 2263 057b 696E5F70 		.ascii	"in_params\000"
 2263      6172616D 
 2263      7300
 2264              	.LASF203:
 2265 0585 736F665F 		.ascii	"sof_cb\000"
 2265      636200
 2266              	.LASF182:
 2267 058c 64617461 		.ascii	"data_bank\000"
 2267      5F62616E 
 2267      6B00
 2268              	.LASF101:
 2269 0596 73697A65 		.ascii	"size\000"
 2269      00
 2270              	.LASF77:
 2271 059b 50434F52 		.ascii	"PCOR\000"
 2271      00
 2272              	.LASF103:
 2273 05a0 70747273 		.ascii	"ptrsize\000"
 2273      697A6500 
 2274              	.LASF79:
 2275 05a8 50444952 		.ascii	"PDIR\000"
 2275      00
 2276              	.LASF167:
 2277 05ad 5553425F 		.ascii	"USB_EVENT_STALLED\000"
 2277      4556454E 
 2277      545F5354 
 2277      414C4C45 
 2277      4400
 2278              	.LASF23:
 2279 05bf 74736C69 		.ascii	"tslices_t\000"
 2279      6365735F 
 2279      7400
 2280              	.LASF208:
 2281 05c9 2F557365 		.ascii	"/Users/jpablobr/tmp/tmk/di0ib-tmk_keyboard/keyboard"
 2281      72732F6A 
 2281      7061626C 
 2281      6F62722F 
 2281      746D702F 
 2282 05fc 2F746565 		.ascii	"/teensy_lc_menelaus\000"
 2282      6E73795F 
 2282      6C635F6D 
 2282      656E656C 
 2282      61757300 
 2283              	.LASF151:
 2284 0610 5553425F 		.ascii	"USB_SUSPENDED\000"
 2284      53555350 
 2284      454E4445 
 2284      4400
 2285              	.LASF198:
 2286 061e 73657475 		.ascii	"setup_buf\000"
 2286      705F6275 
 2286      6600
ARM GAS  /var/folders/t8/16hdwfmd2fg_d3q6dgx6bpmw0000gn/T//ccDNdy8W.s 			page 46


 2287              	.LASF164:
 2288 0628 5553425F 		.ascii	"USB_EVENT_UNCONFIGURED\000"
 2288      4556454E 
 2288      545F554E 
 2288      434F4E46 
 2288      49475552 
 2289              	.LASF67:
 2290 063f 70616E69 		.ascii	"panic_msg\000"
 2290      635F6D73 
 2290      6700
 2291              	.LASF171:
 2292 0649 55534244 		.ascii	"USBDescriptor\000"
 2292      65736372 
 2292      6970746F 
 2292      7200
 2293              	.LASF20:
 2294 0657 746D6F64 		.ascii	"tmode_t\000"
 2294      655F7400 
 2295              	.LASF64:
 2296 065f 73797374 		.ascii	"systime\000"
 2296      696D6500 
 2297              	.LASF74:
 2298 0667 6D61696E 		.ascii	"mainthread\000"
 2298      74687265 
 2298      616400
 2299              	.LASF135:
 2300 0672 65703073 		.ascii	"ep0state\000"
 2300      74617465 
 2300      00
 2301              	.LASF16:
 2302 067b 75696E74 		.ascii	"uint16_t\000"
 2302      31365F74 
 2302      00
 2303              	.LASF117:
 2304 0684 63686465 		.ascii	"chdebug_t\000"
 2304      6275675F 
 2304      7400
 2305              	.LASF106:
 2306 068e 6F66665F 		.ascii	"off_prio\000"
 2306      7072696F 
 2306      00
 2307              	.LASF69:
 2308 0697 6C6F636B 		.ascii	"lock_cnt\000"
 2308      5F636E74 
 2308      00
 2309              	.LASF130:
 2310 06a0 636F6E66 		.ascii	"config\000"
 2310      696700
 2311              	.LASF5:
 2312 06a7 73686F72 		.ascii	"short int\000"
 2312      7420696E 
 2312      7400
 2313              	.LASF134:
 2314 06b1 6F75745F 		.ascii	"out_params\000"
 2314      70617261 
 2314      6D7300
 2315              	.LASF9:
ARM GAS  /var/folders/t8/16hdwfmd2fg_d3q6dgx6bpmw0000gn/T//ccDNdy8W.s 			page 47


 2316 06bc 6C6F6E67 		.ascii	"long int\000"
 2316      20696E74 
 2316      00
 2317              	.LASF85:
 2318 06c5 706F7274 		.ascii	"port_intctx\000"
 2318      5F696E74 
 2318      63747800 
 2319              	.LASF39:
 2320 06d1 70726565 		.ascii	"preempt\000"
 2320      6D707400 
 2321              	.LASF188:
 2322 06d9 5553424F 		.ascii	"USBOutEndpointState\000"
 2322      7574456E 
 2322      64706F69 
 2322      6E745374 
 2322      61746500 
 2323              	.LASF143:
 2324 06ed 73617665 		.ascii	"saved_state\000"
 2324      645F7374 
 2324      61746500 
 2325              	.LASF176:
 2326 06f9 75736267 		.ascii	"usbgetdescriptor_t\000"
 2326      65746465 
 2326      73637269 
 2326      70746F72 
 2326      5F7400
 2327              	.LASF71:
 2328 070c 63685F73 		.ascii	"ch_system\000"
 2328      79737465 
 2328      6D00
 2329              	.LASF19:
 2330 0716 75696E74 		.ascii	"uint64_t\000"
 2330      36345F74 
 2330      00
 2331              	.LASF72:
 2332 071f 726C6973 		.ascii	"rlist\000"
 2332      7400
 2333              	.LASF149:
 2334 0725 5553425F 		.ascii	"USB_SELECTED\000"
 2334      53454C45 
 2334      43544544 
 2334      00
 2335              	.LASF3:
 2336 0732 5F5F7569 		.ascii	"__uint8_t\000"
 2336      6E74385F 
 2336      7400
 2337              	.LASF34:
 2338 073c 6E616D65 		.ascii	"name\000"
 2338      00
 2339              	.LASF173:
 2340 0741 75736265 		.ascii	"usbepcallback_t\000"
 2340      7063616C 
 2340      6C626163 
 2340      6B5F7400 
 2341              	.LASF184:
 2342 0751 72787369 		.ascii	"rxsize\000"
 2342      7A6500
ARM GAS  /var/folders/t8/16hdwfmd2fg_d3q6dgx6bpmw0000gn/T//ccDNdy8W.s 			page 48


 2343              	.LASF81:
 2344 0758 4750494F 		.ascii	"GPIO_TypeDef\000"
 2344      5F547970 
 2344      65446566 
 2344      00
 2345              	.LASF99:
 2346 0765 6964656E 		.ascii	"identifier\000"
 2346      74696669 
 2346      657200
 2347              	.LASF115:
 2348 0770 6F66665F 		.ascii	"off_preempt\000"
 2348      70726565 
 2348      6D707400 
 2349              	.LASF127:
 2350 077c 50414C43 		.ascii	"PALConfig\000"
 2350      6F6E6669 
 2350      6700
 2351              	.LASF22:
 2352 0786 74726566 		.ascii	"trefs_t\000"
 2352      735F7400 
 2353              	.LASF11:
 2354 078e 6C6F6E67 		.ascii	"long unsigned int\000"
 2354      20756E73 
 2354      69676E65 
 2354      6420696E 
 2354      7400
 2355              	.LASF141:
 2356 07a0 61646472 		.ascii	"address\000"
 2356      65737300 
 2357              	.LASF54:
 2358 07a8 72656164 		.ascii	"ready_list_t\000"
 2358      795F6C69 
 2358      73745F74 
 2358      00
 2359              	.LASF181:
 2360 07b5 6F64645F 		.ascii	"odd_even\000"
 2360      6576656E 
 2360      00
 2361              	.LASF30:
 2362 07be 71756575 		.ascii	"queue\000"
 2362      6500
 2363              	.LASF17:
 2364 07c4 696E7433 		.ascii	"int32_t\000"
 2364      325F7400 
 2365              	.LASF123:
 2366 07cc 706F7274 		.ascii	"port\000"
 2366      00
 2367              	.LASF180:
 2368 07d1 74687265 		.ascii	"thread\000"
 2368      616400
 2369              	.LASF91:
 2370 07d8 77747365 		.ascii	"wtsemp\000"
 2370      6D7000
 2371              	.LASF119:
 2372 07df 6D757465 		.ascii	"mutex_t\000"
 2372      785F7400 
 2373              	.LASF32:
ARM GAS  /var/folders/t8/16hdwfmd2fg_d3q6dgx6bpmw0000gn/T//ccDNdy8W.s 			page 49


 2374 07e7 6E657765 		.ascii	"newer\000"
 2374      7200
 2375              	.LASF4:
 2376 07ed 756E7369 		.ascii	"unsigned char\000"
 2376      676E6564 
 2376      20636861 
 2376      7200
 2377              	.LASF139:
 2378 07fb 73657475 		.ascii	"setup\000"
 2378      7000
 2379              	.LASF144:
 2380 0801 706D6E65 		.ascii	"pmnext\000"
 2380      787400
 2381              	.LASF10:
 2382 0808 5F5F7569 		.ascii	"__uint32_t\000"
 2382      6E743332 
 2382      5F7400
 2383              	.LASF40:
 2384 0813 77616974 		.ascii	"waiting\000"
 2384      696E6700 
 2385              	.LASF159:
 2386 081b 5553425F 		.ascii	"USB_EP0_ERROR\000"
 2386      4550305F 
 2386      4552524F 
 2386      5200
 2387              	.LASF62:
 2388 0829 76697274 		.ascii	"virtual_timers_list_t\000"
 2388      75616C5F 
 2388      74696D65 
 2388      72735F6C 
 2388      6973745F 
 2389              	.LASF145:
 2390 083f 75736265 		.ascii	"usbep_t\000"
 2390      705F7400 
 2391              	.LASF190:
 2392 0847 73657475 		.ascii	"setup_cb\000"
 2392      705F6362 
 2392      00
 2393              	.LASF170:
 2394 0850 75645F73 		.ascii	"ud_string\000"
 2394      7472696E 
 2394      6700
 2395              	.LASF166:
 2396 085a 5553425F 		.ascii	"USB_EVENT_WAKEUP\000"
 2396      4556454E 
 2396      545F5741 
 2396      4B455550 
 2396      00
 2397              	.LASF36:
 2398 086b 73746174 		.ascii	"state\000"
 2398      6500
 2399              	.LASF174:
 2400 0871 75736265 		.ascii	"usbeventcb_t\000"
 2400      76656E74 
 2400      63625F74 
 2400      00
 2401              	.LASF70:
ARM GAS  /var/folders/t8/16hdwfmd2fg_d3q6dgx6bpmw0000gn/T//ccDNdy8W.s 			page 50


 2402 087e 63685F73 		.ascii	"ch_system_t\000"
 2402      79737465 
 2402      6D5F7400 
 2403              	.LASF89:
 2404 088a 77747472 		.ascii	"wttrp\000"
 2404      7000
 2405              	.LASF126:
 2406 0890 706F7274 		.ascii	"ports\000"
 2406      7300
 2407              	.LASF205:
 2408 0896 55534244 		.ascii	"USBD1\000"
 2408      3100
 2409              	.LASF76:
 2410 089c 50534F52 		.ascii	"PSOR\000"
 2410      00
 2411              	.LASF207:
 2412 08a1 2E2E2F2E 		.ascii	"../../tmk_core/tool/chibios/ChibiOS-Contrib/os/hal/"
 2412      2E2F746D 
 2412      6B5F636F 
 2412      72652F74 
 2412      6F6F6C2F 
 2413 08d4 706F7274 		.ascii	"ports/KINETIS/LLD/hal_ext_lld.c\000"
 2413      732F4B49 
 2413      4E455449 
 2413      532F4C4C 
 2413      442F6861 
 2414              	.LASF1:
 2415 08f4 7369676E 		.ascii	"signed char\000"
 2415      65642063 
 2415      68617200 
 2416              	.LASF60:
 2417 0900 64656C74 		.ascii	"delta\000"
 2417      6100
 2418              	.LASF7:
 2419 0906 73686F72 		.ascii	"short unsigned int\000"
 2419      7420756E 
 2419      7369676E 
 2419      65642069 
 2419      6E7400
 2420              	.LASF83:
 2421 0919 73746B61 		.ascii	"stkalign_t\000"
 2421      6C69676E 
 2421      5F7400
 2422              	.LASF114:
 2423 0924 6F66665F 		.ascii	"off_refs\000"
 2423      72656673 
 2423      00
 2424              	.LASF56:
 2425 092d 63757272 		.ascii	"current\000"
 2425      656E7400 
 2426              	.LASF118:
 2427 0935 63685F64 		.ascii	"ch_debug\000"
 2427      65627567 
 2427      00
 2428              	.LASF158:
 2429 093e 5553425F 		.ascii	"USB_EP0_SENDING_STS\000"
 2429      4550305F 
ARM GAS  /var/folders/t8/16hdwfmd2fg_d3q6dgx6bpmw0000gn/T//ccDNdy8W.s 			page 51


 2429      53454E44 
 2429      494E475F 
 2429      53545300 
 2430              	.LASF185:
 2431 0952 7278636E 		.ascii	"rxcnt\000"
 2431      7400
 2432              	.LASF193:
 2433 0958 696E5F6D 		.ascii	"in_maxsize\000"
 2433      61787369 
 2433      7A6500
 2434              	.LASF168:
 2435 0963 75736265 		.ascii	"usbevent_t\000"
 2435      76656E74 
 2435      5F7400
 2436              	.LASF75:
 2437 096e 50444F52 		.ascii	"PDOR\000"
 2437      00
 2438              	.LASF125:
 2439 0973 506F7274 		.ascii	"PortConfig\000"
 2439      436F6E66 
 2439      696700
 2440              	.LASF157:
 2441 097e 5553425F 		.ascii	"USB_EP0_RX\000"
 2441      4550305F 
 2441      525800
 2442              	.LASF160:
 2443 0989 75736265 		.ascii	"usbep0state_t\000"
 2443      70307374 
 2443      6174655F 
 2443      7400
 2444              	.LASF163:
 2445 0997 5553425F 		.ascii	"USB_EVENT_CONFIGURED\000"
 2445      4556454E 
 2445      545F434F 
 2445      4E464947 
 2445      55524544 
 2446              	.LASF172:
 2447 09ac 75736263 		.ascii	"usbcallback_t\000"
 2447      616C6C62 
 2447      61636B5F 
 2447      7400
 2448              	.LASF33:
 2449 09ba 6F6C6465 		.ascii	"older\000"
 2449      7200
 2450              	.LASF87:
 2451 09c0 65786974 		.ascii	"exitcode\000"
 2451      636F6465 
 2451      00
 2452              	.LASF147:
 2453 09c9 5553425F 		.ascii	"USB_STOP\000"
 2453      53544F50 
 2453      00
 2454              	.LASF186:
 2455 09d2 72786275 		.ascii	"rxbuf\000"
 2455      6600
 2456              	.LASF45:
 2457 09d8 6D706F6F 		.ascii	"mpool\000"
ARM GAS  /var/folders/t8/16hdwfmd2fg_d3q6dgx6bpmw0000gn/T//ccDNdy8W.s 			page 52


 2457      6C00
 2458              	.LASF175:
 2459 09de 75736272 		.ascii	"usbreqhandler_t\000"
 2459      65716861 
 2459      6E646C65 
 2459      725F7400 
 2460              		.ident	"GCC: (GNU Tools for Arm Embedded Processors 7-2017-q4-major) 7.2.1 20170904 (release) [ARM
ARM GAS  /var/folders/t8/16hdwfmd2fg_d3q6dgx6bpmw0000gn/T//ccDNdy8W.s 			page 53


DEFINED SYMBOLS
                            *ABS*:0000000000000000 hal_ext_lld.c

NO UNDEFINED SYMBOLS
