ARM GAS  /var/folders/t8/16hdwfmd2fg_d3q6dgx6bpmw0000gn/T//ccQEFbAJ.s 			page 1


   1              		.cpu cortex-m0plus
   2              		.eabi_attribute 20, 1
   3              		.eabi_attribute 21, 1
   4              		.eabi_attribute 23, 3
   5              		.eabi_attribute 24, 1
   6              		.eabi_attribute 25, 1
   7              		.eabi_attribute 26, 1
   8              		.eabi_attribute 30, 2
   9              		.eabi_attribute 34, 0
  10              		.eabi_attribute 18, 4
  11              		.file	"osal.c"
  12              		.text
  13              	.Ltext0:
  14              		.cfi_sections	.debug_frame
  15              	.Letext0:
  16              		.file 1 "/usr/local/Caskroom/gcc-arm-embedded/7-2017-q4-major/gcc-arm-none-eabi-7-2017-q4-major/ar
  17              		.file 2 "/usr/local/Caskroom/gcc-arm-embedded/7-2017-q4-major/gcc-arm-none-eabi-7-2017-q4-major/ar
  18              		.file 3 "../../tmk_core/tool/chibios/ChibiOS/os/common/ports/ARMCMx/compilers/GCC/chtypes.h"
  19              		.file 4 "../../tmk_core/tool/chibios/ChibiOS/os/rt/include/chsystypes.h"
  20              		.file 5 "../../tmk_core/tool/chibios/ChibiOS/os/rt/include/chschd.h"
  21              		.file 6 "../../tmk_core/tool/chibios/ChibiOS/os/common/ports/ARMCMx/chcore.h"
  22              		.file 7 "../../tmk_core/tool/chibios/ChibiOS/os/common/ports/ARMCMx/chcore_v6m.h"
  23              		.file 8 "../../tmk_core/tool/chibios/ChibiOS/os/rt/include/chsem.h"
  24              		.file 9 "../../tmk_core/tool/chibios/ChibiOS/os/rt/include/chmtx.h"
  25              		.file 10 "../../tmk_core/tool/chibios/ChibiOS/os/rt/include/chregistry.h"
  26              		.file 11 "../../tmk_core/tool/chibios/ChibiOS/os/rt/include/chsys.h"
  27              		.section	.debug_info,"",%progbits
  28              	.Ldebug_info0:
  29 0000 1C070000 		.4byte	0x71c
  30 0004 0400     		.2byte	0x4
  31 0006 00000000 		.4byte	.Ldebug_abbrev0
  32 000a 04       		.byte	0x4
  33 000b 01       		.uleb128 0x1
  34 000c 19000000 		.4byte	.LASF112
  35 0010 0C       		.byte	0xc
  36 0011 E3020000 		.4byte	.LASF113
  37 0015 D9030000 		.4byte	.LASF114
  38 0019 00000000 		.4byte	.Ldebug_line0
  39 001d 02       		.uleb128 0x2
  40 001e 04       		.byte	0x4
  41 001f 05       		.byte	0x5
  42 0020 696E7400 		.ascii	"int\000"
  43 0024 03       		.uleb128 0x3
  44 0025 04       		.byte	0x4
  45 0026 07       		.byte	0x7
  46 0027 34010000 		.4byte	.LASF0
  47 002b 03       		.uleb128 0x3
  48 002c 01       		.byte	0x1
  49 002d 06       		.byte	0x6
  50 002e 69050000 		.4byte	.LASF1
  51 0032 04       		.uleb128 0x4
  52 0033 AA040000 		.4byte	.LASF4
  53 0037 01       		.byte	0x1
  54 0038 2B       		.byte	0x2b
  55 0039 3D000000 		.4byte	0x3d
  56 003d 03       		.uleb128 0x3
  57 003e 01       		.byte	0x1
ARM GAS  /var/folders/t8/16hdwfmd2fg_d3q6dgx6bpmw0000gn/T//ccQEFbAJ.s 			page 2


  58 003f 08       		.byte	0x8
  59 0040 1A050000 		.4byte	.LASF2
  60 0044 03       		.uleb128 0x3
  61 0045 02       		.byte	0x2
  62 0046 05       		.byte	0x5
  63 0047 6A040000 		.4byte	.LASF3
  64 004b 04       		.uleb128 0x4
  65 004c 48020000 		.4byte	.LASF5
  66 0050 01       		.byte	0x1
  67 0051 39       		.byte	0x39
  68 0052 56000000 		.4byte	0x56
  69 0056 03       		.uleb128 0x3
  70 0057 02       		.byte	0x2
  71 0058 07       		.byte	0x7
  72 0059 7B050000 		.4byte	.LASF6
  73 005d 04       		.uleb128 0x4
  74 005e 5D010000 		.4byte	.LASF7
  75 0062 01       		.byte	0x1
  76 0063 4D       		.byte	0x4d
  77 0064 68000000 		.4byte	0x68
  78 0068 03       		.uleb128 0x3
  79 0069 04       		.byte	0x4
  80 006a 05       		.byte	0x5
  81 006b 74040000 		.4byte	.LASF8
  82 006f 04       		.uleb128 0x4
  83 0070 28050000 		.4byte	.LASF9
  84 0074 01       		.byte	0x1
  85 0075 4F       		.byte	0x4f
  86 0076 7A000000 		.4byte	0x7a
  87 007a 03       		.uleb128 0x3
  88 007b 04       		.byte	0x4
  89 007c 07       		.byte	0x7
  90 007d D8040000 		.4byte	.LASF10
  91 0081 03       		.uleb128 0x3
  92 0082 08       		.byte	0x8
  93 0083 05       		.byte	0x5
  94 0084 99030000 		.4byte	.LASF11
  95 0088 04       		.uleb128 0x4
  96 0089 D0020000 		.4byte	.LASF12
  97 008d 01       		.byte	0x1
  98 008e 69       		.byte	0x69
  99 008f 93000000 		.4byte	0x93
 100 0093 03       		.uleb128 0x3
 101 0094 08       		.byte	0x8
 102 0095 07       		.byte	0x7
 103 0096 31020000 		.4byte	.LASF13
 104 009a 04       		.uleb128 0x4
 105 009b 66030000 		.4byte	.LASF14
 106 009f 02       		.byte	0x2
 107 00a0 18       		.byte	0x18
 108 00a1 32000000 		.4byte	0x32
 109 00a5 04       		.uleb128 0x4
 110 00a6 45040000 		.4byte	.LASF15
 111 00aa 02       		.byte	0x2
 112 00ab 24       		.byte	0x24
 113 00ac 4B000000 		.4byte	0x4b
 114 00b0 04       		.uleb128 0x4
ARM GAS  /var/folders/t8/16hdwfmd2fg_d3q6dgx6bpmw0000gn/T//ccQEFbAJ.s 			page 3


 115 00b1 FD040000 		.4byte	.LASF16
 116 00b5 02       		.byte	0x2
 117 00b6 2C       		.byte	0x2c
 118 00b7 5D000000 		.4byte	0x5d
 119 00bb 04       		.uleb128 0x4
 120 00bc E3010000 		.4byte	.LASF17
 121 00c0 02       		.byte	0x2
 122 00c1 30       		.byte	0x30
 123 00c2 6F000000 		.4byte	0x6f
 124 00c6 04       		.uleb128 0x4
 125 00c7 9B040000 		.4byte	.LASF18
 126 00cb 02       		.byte	0x2
 127 00cc 3C       		.byte	0x3c
 128 00cd 88000000 		.4byte	0x88
 129 00d1 04       		.uleb128 0x4
 130 00d2 2A040000 		.4byte	.LASF19
 131 00d6 03       		.byte	0x3
 132 00d7 3C       		.byte	0x3c
 133 00d8 9A000000 		.4byte	0x9a
 134 00dc 04       		.uleb128 0x4
 135 00dd 5D030000 		.4byte	.LASF20
 136 00e1 03       		.byte	0x3
 137 00e2 3D       		.byte	0x3d
 138 00e3 9A000000 		.4byte	0x9a
 139 00e7 04       		.uleb128 0x4
 140 00e8 D0040000 		.4byte	.LASF21
 141 00ec 03       		.byte	0x3
 142 00ed 3E       		.byte	0x3e
 143 00ee 9A000000 		.4byte	0x9a
 144 00f2 04       		.uleb128 0x4
 145 00f3 CF030000 		.4byte	.LASF22
 146 00f7 03       		.byte	0x3
 147 00f8 3F       		.byte	0x3f
 148 00f9 9A000000 		.4byte	0x9a
 149 00fd 04       		.uleb128 0x4
 150 00fe 18020000 		.4byte	.LASF23
 151 0102 03       		.byte	0x3
 152 0103 40       		.byte	0x40
 153 0104 BB000000 		.4byte	0xbb
 154 0108 04       		.uleb128 0x4
 155 0109 AC030000 		.4byte	.LASF24
 156 010d 03       		.byte	0x3
 157 010e 41       		.byte	0x41
 158 010f B0000000 		.4byte	0xb0
 159 0113 04       		.uleb128 0x4
 160 0114 F4010000 		.4byte	.LASF25
 161 0118 03       		.byte	0x3
 162 0119 43       		.byte	0x43
 163 011a BB000000 		.4byte	0xbb
 164 011e 04       		.uleb128 0x4
 165 011f 53020000 		.4byte	.LASF26
 166 0123 03       		.byte	0x3
 167 0124 45       		.byte	0x45
 168 0125 B0000000 		.4byte	0xb0
 169 0129 04       		.uleb128 0x4
 170 012a 18010000 		.4byte	.LASF27
 171 012e 04       		.byte	0x4
ARM GAS  /var/folders/t8/16hdwfmd2fg_d3q6dgx6bpmw0000gn/T//ccQEFbAJ.s 			page 4


 172 012f 33       		.byte	0x33
 173 0130 BB000000 		.4byte	0xbb
 174 0134 05       		.uleb128 0x5
 175 0135 29010000 		.4byte	0x129
 176 0139 04       		.uleb128 0x4
 177 013a A3020000 		.4byte	.LASF28
 178 013e 04       		.byte	0x4
 179 013f 3F       		.byte	0x3f
 180 0140 44010000 		.4byte	0x144
 181 0144 06       		.uleb128 0x6
 182 0145 77030000 		.4byte	.LASF47
 183 0149 44       		.byte	0x44
 184 014a 05       		.byte	0x5
 185 014b 9A       		.byte	0x9a
 186 014c 2E020000 		.4byte	0x22e
 187 0150 07       		.uleb128 0x7
 188 0151 F7040000 		.4byte	.LASF29
 189 0155 05       		.byte	0x5
 190 0156 9B       		.byte	0x9b
 191 0157 63020000 		.4byte	0x263
 192 015b 00       		.byte	0
 193 015c 07       		.uleb128 0x7
 194 015d 27030000 		.4byte	.LASF30
 195 0161 05       		.byte	0x5
 196 0162 9C       		.byte	0x9c
 197 0163 FD000000 		.4byte	0xfd
 198 0167 08       		.byte	0x8
 199 0168 08       		.uleb128 0x8
 200 0169 63747800 		.ascii	"ctx\000"
 201 016d 05       		.byte	0x5
 202 016e 9D       		.byte	0x9d
 203 016f 62040000 		.4byte	0x462
 204 0173 0C       		.byte	0xc
 205 0174 07       		.uleb128 0x7
 206 0175 14050000 		.4byte	.LASF31
 207 0179 05       		.byte	0x5
 208 017a 9F       		.byte	0x9f
 209 017b 39020000 		.4byte	0x239
 210 017f 10       		.byte	0x10
 211 0180 07       		.uleb128 0x7
 212 0181 B3050000 		.4byte	.LASF32
 213 0185 05       		.byte	0x5
 214 0186 A0       		.byte	0xa0
 215 0187 39020000 		.4byte	0x239
 216 018b 14       		.byte	0x14
 217 018c 07       		.uleb128 0x7
 218 018d B4040000 		.4byte	.LASF33
 219 0191 05       		.byte	0x5
 220 0192 A7       		.byte	0xa7
 221 0193 BD050000 		.4byte	0x5bd
 222 0197 18       		.byte	0x18
 223 0198 07       		.uleb128 0x7
 224 0199 44030000 		.4byte	.LASF34
 225 019d 05       		.byte	0x5
 226 019e B0       		.byte	0xb0
 227 019f D4050000 		.4byte	0x5d4
 228 01a3 1C       		.byte	0x1c
ARM GAS  /var/folders/t8/16hdwfmd2fg_d3q6dgx6bpmw0000gn/T//ccQEFbAJ.s 			page 5


 229 01a4 07       		.uleb128 0x7
 230 01a5 51050000 		.4byte	.LASF35
 231 01a9 05       		.byte	0x5
 232 01aa B5       		.byte	0xb5
 233 01ab DC000000 		.4byte	0xdc
 234 01af 20       		.byte	0x20
 235 01b0 07       		.uleb128 0x7
 236 01b1 12010000 		.4byte	.LASF36
 237 01b5 05       		.byte	0x5
 238 01b6 B9       		.byte	0xb9
 239 01b7 D1000000 		.4byte	0xd1
 240 01bb 21       		.byte	0x21
 241 01bc 07       		.uleb128 0x7
 242 01bd 67010000 		.4byte	.LASF37
 243 01c1 05       		.byte	0x5
 244 01c2 BE       		.byte	0xbe
 245 01c3 E7000000 		.4byte	0xe7
 246 01c7 22       		.byte	0x22
 247 01c8 07       		.uleb128 0x7
 248 01c9 89040000 		.4byte	.LASF38
 249 01cd 05       		.byte	0x5
 250 01ce C4       		.byte	0xc4
 251 01cf F2000000 		.4byte	0xf2
 252 01d3 23       		.byte	0x23
 253 01d4 09       		.uleb128 0x9
 254 01d5 7500     		.ascii	"u\000"
 255 01d7 05       		.byte	0x5
 256 01d8 0F01     		.2byte	0x10f
 257 01da F2040000 		.4byte	0x4f2
 258 01de 24       		.byte	0x24
 259 01df 0A       		.uleb128 0xa
 260 01e0 33050000 		.4byte	.LASF39
 261 01e4 05       		.byte	0x5
 262 01e5 1401     		.2byte	0x114
 263 01e7 3F020000 		.4byte	0x23f
 264 01eb 28       		.byte	0x28
 265 01ec 0A       		.uleb128 0xa
 266 01ed 6E030000 		.4byte	.LASF40
 267 01f1 05       		.byte	0x5
 268 01f2 1A01     		.2byte	0x11a
 269 01f4 63020000 		.4byte	0x263
 270 01f8 2C       		.byte	0x2c
 271 01f9 0A       		.uleb128 0xa
 272 01fa 2B010000 		.4byte	.LASF41
 273 01fe 05       		.byte	0x5
 274 01ff 2001     		.2byte	0x120
 275 0201 13010000 		.4byte	0x113
 276 0205 34       		.byte	0x34
 277 0206 0A       		.uleb128 0xa
 278 0207 84020000 		.4byte	.LASF42
 279 020b 05       		.byte	0x5
 280 020c 2701     		.2byte	0x127
 281 020e B7050000 		.4byte	0x5b7
 282 0212 38       		.byte	0x38
 283 0213 0A       		.uleb128 0xa
 284 0214 22010000 		.4byte	.LASF43
 285 0218 05       		.byte	0x5
ARM GAS  /var/folders/t8/16hdwfmd2fg_d3q6dgx6bpmw0000gn/T//ccQEFbAJ.s 			page 6


 286 0219 2B01     		.2byte	0x12b
 287 021b FD000000 		.4byte	0xfd
 288 021f 3C       		.byte	0x3c
 289 0220 0A       		.uleb128 0xa
 290 0221 C2050000 		.4byte	.LASF44
 291 0225 05       		.byte	0x5
 292 0226 3201     		.2byte	0x132
 293 0228 16030000 		.4byte	0x316
 294 022c 40       		.byte	0x40
 295 022d 00       		.byte	0
 296 022e 04       		.uleb128 0x4
 297 022f 31030000 		.4byte	.LASF45
 298 0233 04       		.byte	0x4
 299 0234 44       		.byte	0x44
 300 0235 39020000 		.4byte	0x239
 301 0239 0B       		.uleb128 0xb
 302 023a 04       		.byte	0x4
 303 023b 39010000 		.4byte	0x139
 304 023f 04       		.uleb128 0x4
 305 0240 4E010000 		.4byte	.LASF46
 306 0244 04       		.byte	0x4
 307 0245 49       		.byte	0x49
 308 0246 4A020000 		.4byte	0x24a
 309 024a 06       		.uleb128 0x6
 310 024b 00000000 		.4byte	.LASF48
 311 024f 04       		.byte	0x4
 312 0250 05       		.byte	0x5
 313 0251 88       		.byte	0x88
 314 0252 63020000 		.4byte	0x263
 315 0256 07       		.uleb128 0x7
 316 0257 41010000 		.4byte	.LASF49
 317 025b 05       		.byte	0x5
 318 025c 89       		.byte	0x89
 319 025d 39020000 		.4byte	0x239
 320 0261 00       		.byte	0
 321 0262 00       		.byte	0
 322 0263 04       		.uleb128 0x4
 323 0264 74020000 		.4byte	.LASF50
 324 0268 04       		.byte	0x4
 325 0269 50       		.byte	0x50
 326 026a 6E020000 		.4byte	0x26e
 327 026e 06       		.uleb128 0x6
 328 026f AF010000 		.4byte	.LASF51
 329 0273 08       		.byte	0x8
 330 0274 05       		.byte	0x5
 331 0275 8F       		.byte	0x8f
 332 0276 93020000 		.4byte	0x293
 333 027a 07       		.uleb128 0x7
 334 027b 41010000 		.4byte	.LASF49
 335 027f 05       		.byte	0x5
 336 0280 90       		.byte	0x90
 337 0281 39020000 		.4byte	0x239
 338 0285 00       		.byte	0
 339 0286 07       		.uleb128 0x7
 340 0287 AA010000 		.4byte	.LASF52
 341 028b 05       		.byte	0x5
 342 028c 91       		.byte	0x91
ARM GAS  /var/folders/t8/16hdwfmd2fg_d3q6dgx6bpmw0000gn/T//ccQEFbAJ.s 			page 7


 343 028d 39020000 		.4byte	0x239
 344 0291 04       		.byte	0x4
 345 0292 00       		.byte	0
 346 0293 04       		.uleb128 0x4
 347 0294 EA040000 		.4byte	.LASF53
 348 0298 04       		.byte	0x4
 349 0299 57       		.byte	0x57
 350 029a 9E020000 		.4byte	0x29e
 351 029e 0C       		.uleb128 0xc
 352 029f 90010000 		.4byte	.LASF54
 353 02a3 1C       		.byte	0x1c
 354 02a4 05       		.byte	0x5
 355 02a5 6A01     		.2byte	0x16a
 356 02a7 FA020000 		.4byte	0x2fa
 357 02ab 0A       		.uleb128 0xa
 358 02ac F7040000 		.4byte	.LASF29
 359 02b0 05       		.byte	0x5
 360 02b1 6B01     		.2byte	0x16b
 361 02b3 63020000 		.4byte	0x263
 362 02b7 00       		.byte	0
 363 02b8 0A       		.uleb128 0xa
 364 02b9 27030000 		.4byte	.LASF30
 365 02bd 05       		.byte	0x5
 366 02be 6C01     		.2byte	0x16c
 367 02c0 FD000000 		.4byte	0xfd
 368 02c4 08       		.byte	0x8
 369 02c5 09       		.uleb128 0x9
 370 02c6 63747800 		.ascii	"ctx\000"
 371 02ca 05       		.byte	0x5
 372 02cb 6E01     		.2byte	0x16e
 373 02cd 62040000 		.4byte	0x462
 374 02d1 0C       		.byte	0xc
 375 02d2 0A       		.uleb128 0xa
 376 02d3 14050000 		.4byte	.LASF31
 377 02d7 05       		.byte	0x5
 378 02d8 7101     		.2byte	0x171
 379 02da 39020000 		.4byte	0x239
 380 02de 10       		.byte	0x10
 381 02df 0A       		.uleb128 0xa
 382 02e0 B3050000 		.4byte	.LASF32
 383 02e4 05       		.byte	0x5
 384 02e5 7201     		.2byte	0x172
 385 02e7 39020000 		.4byte	0x239
 386 02eb 14       		.byte	0x14
 387 02ec 0A       		.uleb128 0xa
 388 02ed A2050000 		.4byte	.LASF55
 389 02f1 05       		.byte	0x5
 390 02f2 7501     		.2byte	0x175
 391 02f4 39020000 		.4byte	0x239
 392 02f8 18       		.byte	0x18
 393 02f9 00       		.byte	0
 394 02fa 04       		.uleb128 0x4
 395 02fb CA010000 		.4byte	.LASF56
 396 02ff 04       		.byte	0x4
 397 0300 5C       		.byte	0x5c
 398 0301 05030000 		.4byte	0x305
 399 0305 0B       		.uleb128 0xb
ARM GAS  /var/folders/t8/16hdwfmd2fg_d3q6dgx6bpmw0000gn/T//ccQEFbAJ.s 			page 8


 400 0306 04       		.byte	0x4
 401 0307 0B030000 		.4byte	0x30b
 402 030b 0D       		.uleb128 0xd
 403 030c 16030000 		.4byte	0x316
 404 0310 0E       		.uleb128 0xe
 405 0311 16030000 		.4byte	0x316
 406 0315 00       		.byte	0
 407 0316 0F       		.uleb128 0xf
 408 0317 04       		.byte	0x4
 409 0318 04       		.uleb128 0x4
 410 0319 B2030000 		.4byte	.LASF57
 411 031d 04       		.byte	0x4
 412 031e 61       		.byte	0x61
 413 031f 23030000 		.4byte	0x323
 414 0323 0C       		.uleb128 0xc
 415 0324 20020000 		.4byte	.LASF58
 416 0328 14       		.byte	0x14
 417 0329 05       		.byte	0x5
 418 032a 4501     		.2byte	0x145
 419 032c 72030000 		.4byte	0x372
 420 0330 0A       		.uleb128 0xa
 421 0331 41010000 		.4byte	.LASF49
 422 0335 05       		.byte	0x5
 423 0336 4601     		.2byte	0x146
 424 0338 DA050000 		.4byte	0x5da
 425 033c 00       		.byte	0
 426 033d 0A       		.uleb128 0xa
 427 033e AA010000 		.4byte	.LASF52
 428 0342 05       		.byte	0x5
 429 0343 4701     		.2byte	0x147
 430 0345 DA050000 		.4byte	0x5da
 431 0349 04       		.byte	0x4
 432 034a 0A       		.uleb128 0xa
 433 034b 75050000 		.4byte	.LASF59
 434 034f 05       		.byte	0x5
 435 0350 4801     		.2byte	0x148
 436 0352 29010000 		.4byte	0x129
 437 0356 08       		.byte	0x8
 438 0357 0A       		.uleb128 0xa
 439 0358 9E010000 		.4byte	.LASF60
 440 035c 05       		.byte	0x5
 441 035d 4901     		.2byte	0x149
 442 035f FA020000 		.4byte	0x2fa
 443 0363 0C       		.byte	0xc
 444 0364 09       		.uleb128 0x9
 445 0365 70617200 		.ascii	"par\000"
 446 0369 05       		.byte	0x5
 447 036a 4B01     		.2byte	0x14b
 448 036c 16030000 		.4byte	0x316
 449 0370 10       		.byte	0x10
 450 0371 00       		.byte	0
 451 0372 04       		.uleb128 0x4
 452 0373 3B050000 		.4byte	.LASF61
 453 0377 04       		.byte	0x4
 454 0378 66       		.byte	0x66
 455 0379 7D030000 		.4byte	0x37d
 456 037d 0C       		.uleb128 0xc
ARM GAS  /var/folders/t8/16hdwfmd2fg_d3q6dgx6bpmw0000gn/T//ccQEFbAJ.s 			page 9


 457 037e 8C020000 		.4byte	.LASF62
 458 0382 10       		.byte	0x10
 459 0383 05       		.byte	0x5
 460 0384 5501     		.2byte	0x155
 461 0386 BF030000 		.4byte	0x3bf
 462 038a 0A       		.uleb128 0xa
 463 038b 41010000 		.4byte	.LASF49
 464 038f 05       		.byte	0x5
 465 0390 5601     		.2byte	0x156
 466 0392 DA050000 		.4byte	0x5da
 467 0396 00       		.byte	0
 468 0397 0A       		.uleb128 0xa
 469 0398 AA010000 		.4byte	.LASF52
 470 039c 05       		.byte	0x5
 471 039d 5801     		.2byte	0x158
 472 039f DA050000 		.4byte	0x5da
 473 03a3 04       		.byte	0x4
 474 03a4 0A       		.uleb128 0xa
 475 03a5 75050000 		.4byte	.LASF59
 476 03a9 05       		.byte	0x5
 477 03aa 5A01     		.2byte	0x15a
 478 03ac 29010000 		.4byte	0x129
 479 03b0 08       		.byte	0x8
 480 03b1 0A       		.uleb128 0xa
 481 03b2 32040000 		.4byte	.LASF63
 482 03b6 05       		.byte	0x5
 483 03b7 5C01     		.2byte	0x15c
 484 03b9 34010000 		.4byte	0x134
 485 03bd 0C       		.byte	0xc
 486 03be 00       		.byte	0
 487 03bf 04       		.uleb128 0x4
 488 03c0 8A030000 		.4byte	.LASF64
 489 03c4 04       		.byte	0x4
 490 03c5 6B       		.byte	0x6b
 491 03c6 CA030000 		.4byte	0x3ca
 492 03ca 0C       		.uleb128 0xc
 493 03cb D3010000 		.4byte	.LASF65
 494 03cf 0C       		.byte	0xc
 495 03d0 05       		.byte	0x5
 496 03d1 7C01     		.2byte	0x17c
 497 03d3 FF030000 		.4byte	0x3ff
 498 03d7 0A       		.uleb128 0xa
 499 03d8 20040000 		.4byte	.LASF66
 500 03dc 05       		.byte	0x5
 501 03dd 8401     		.2byte	0x184
 502 03df C3050000 		.4byte	0x5c3
 503 03e3 00       		.byte	0
 504 03e4 0A       		.uleb128 0xa
 505 03e5 66020000 		.4byte	.LASF67
 506 03e9 05       		.byte	0x5
 507 03ea 8901     		.2byte	0x189
 508 03ec 1E010000 		.4byte	0x11e
 509 03f0 04       		.byte	0x4
 510 03f1 0A       		.uleb128 0xa
 511 03f2 61040000 		.4byte	.LASF68
 512 03f6 05       		.byte	0x5
 513 03f7 8D01     		.2byte	0x18d
ARM GAS  /var/folders/t8/16hdwfmd2fg_d3q6dgx6bpmw0000gn/T//ccQEFbAJ.s 			page 10


 514 03f9 1E010000 		.4byte	0x11e
 515 03fd 08       		.byte	0x8
 516 03fe 00       		.byte	0
 517 03ff 04       		.uleb128 0x4
 518 0400 57050000 		.4byte	.LASF69
 519 0404 04       		.byte	0x4
 520 0405 70       		.byte	0x70
 521 0406 0A040000 		.4byte	0x40a
 522 040a 0C       		.uleb128 0xc
 523 040b 91040000 		.4byte	.LASF70
 524 040f 7C       		.byte	0x7c
 525 0410 05       		.byte	0x5
 526 0411 9C01     		.2byte	0x19c
 527 0413 4C040000 		.4byte	0x44c
 528 0417 0A       		.uleb128 0xa
 529 0418 A4040000 		.4byte	.LASF71
 530 041c 05       		.byte	0x5
 531 041d A001     		.2byte	0x1a0
 532 041f 93020000 		.4byte	0x293
 533 0423 00       		.byte	0
 534 0424 0A       		.uleb128 0xa
 535 0425 7C010000 		.4byte	.LASF72
 536 0429 05       		.byte	0x5
 537 042a A401     		.2byte	0x1a4
 538 042c 72030000 		.4byte	0x372
 539 0430 1C       		.byte	0x1c
 540 0431 09       		.uleb128 0x9
 541 0432 64626700 		.ascii	"dbg\000"
 542 0436 05       		.byte	0x5
 543 0437 A801     		.2byte	0x1a8
 544 0439 BF030000 		.4byte	0x3bf
 545 043d 2C       		.byte	0x2c
 546 043e 0A       		.uleb128 0xa
 547 043f 3A040000 		.4byte	.LASF73
 548 0443 05       		.byte	0x5
 549 0444 AC01     		.2byte	0x1ac
 550 0446 39010000 		.4byte	0x139
 551 044a 38       		.byte	0x38
 552 044b 00       		.byte	0
 553 044c 04       		.uleb128 0x4
 554 044d 09010000 		.4byte	.LASF74
 555 0451 06       		.byte	0x6
 556 0452 65       		.byte	0x65
 557 0453 16030000 		.4byte	0x316
 558 0457 04       		.uleb128 0x4
 559 0458 8E050000 		.4byte	.LASF75
 560 045c 06       		.byte	0x6
 561 045d 6D       		.byte	0x6d
 562 045e C6000000 		.4byte	0xc6
 563 0462 06       		.uleb128 0x6
 564 0463 83010000 		.4byte	.LASF76
 565 0467 04       		.byte	0x4
 566 0468 06       		.byte	0x6
 567 0469 89       		.byte	0x89
 568 046a 7A040000 		.4byte	0x47a
 569 046e 08       		.uleb128 0x8
 570 046f 737000   		.ascii	"sp\000"
ARM GAS  /var/folders/t8/16hdwfmd2fg_d3q6dgx6bpmw0000gn/T//ccQEFbAJ.s 			page 11


 571 0472 06       		.byte	0x6
 572 0473 8A       		.byte	0x8a
 573 0474 EC040000 		.4byte	0x4ec
 574 0478 00       		.byte	0
 575 0479 00       		.byte	0
 576 047a 06       		.uleb128 0x6
 577 047b 7D040000 		.4byte	.LASF77
 578 047f 24       		.byte	0x24
 579 0480 07       		.byte	0x7
 580 0481 C3       		.byte	0xc3
 581 0482 EC040000 		.4byte	0x4ec
 582 0486 08       		.uleb128 0x8
 583 0487 723800   		.ascii	"r8\000"
 584 048a 07       		.byte	0x7
 585 048b C4       		.byte	0xc4
 586 048c 4C040000 		.4byte	0x44c
 587 0490 00       		.byte	0
 588 0491 08       		.uleb128 0x8
 589 0492 723900   		.ascii	"r9\000"
 590 0495 07       		.byte	0x7
 591 0496 C5       		.byte	0xc5
 592 0497 4C040000 		.4byte	0x44c
 593 049b 04       		.byte	0x4
 594 049c 08       		.uleb128 0x8
 595 049d 72313000 		.ascii	"r10\000"
 596 04a1 07       		.byte	0x7
 597 04a2 C6       		.byte	0xc6
 598 04a3 4C040000 		.4byte	0x44c
 599 04a7 08       		.byte	0x8
 600 04a8 08       		.uleb128 0x8
 601 04a9 72313100 		.ascii	"r11\000"
 602 04ad 07       		.byte	0x7
 603 04ae C7       		.byte	0xc7
 604 04af 4C040000 		.4byte	0x44c
 605 04b3 0C       		.byte	0xc
 606 04b4 08       		.uleb128 0x8
 607 04b5 723400   		.ascii	"r4\000"
 608 04b8 07       		.byte	0x7
 609 04b9 C8       		.byte	0xc8
 610 04ba 4C040000 		.4byte	0x44c
 611 04be 10       		.byte	0x10
 612 04bf 08       		.uleb128 0x8
 613 04c0 723500   		.ascii	"r5\000"
 614 04c3 07       		.byte	0x7
 615 04c4 C9       		.byte	0xc9
 616 04c5 4C040000 		.4byte	0x44c
 617 04c9 14       		.byte	0x14
 618 04ca 08       		.uleb128 0x8
 619 04cb 723600   		.ascii	"r6\000"
 620 04ce 07       		.byte	0x7
 621 04cf CA       		.byte	0xca
 622 04d0 4C040000 		.4byte	0x44c
 623 04d4 18       		.byte	0x18
 624 04d5 08       		.uleb128 0x8
 625 04d6 723700   		.ascii	"r7\000"
 626 04d9 07       		.byte	0x7
 627 04da CB       		.byte	0xcb
ARM GAS  /var/folders/t8/16hdwfmd2fg_d3q6dgx6bpmw0000gn/T//ccQEFbAJ.s 			page 12


 628 04db 4C040000 		.4byte	0x44c
 629 04df 1C       		.byte	0x1c
 630 04e0 08       		.uleb128 0x8
 631 04e1 6C7200   		.ascii	"lr\000"
 632 04e4 07       		.byte	0x7
 633 04e5 CC       		.byte	0xcc
 634 04e6 4C040000 		.4byte	0x44c
 635 04ea 20       		.byte	0x20
 636 04eb 00       		.byte	0
 637 04ec 0B       		.uleb128 0xb
 638 04ed 04       		.byte	0x4
 639 04ee 7A040000 		.4byte	0x47a
 640 04f2 10       		.uleb128 0x10
 641 04f3 04       		.byte	0x4
 642 04f4 05       		.byte	0x5
 643 04f5 D2       		.byte	0xd2
 644 04f6 55050000 		.4byte	0x555
 645 04fa 11       		.uleb128 0x11
 646 04fb C0020000 		.4byte	.LASF78
 647 04ff 05       		.byte	0x5
 648 0500 D9       		.byte	0xd9
 649 0501 08010000 		.4byte	0x108
 650 0505 11       		.uleb128 0x11
 651 0506 B9050000 		.4byte	.LASF79
 652 050a 05       		.byte	0x5
 653 050b E0       		.byte	0xe0
 654 050c 08010000 		.4byte	0x108
 655 0510 11       		.uleb128 0x11
 656 0511 75010000 		.4byte	.LASF80
 657 0515 05       		.byte	0x5
 658 0516 E7       		.byte	0xe7
 659 0517 16030000 		.4byte	0x316
 660 051b 11       		.uleb128 0x11
 661 051c 63050000 		.4byte	.LASF81
 662 0520 05       		.byte	0x5
 663 0521 EE       		.byte	0xee
 664 0522 55050000 		.4byte	0x555
 665 0526 11       		.uleb128 0x11
 666 0527 EC010000 		.4byte	.LASF82
 667 052b 05       		.byte	0x5
 668 052c F3       		.byte	0xf3
 669 052d 08010000 		.4byte	0x108
 670 0531 11       		.uleb128 0x11
 671 0532 05050000 		.4byte	.LASF83
 672 0536 05       		.byte	0x5
 673 0537 FC       		.byte	0xfc
 674 0538 80050000 		.4byte	0x580
 675 053c 12       		.uleb128 0x12
 676 053d 02010000 		.4byte	.LASF84
 677 0541 05       		.byte	0x5
 678 0542 0501     		.2byte	0x105
 679 0544 B7050000 		.4byte	0x5b7
 680 0548 12       		.uleb128 0x12
 681 0549 A3010000 		.4byte	.LASF85
 682 054d 05       		.byte	0x5
 683 054e 0D01     		.2byte	0x10d
 684 0550 13010000 		.4byte	0x113
ARM GAS  /var/folders/t8/16hdwfmd2fg_d3q6dgx6bpmw0000gn/T//ccQEFbAJ.s 			page 13


 685 0554 00       		.byte	0
 686 0555 0B       		.uleb128 0xb
 687 0556 04       		.byte	0x4
 688 0557 2E020000 		.4byte	0x22e
 689 055b 06       		.uleb128 0x6
 690 055c 0B020000 		.4byte	.LASF86
 691 0560 0C       		.byte	0xc
 692 0561 08       		.byte	0x8
 693 0562 34       		.byte	0x34
 694 0563 80050000 		.4byte	0x580
 695 0567 07       		.uleb128 0x7
 696 0568 F7040000 		.4byte	.LASF29
 697 056c 08       		.byte	0x8
 698 056d 35       		.byte	0x35
 699 056e 63020000 		.4byte	0x263
 700 0572 00       		.byte	0
 701 0573 08       		.uleb128 0x8
 702 0574 636E7400 		.ascii	"cnt\000"
 703 0578 08       		.byte	0x8
 704 0579 37       		.byte	0x37
 705 057a 1E010000 		.4byte	0x11e
 706 057e 08       		.byte	0x8
 707 057f 00       		.byte	0
 708 0580 0B       		.uleb128 0xb
 709 0581 04       		.byte	0x4
 710 0582 5B050000 		.4byte	0x55b
 711 0586 06       		.uleb128 0x6
 712 0587 C7020000 		.4byte	.LASF87
 713 058b 10       		.byte	0x10
 714 058c 09       		.byte	0x9
 715 058d 39       		.byte	0x39
 716 058e B7050000 		.4byte	0x5b7
 717 0592 07       		.uleb128 0x7
 718 0593 F7040000 		.4byte	.LASF29
 719 0597 09       		.byte	0x9
 720 0598 3A       		.byte	0x3a
 721 0599 63020000 		.4byte	0x263
 722 059d 00       		.byte	0
 723 059e 07       		.uleb128 0x7
 724 059f 6E020000 		.4byte	.LASF88
 725 05a3 09       		.byte	0x9
 726 05a4 3C       		.byte	0x3c
 727 05a5 39020000 		.4byte	0x239
 728 05a9 08       		.byte	0x8
 729 05aa 07       		.uleb128 0x7
 730 05ab 41010000 		.4byte	.LASF49
 731 05af 09       		.byte	0x9
 732 05b0 3E       		.byte	0x3e
 733 05b1 19070000 		.4byte	0x719
 734 05b5 0C       		.byte	0xc
 735 05b6 00       		.byte	0
 736 05b7 0B       		.uleb128 0xb
 737 05b8 04       		.byte	0x4
 738 05b9 86050000 		.4byte	0x586
 739 05bd 0B       		.uleb128 0xb
 740 05be 04       		.byte	0x4
 741 05bf CF050000 		.4byte	0x5cf
ARM GAS  /var/folders/t8/16hdwfmd2fg_d3q6dgx6bpmw0000gn/T//ccQEFbAJ.s 			page 14


 742 05c3 05       		.uleb128 0x5
 743 05c4 BD050000 		.4byte	0x5bd
 744 05c8 03       		.uleb128 0x3
 745 05c9 01       		.byte	0x1
 746 05ca 08       		.byte	0x8
 747 05cb 2C030000 		.4byte	.LASF89
 748 05cf 13       		.uleb128 0x13
 749 05d0 C8050000 		.4byte	0x5c8
 750 05d4 0B       		.uleb128 0xb
 751 05d5 04       		.byte	0x4
 752 05d6 57040000 		.4byte	0x457
 753 05da 0B       		.uleb128 0xb
 754 05db 04       		.byte	0x4
 755 05dc 18030000 		.4byte	0x318
 756 05e0 14       		.uleb128 0x14
 757 05e1 636800   		.ascii	"ch\000"
 758 05e4 05       		.byte	0x5
 759 05e5 D201     		.2byte	0x1d2
 760 05e7 FF030000 		.4byte	0x3ff
 761 05eb 15       		.uleb128 0x15
 762 05ec 57040000 		.4byte	0x457
 763 05f0 F6050000 		.4byte	0x5f6
 764 05f4 16       		.uleb128 0x16
 765 05f5 00       		.byte	0
 766 05f6 17       		.uleb128 0x17
 767 05f7 4B030000 		.4byte	.LASF90
 768 05fb 0B       		.byte	0xb
 769 05fc 2B01     		.2byte	0x12b
 770 05fe EB050000 		.4byte	0x5eb
 771 0602 18       		.uleb128 0x18
 772 0603 16       		.byte	0x16
 773 0604 0A       		.byte	0xa
 774 0605 34       		.byte	0x34
 775 0606 E3060000 		.4byte	0x6e3
 776 060a 07       		.uleb128 0x7
 777 060b B9040000 		.4byte	.LASF91
 778 060f 0A       		.byte	0xa
 779 0610 35       		.byte	0x35
 780 0611 E3060000 		.4byte	0x6e3
 781 0615 00       		.byte	0
 782 0616 07       		.uleb128 0x7
 783 0617 A7030000 		.4byte	.LASF92
 784 061b 0A       		.byte	0xa
 785 061c 36       		.byte	0x36
 786 061d 9A000000 		.4byte	0x9a
 787 0621 04       		.byte	0x4
 788 0622 07       		.uleb128 0x7
 789 0623 C2030000 		.4byte	.LASF93
 790 0627 0A       		.byte	0xa
 791 0628 37       		.byte	0x37
 792 0629 9A000000 		.4byte	0x9a
 793 062d 05       		.byte	0x5
 794 062e 07       		.uleb128 0x7
 795 062f 46010000 		.4byte	.LASF94
 796 0633 0A       		.byte	0xa
 797 0634 38       		.byte	0x38
 798 0635 A5000000 		.4byte	0xa5
ARM GAS  /var/folders/t8/16hdwfmd2fg_d3q6dgx6bpmw0000gn/T//ccQEFbAJ.s 			page 15


 799 0639 06       		.byte	0x6
 800 063a 07       		.uleb128 0x7
 801 063b C7030000 		.4byte	.LASF95
 802 063f 0A       		.byte	0xa
 803 0640 39       		.byte	0x39
 804 0641 9A000000 		.4byte	0x9a
 805 0645 08       		.byte	0x8
 806 0646 07       		.uleb128 0x7
 807 0647 10000000 		.4byte	.LASF96
 808 064b 0A       		.byte	0xa
 809 064c 3A       		.byte	0x3a
 810 064d 9A000000 		.4byte	0x9a
 811 0651 09       		.byte	0x9
 812 0652 07       		.uleb128 0x7
 813 0653 00020000 		.4byte	.LASF97
 814 0657 0A       		.byte	0xa
 815 0658 3B       		.byte	0x3b
 816 0659 9A000000 		.4byte	0x9a
 817 065d 0A       		.byte	0xa
 818 065e 07       		.uleb128 0x7
 819 065f 58040000 		.4byte	.LASF98
 820 0663 0A       		.byte	0xa
 821 0664 3C       		.byte	0x3c
 822 0665 9A000000 		.4byte	0x9a
 823 0669 0B       		.byte	0xb
 824 066a 07       		.uleb128 0x7
 825 066b DB020000 		.4byte	.LASF99
 826 066f 0A       		.byte	0xa
 827 0670 3D       		.byte	0x3d
 828 0671 9A000000 		.4byte	0x9a
 829 0675 0C       		.byte	0xc
 830 0676 07       		.uleb128 0x7
 831 0677 C0010000 		.4byte	.LASF100
 832 067b 0A       		.byte	0xa
 833 067c 3E       		.byte	0x3e
 834 067d 9A000000 		.4byte	0x9a
 835 0681 0D       		.byte	0xd
 836 0682 07       		.uleb128 0x7
 837 0683 AC020000 		.4byte	.LASF101
 838 0687 0A       		.byte	0xa
 839 0688 3F       		.byte	0x3f
 840 0689 9A000000 		.4byte	0x9a
 841 068d 0E       		.byte	0xe
 842 068e 07       		.uleb128 0x7
 843 068f 81030000 		.4byte	.LASF102
 844 0693 0A       		.byte	0xa
 845 0694 40       		.byte	0x40
 846 0695 9A000000 		.4byte	0x9a
 847 0699 0F       		.byte	0xf
 848 069a 07       		.uleb128 0x7
 849 069b 59020000 		.4byte	.LASF103
 850 069f 0A       		.byte	0xa
 851 06a0 41       		.byte	0x41
 852 06a1 9A000000 		.4byte	0x9a
 853 06a5 10       		.byte	0x10
 854 06a6 07       		.uleb128 0x7
 855 06a7 B6020000 		.4byte	.LASF104
ARM GAS  /var/folders/t8/16hdwfmd2fg_d3q6dgx6bpmw0000gn/T//ccQEFbAJ.s 			page 16


 856 06ab 0A       		.byte	0xa
 857 06ac 42       		.byte	0x42
 858 06ad 9A000000 		.4byte	0x9a
 859 06b1 11       		.byte	0x11
 860 06b2 07       		.uleb128 0x7
 861 06b3 1D030000 		.4byte	.LASF105
 862 06b7 0A       		.byte	0xa
 863 06b8 43       		.byte	0x43
 864 06b9 9A000000 		.4byte	0x9a
 865 06bd 12       		.byte	0x12
 866 06be 07       		.uleb128 0x7
 867 06bf 99050000 		.4byte	.LASF106
 868 06c3 0A       		.byte	0xa
 869 06c4 44       		.byte	0x44
 870 06c5 9A000000 		.4byte	0x9a
 871 06c9 13       		.byte	0x13
 872 06ca 07       		.uleb128 0x7
 873 06cb C4040000 		.4byte	.LASF107
 874 06cf 0A       		.byte	0xa
 875 06d0 45       		.byte	0x45
 876 06d1 9A000000 		.4byte	0x9a
 877 06d5 14       		.byte	0x14
 878 06d6 07       		.uleb128 0x7
 879 06d7 6C010000 		.4byte	.LASF108
 880 06db 0A       		.byte	0xa
 881 06dc 46       		.byte	0x46
 882 06dd 9A000000 		.4byte	0x9a
 883 06e1 15       		.byte	0x15
 884 06e2 00       		.byte	0
 885 06e3 15       		.uleb128 0x15
 886 06e4 C8050000 		.4byte	0x5c8
 887 06e8 F3060000 		.4byte	0x6f3
 888 06ec 19       		.uleb128 0x19
 889 06ed 24000000 		.4byte	0x24
 890 06f1 03       		.byte	0x3
 891 06f2 00       		.byte	0
 892 06f3 04       		.uleb128 0x4
 893 06f4 4E040000 		.4byte	.LASF109
 894 06f8 0A       		.byte	0xa
 895 06f9 47       		.byte	0x47
 896 06fa 02060000 		.4byte	0x602
 897 06fe 13       		.uleb128 0x13
 898 06ff F3060000 		.4byte	0x6f3
 899 0703 1A       		.uleb128 0x1a
 900 0704 AA050000 		.4byte	.LASF110
 901 0708 0A       		.byte	0xa
 902 0709 6C       		.byte	0x6c
 903 070a FE060000 		.4byte	0x6fe
 904 070e 04       		.uleb128 0x4
 905 070f 0C050000 		.4byte	.LASF111
 906 0713 09       		.byte	0x9
 907 0714 34       		.byte	0x34
 908 0715 86050000 		.4byte	0x586
 909 0719 0B       		.uleb128 0xb
 910 071a 04       		.byte	0x4
 911 071b 0E070000 		.4byte	0x70e
 912 071f 00       		.byte	0
ARM GAS  /var/folders/t8/16hdwfmd2fg_d3q6dgx6bpmw0000gn/T//ccQEFbAJ.s 			page 17


 913              		.section	.debug_abbrev,"",%progbits
 914              	.Ldebug_abbrev0:
 915 0000 01       		.uleb128 0x1
 916 0001 11       		.uleb128 0x11
 917 0002 01       		.byte	0x1
 918 0003 25       		.uleb128 0x25
 919 0004 0E       		.uleb128 0xe
 920 0005 13       		.uleb128 0x13
 921 0006 0B       		.uleb128 0xb
 922 0007 03       		.uleb128 0x3
 923 0008 0E       		.uleb128 0xe
 924 0009 1B       		.uleb128 0x1b
 925 000a 0E       		.uleb128 0xe
 926 000b 10       		.uleb128 0x10
 927 000c 17       		.uleb128 0x17
 928 000d 00       		.byte	0
 929 000e 00       		.byte	0
 930 000f 02       		.uleb128 0x2
 931 0010 24       		.uleb128 0x24
 932 0011 00       		.byte	0
 933 0012 0B       		.uleb128 0xb
 934 0013 0B       		.uleb128 0xb
 935 0014 3E       		.uleb128 0x3e
 936 0015 0B       		.uleb128 0xb
 937 0016 03       		.uleb128 0x3
 938 0017 08       		.uleb128 0x8
 939 0018 00       		.byte	0
 940 0019 00       		.byte	0
 941 001a 03       		.uleb128 0x3
 942 001b 24       		.uleb128 0x24
 943 001c 00       		.byte	0
 944 001d 0B       		.uleb128 0xb
 945 001e 0B       		.uleb128 0xb
 946 001f 3E       		.uleb128 0x3e
 947 0020 0B       		.uleb128 0xb
 948 0021 03       		.uleb128 0x3
 949 0022 0E       		.uleb128 0xe
 950 0023 00       		.byte	0
 951 0024 00       		.byte	0
 952 0025 04       		.uleb128 0x4
 953 0026 16       		.uleb128 0x16
 954 0027 00       		.byte	0
 955 0028 03       		.uleb128 0x3
 956 0029 0E       		.uleb128 0xe
 957 002a 3A       		.uleb128 0x3a
 958 002b 0B       		.uleb128 0xb
 959 002c 3B       		.uleb128 0x3b
 960 002d 0B       		.uleb128 0xb
 961 002e 49       		.uleb128 0x49
 962 002f 13       		.uleb128 0x13
 963 0030 00       		.byte	0
 964 0031 00       		.byte	0
 965 0032 05       		.uleb128 0x5
 966 0033 35       		.uleb128 0x35
 967 0034 00       		.byte	0
 968 0035 49       		.uleb128 0x49
 969 0036 13       		.uleb128 0x13
ARM GAS  /var/folders/t8/16hdwfmd2fg_d3q6dgx6bpmw0000gn/T//ccQEFbAJ.s 			page 18


 970 0037 00       		.byte	0
 971 0038 00       		.byte	0
 972 0039 06       		.uleb128 0x6
 973 003a 13       		.uleb128 0x13
 974 003b 01       		.byte	0x1
 975 003c 03       		.uleb128 0x3
 976 003d 0E       		.uleb128 0xe
 977 003e 0B       		.uleb128 0xb
 978 003f 0B       		.uleb128 0xb
 979 0040 3A       		.uleb128 0x3a
 980 0041 0B       		.uleb128 0xb
 981 0042 3B       		.uleb128 0x3b
 982 0043 0B       		.uleb128 0xb
 983 0044 01       		.uleb128 0x1
 984 0045 13       		.uleb128 0x13
 985 0046 00       		.byte	0
 986 0047 00       		.byte	0
 987 0048 07       		.uleb128 0x7
 988 0049 0D       		.uleb128 0xd
 989 004a 00       		.byte	0
 990 004b 03       		.uleb128 0x3
 991 004c 0E       		.uleb128 0xe
 992 004d 3A       		.uleb128 0x3a
 993 004e 0B       		.uleb128 0xb
 994 004f 3B       		.uleb128 0x3b
 995 0050 0B       		.uleb128 0xb
 996 0051 49       		.uleb128 0x49
 997 0052 13       		.uleb128 0x13
 998 0053 38       		.uleb128 0x38
 999 0054 0B       		.uleb128 0xb
 1000 0055 00       		.byte	0
 1001 0056 00       		.byte	0
 1002 0057 08       		.uleb128 0x8
 1003 0058 0D       		.uleb128 0xd
 1004 0059 00       		.byte	0
 1005 005a 03       		.uleb128 0x3
 1006 005b 08       		.uleb128 0x8
 1007 005c 3A       		.uleb128 0x3a
 1008 005d 0B       		.uleb128 0xb
 1009 005e 3B       		.uleb128 0x3b
 1010 005f 0B       		.uleb128 0xb
 1011 0060 49       		.uleb128 0x49
 1012 0061 13       		.uleb128 0x13
 1013 0062 38       		.uleb128 0x38
 1014 0063 0B       		.uleb128 0xb
 1015 0064 00       		.byte	0
 1016 0065 00       		.byte	0
 1017 0066 09       		.uleb128 0x9
 1018 0067 0D       		.uleb128 0xd
 1019 0068 00       		.byte	0
 1020 0069 03       		.uleb128 0x3
 1021 006a 08       		.uleb128 0x8
 1022 006b 3A       		.uleb128 0x3a
 1023 006c 0B       		.uleb128 0xb
 1024 006d 3B       		.uleb128 0x3b
 1025 006e 05       		.uleb128 0x5
 1026 006f 49       		.uleb128 0x49
ARM GAS  /var/folders/t8/16hdwfmd2fg_d3q6dgx6bpmw0000gn/T//ccQEFbAJ.s 			page 19


 1027 0070 13       		.uleb128 0x13
 1028 0071 38       		.uleb128 0x38
 1029 0072 0B       		.uleb128 0xb
 1030 0073 00       		.byte	0
 1031 0074 00       		.byte	0
 1032 0075 0A       		.uleb128 0xa
 1033 0076 0D       		.uleb128 0xd
 1034 0077 00       		.byte	0
 1035 0078 03       		.uleb128 0x3
 1036 0079 0E       		.uleb128 0xe
 1037 007a 3A       		.uleb128 0x3a
 1038 007b 0B       		.uleb128 0xb
 1039 007c 3B       		.uleb128 0x3b
 1040 007d 05       		.uleb128 0x5
 1041 007e 49       		.uleb128 0x49
 1042 007f 13       		.uleb128 0x13
 1043 0080 38       		.uleb128 0x38
 1044 0081 0B       		.uleb128 0xb
 1045 0082 00       		.byte	0
 1046 0083 00       		.byte	0
 1047 0084 0B       		.uleb128 0xb
 1048 0085 0F       		.uleb128 0xf
 1049 0086 00       		.byte	0
 1050 0087 0B       		.uleb128 0xb
 1051 0088 0B       		.uleb128 0xb
 1052 0089 49       		.uleb128 0x49
 1053 008a 13       		.uleb128 0x13
 1054 008b 00       		.byte	0
 1055 008c 00       		.byte	0
 1056 008d 0C       		.uleb128 0xc
 1057 008e 13       		.uleb128 0x13
 1058 008f 01       		.byte	0x1
 1059 0090 03       		.uleb128 0x3
 1060 0091 0E       		.uleb128 0xe
 1061 0092 0B       		.uleb128 0xb
 1062 0093 0B       		.uleb128 0xb
 1063 0094 3A       		.uleb128 0x3a
 1064 0095 0B       		.uleb128 0xb
 1065 0096 3B       		.uleb128 0x3b
 1066 0097 05       		.uleb128 0x5
 1067 0098 01       		.uleb128 0x1
 1068 0099 13       		.uleb128 0x13
 1069 009a 00       		.byte	0
 1070 009b 00       		.byte	0
 1071 009c 0D       		.uleb128 0xd
 1072 009d 15       		.uleb128 0x15
 1073 009e 01       		.byte	0x1
 1074 009f 27       		.uleb128 0x27
 1075 00a0 19       		.uleb128 0x19
 1076 00a1 01       		.uleb128 0x1
 1077 00a2 13       		.uleb128 0x13
 1078 00a3 00       		.byte	0
 1079 00a4 00       		.byte	0
 1080 00a5 0E       		.uleb128 0xe
 1081 00a6 05       		.uleb128 0x5
 1082 00a7 00       		.byte	0
 1083 00a8 49       		.uleb128 0x49
ARM GAS  /var/folders/t8/16hdwfmd2fg_d3q6dgx6bpmw0000gn/T//ccQEFbAJ.s 			page 20


 1084 00a9 13       		.uleb128 0x13
 1085 00aa 00       		.byte	0
 1086 00ab 00       		.byte	0
 1087 00ac 0F       		.uleb128 0xf
 1088 00ad 0F       		.uleb128 0xf
 1089 00ae 00       		.byte	0
 1090 00af 0B       		.uleb128 0xb
 1091 00b0 0B       		.uleb128 0xb
 1092 00b1 00       		.byte	0
 1093 00b2 00       		.byte	0
 1094 00b3 10       		.uleb128 0x10
 1095 00b4 17       		.uleb128 0x17
 1096 00b5 01       		.byte	0x1
 1097 00b6 0B       		.uleb128 0xb
 1098 00b7 0B       		.uleb128 0xb
 1099 00b8 3A       		.uleb128 0x3a
 1100 00b9 0B       		.uleb128 0xb
 1101 00ba 3B       		.uleb128 0x3b
 1102 00bb 0B       		.uleb128 0xb
 1103 00bc 01       		.uleb128 0x1
 1104 00bd 13       		.uleb128 0x13
 1105 00be 00       		.byte	0
 1106 00bf 00       		.byte	0
 1107 00c0 11       		.uleb128 0x11
 1108 00c1 0D       		.uleb128 0xd
 1109 00c2 00       		.byte	0
 1110 00c3 03       		.uleb128 0x3
 1111 00c4 0E       		.uleb128 0xe
 1112 00c5 3A       		.uleb128 0x3a
 1113 00c6 0B       		.uleb128 0xb
 1114 00c7 3B       		.uleb128 0x3b
 1115 00c8 0B       		.uleb128 0xb
 1116 00c9 49       		.uleb128 0x49
 1117 00ca 13       		.uleb128 0x13
 1118 00cb 00       		.byte	0
 1119 00cc 00       		.byte	0
 1120 00cd 12       		.uleb128 0x12
 1121 00ce 0D       		.uleb128 0xd
 1122 00cf 00       		.byte	0
 1123 00d0 03       		.uleb128 0x3
 1124 00d1 0E       		.uleb128 0xe
 1125 00d2 3A       		.uleb128 0x3a
 1126 00d3 0B       		.uleb128 0xb
 1127 00d4 3B       		.uleb128 0x3b
 1128 00d5 05       		.uleb128 0x5
 1129 00d6 49       		.uleb128 0x49
 1130 00d7 13       		.uleb128 0x13
 1131 00d8 00       		.byte	0
 1132 00d9 00       		.byte	0
 1133 00da 13       		.uleb128 0x13
 1134 00db 26       		.uleb128 0x26
 1135 00dc 00       		.byte	0
 1136 00dd 49       		.uleb128 0x49
 1137 00de 13       		.uleb128 0x13
 1138 00df 00       		.byte	0
 1139 00e0 00       		.byte	0
 1140 00e1 14       		.uleb128 0x14
ARM GAS  /var/folders/t8/16hdwfmd2fg_d3q6dgx6bpmw0000gn/T//ccQEFbAJ.s 			page 21


 1141 00e2 34       		.uleb128 0x34
 1142 00e3 00       		.byte	0
 1143 00e4 03       		.uleb128 0x3
 1144 00e5 08       		.uleb128 0x8
 1145 00e6 3A       		.uleb128 0x3a
 1146 00e7 0B       		.uleb128 0xb
 1147 00e8 3B       		.uleb128 0x3b
 1148 00e9 05       		.uleb128 0x5
 1149 00ea 49       		.uleb128 0x49
 1150 00eb 13       		.uleb128 0x13
 1151 00ec 3F       		.uleb128 0x3f
 1152 00ed 19       		.uleb128 0x19
 1153 00ee 3C       		.uleb128 0x3c
 1154 00ef 19       		.uleb128 0x19
 1155 00f0 00       		.byte	0
 1156 00f1 00       		.byte	0
 1157 00f2 15       		.uleb128 0x15
 1158 00f3 01       		.uleb128 0x1
 1159 00f4 01       		.byte	0x1
 1160 00f5 49       		.uleb128 0x49
 1161 00f6 13       		.uleb128 0x13
 1162 00f7 01       		.uleb128 0x1
 1163 00f8 13       		.uleb128 0x13
 1164 00f9 00       		.byte	0
 1165 00fa 00       		.byte	0
 1166 00fb 16       		.uleb128 0x16
 1167 00fc 21       		.uleb128 0x21
 1168 00fd 00       		.byte	0
 1169 00fe 00       		.byte	0
 1170 00ff 00       		.byte	0
 1171 0100 17       		.uleb128 0x17
 1172 0101 34       		.uleb128 0x34
 1173 0102 00       		.byte	0
 1174 0103 03       		.uleb128 0x3
 1175 0104 0E       		.uleb128 0xe
 1176 0105 3A       		.uleb128 0x3a
 1177 0106 0B       		.uleb128 0xb
 1178 0107 3B       		.uleb128 0x3b
 1179 0108 05       		.uleb128 0x5
 1180 0109 49       		.uleb128 0x49
 1181 010a 13       		.uleb128 0x13
 1182 010b 3F       		.uleb128 0x3f
 1183 010c 19       		.uleb128 0x19
 1184 010d 3C       		.uleb128 0x3c
 1185 010e 19       		.uleb128 0x19
 1186 010f 00       		.byte	0
 1187 0110 00       		.byte	0
 1188 0111 18       		.uleb128 0x18
 1189 0112 13       		.uleb128 0x13
 1190 0113 01       		.byte	0x1
 1191 0114 0B       		.uleb128 0xb
 1192 0115 0B       		.uleb128 0xb
 1193 0116 3A       		.uleb128 0x3a
 1194 0117 0B       		.uleb128 0xb
 1195 0118 3B       		.uleb128 0x3b
 1196 0119 0B       		.uleb128 0xb
 1197 011a 01       		.uleb128 0x1
ARM GAS  /var/folders/t8/16hdwfmd2fg_d3q6dgx6bpmw0000gn/T//ccQEFbAJ.s 			page 22


 1198 011b 13       		.uleb128 0x13
 1199 011c 00       		.byte	0
 1200 011d 00       		.byte	0
 1201 011e 19       		.uleb128 0x19
 1202 011f 21       		.uleb128 0x21
 1203 0120 00       		.byte	0
 1204 0121 49       		.uleb128 0x49
 1205 0122 13       		.uleb128 0x13
 1206 0123 2F       		.uleb128 0x2f
 1207 0124 0B       		.uleb128 0xb
 1208 0125 00       		.byte	0
 1209 0126 00       		.byte	0
 1210 0127 1A       		.uleb128 0x1a
 1211 0128 34       		.uleb128 0x34
 1212 0129 00       		.byte	0
 1213 012a 03       		.uleb128 0x3
 1214 012b 0E       		.uleb128 0xe
 1215 012c 3A       		.uleb128 0x3a
 1216 012d 0B       		.uleb128 0xb
 1217 012e 3B       		.uleb128 0x3b
 1218 012f 0B       		.uleb128 0xb
 1219 0130 49       		.uleb128 0x49
 1220 0131 13       		.uleb128 0x13
 1221 0132 3F       		.uleb128 0x3f
 1222 0133 19       		.uleb128 0x19
 1223 0134 3C       		.uleb128 0x3c
 1224 0135 19       		.uleb128 0x19
 1225 0136 00       		.byte	0
 1226 0137 00       		.byte	0
 1227 0138 00       		.byte	0
 1228              		.section	.debug_aranges,"",%progbits
 1229 0000 14000000 		.4byte	0x14
 1230 0004 0200     		.2byte	0x2
 1231 0006 00000000 		.4byte	.Ldebug_info0
 1232 000a 04       		.byte	0x4
 1233 000b 00       		.byte	0
 1234 000c 0000     		.2byte	0
 1235 000e 0000     		.2byte	0
 1236 0010 00000000 		.4byte	0
 1237 0014 00000000 		.4byte	0
 1238              		.section	.debug_line,"",%progbits
 1239              	.Ldebug_line0:
 1240 0000 4C020000 		.section	.debug_str,"MS",%progbits,1
 1240      02004602 
 1240      00000201 
 1240      FB0E0D00 
 1240      01010101 
 1241              	.LASF48:
 1242 0000 63685F74 		.ascii	"ch_threads_list\000"
 1242      68726561 
 1242      64735F6C 
 1242      69737400 
 1243              	.LASF96:
 1244 0010 74696D65 		.ascii	"timesize\000"
 1244      73697A65 
 1244      00
 1245              	.LASF112:
ARM GAS  /var/folders/t8/16hdwfmd2fg_d3q6dgx6bpmw0000gn/T//ccQEFbAJ.s 			page 23


 1246 0019 474E5520 		.ascii	"GNU C99 7.2.1 20170904 (release) [ARM/embedded-7-br"
 1246      43393920 
 1246      372E322E 
 1246      31203230 
 1246      31373039 
 1247 004c 616E6368 		.ascii	"anch revision 255204] -mcpu=cortex-m0plus -mno-thum"
 1247      20726576 
 1247      6973696F 
 1247      6E203235 
 1247      35323034 
 1248 007f 622D696E 		.ascii	"b-interwork -mthumb -ggdb -O2 -std=gnu99 -fomit-fra"
 1248      74657277 
 1248      6F726B20 
 1248      2D6D7468 
 1248      756D6220 
 1249 00b2 6D652D70 		.ascii	"me-pointer -falign-functions=16 -ffunction-sections"
 1249      6F696E74 
 1249      6572202D 
 1249      66616C69 
 1249      676E2D66 
 1250 00e5 202D6664 		.ascii	" -fdata-sections -fno-common\000"
 1250      6174612D 
 1250      73656374 
 1250      696F6E73 
 1250      202D666E 
 1251              	.LASF84:
 1252 0102 77746D74 		.ascii	"wtmtxp\000"
 1252      787000
 1253              	.LASF74:
 1254 0109 72656761 		.ascii	"regarm_t\000"
 1254      726D5F74 
 1254      00
 1255              	.LASF36:
 1256 0112 666C6167 		.ascii	"flags\000"
 1256      7300
 1257              	.LASF27:
 1258 0118 73797374 		.ascii	"systime_t\000"
 1258      696D655F 
 1258      7400
 1259              	.LASF43:
 1260 0122 7265616C 		.ascii	"realprio\000"
 1260      7072696F 
 1260      00
 1261              	.LASF41:
 1262 012b 6570656E 		.ascii	"epending\000"
 1262      64696E67 
 1262      00
 1263              	.LASF0:
 1264 0134 756E7369 		.ascii	"unsigned int\000"
 1264      676E6564 
 1264      20696E74 
 1264      00
 1265              	.LASF49:
 1266 0141 6E657874 		.ascii	"next\000"
 1266      00
 1267              	.LASF94:
 1268 0146 76657273 		.ascii	"version\000"
ARM GAS  /var/folders/t8/16hdwfmd2fg_d3q6dgx6bpmw0000gn/T//ccQEFbAJ.s 			page 24


 1268      696F6E00 
 1269              	.LASF46:
 1270 014e 74687265 		.ascii	"threads_list_t\000"
 1270      6164735F 
 1270      6C697374 
 1270      5F7400
 1271              	.LASF7:
 1272 015d 5F5F696E 		.ascii	"__int32_t\000"
 1272      7433325F 
 1272      7400
 1273              	.LASF37:
 1274 0167 72656673 		.ascii	"refs\000"
 1274      00
 1275              	.LASF108:
 1276 016c 6F66665F 		.ascii	"off_time\000"
 1276      74696D65 
 1276      00
 1277              	.LASF80:
 1278 0175 77746F62 		.ascii	"wtobjp\000"
 1278      6A7000
 1279              	.LASF72:
 1280 017c 76746C69 		.ascii	"vtlist\000"
 1280      737400
 1281              	.LASF76:
 1282 0183 706F7274 		.ascii	"port_context\000"
 1282      5F636F6E 
 1282      74657874 
 1282      00
 1283              	.LASF54:
 1284 0190 63685F72 		.ascii	"ch_ready_list\000"
 1284      65616479 
 1284      5F6C6973 
 1284      7400
 1285              	.LASF60:
 1286 019e 66756E63 		.ascii	"func\000"
 1286      00
 1287              	.LASF85:
 1288 01a3 65776D61 		.ascii	"ewmask\000"
 1288      736B00
 1289              	.LASF52:
 1290 01aa 70726576 		.ascii	"prev\000"
 1290      00
 1291              	.LASF51:
 1292 01af 63685F74 		.ascii	"ch_threads_queue\000"
 1292      68726561 
 1292      64735F71 
 1292      75657565 
 1292      00
 1293              	.LASF100:
 1294 01c0 6F66665F 		.ascii	"off_newer\000"
 1294      6E657765 
 1294      7200
 1295              	.LASF56:
 1296 01ca 76746675 		.ascii	"vtfunc_t\000"
 1296      6E635F74 
 1296      00
 1297              	.LASF65:
ARM GAS  /var/folders/t8/16hdwfmd2fg_d3q6dgx6bpmw0000gn/T//ccQEFbAJ.s 			page 25


 1298 01d3 63685F73 		.ascii	"ch_system_debug\000"
 1298      79737465 
 1298      6D5F6465 
 1298      62756700 
 1299              	.LASF17:
 1300 01e3 75696E74 		.ascii	"uint32_t\000"
 1300      33325F74 
 1300      00
 1301              	.LASF82:
 1302 01ec 73656E74 		.ascii	"sentmsg\000"
 1302      6D736700 
 1303              	.LASF25:
 1304 01f4 6576656E 		.ascii	"eventmask_t\000"
 1304      746D6173 
 1304      6B5F7400 
 1305              	.LASF97:
 1306 0200 74687265 		.ascii	"threadsize\000"
 1306      61647369 
 1306      7A6500
 1307              	.LASF86:
 1308 020b 63685F73 		.ascii	"ch_semaphore\000"
 1308      656D6170 
 1308      686F7265 
 1308      00
 1309              	.LASF23:
 1310 0218 74707269 		.ascii	"tprio_t\000"
 1310      6F5F7400 
 1311              	.LASF58:
 1312 0220 63685F76 		.ascii	"ch_virtual_timer\000"
 1312      69727475 
 1312      616C5F74 
 1312      696D6572 
 1312      00
 1313              	.LASF13:
 1314 0231 6C6F6E67 		.ascii	"long long unsigned int\000"
 1314      206C6F6E 
 1314      6720756E 
 1314      7369676E 
 1314      65642069 
 1315              	.LASF5:
 1316 0248 5F5F7569 		.ascii	"__uint16_t\000"
 1316      6E743136 
 1316      5F7400
 1317              	.LASF26:
 1318 0253 636E745F 		.ascii	"cnt_t\000"
 1318      7400
 1319              	.LASF103:
 1320 0259 6F66665F 		.ascii	"off_stklimit\000"
 1320      73746B6C 
 1320      696D6974 
 1320      00
 1321              	.LASF67:
 1322 0266 6973725F 		.ascii	"isr_cnt\000"
 1322      636E7400 
 1323              	.LASF88:
 1324 026e 6F776E65 		.ascii	"owner\000"
 1324      7200
ARM GAS  /var/folders/t8/16hdwfmd2fg_d3q6dgx6bpmw0000gn/T//ccQEFbAJ.s 			page 26


 1325              	.LASF50:
 1326 0274 74687265 		.ascii	"threads_queue_t\000"
 1326      6164735F 
 1326      71756575 
 1326      655F7400 
 1327              	.LASF42:
 1328 0284 6D74786C 		.ascii	"mtxlist\000"
 1328      69737400 
 1329              	.LASF62:
 1330 028c 63685F76 		.ascii	"ch_virtual_timers_list\000"
 1330      69727475 
 1330      616C5F74 
 1330      696D6572 
 1330      735F6C69 
 1331              	.LASF28:
 1332 02a3 74687265 		.ascii	"thread_t\000"
 1332      61645F74 
 1332      00
 1333              	.LASF101:
 1334 02ac 6F66665F 		.ascii	"off_older\000"
 1334      6F6C6465 
 1334      7200
 1335              	.LASF104:
 1336 02b6 6F66665F 		.ascii	"off_state\000"
 1336      73746174 
 1336      6500
 1337              	.LASF78:
 1338 02c0 7264796D 		.ascii	"rdymsg\000"
 1338      736700
 1339              	.LASF87:
 1340 02c7 63685F6D 		.ascii	"ch_mutex\000"
 1340      75746578 
 1340      00
 1341              	.LASF12:
 1342 02d0 5F5F7569 		.ascii	"__uint64_t\000"
 1342      6E743634 
 1342      5F7400
 1343              	.LASF99:
 1344 02db 6F66665F 		.ascii	"off_ctx\000"
 1344      63747800 
 1345              	.LASF113:
 1346 02e3 2E2E2F2E 		.ascii	"../../tmk_core/tool/chibios/ChibiOS/os/hal/osal/rt/"
 1346      2E2F746D 
 1346      6B5F636F 
 1346      72652F74 
 1346      6F6F6C2F 
 1347 0316 6F73616C 		.ascii	"osal.c\000"
 1347      2E6300
 1348              	.LASF105:
 1349 031d 6F66665F 		.ascii	"off_flags\000"
 1349      666C6167 
 1349      7300
 1350              	.LASF30:
 1351 0327 7072696F 		.ascii	"prio\000"
 1351      00
 1352              	.LASF89:
 1353 032c 63686172 		.ascii	"char\000"
ARM GAS  /var/folders/t8/16hdwfmd2fg_d3q6dgx6bpmw0000gn/T//ccQEFbAJ.s 			page 27


 1353      00
 1354              	.LASF45:
 1355 0331 74687265 		.ascii	"thread_reference_t\000"
 1355      61645F72 
 1355      65666572 
 1355      656E6365 
 1355      5F7400
 1356              	.LASF34:
 1357 0344 77616261 		.ascii	"wabase\000"
 1357      736500
 1358              	.LASF90:
 1359 034b 63685F69 		.ascii	"ch_idle_thread_wa\000"
 1359      646C655F 
 1359      74687265 
 1359      61645F77 
 1359      6100
 1360              	.LASF20:
 1361 035d 74737461 		.ascii	"tstate_t\000"
 1361      74655F74 
 1361      00
 1362              	.LASF14:
 1363 0366 75696E74 		.ascii	"uint8_t\000"
 1363      385F7400 
 1364              	.LASF40:
 1365 036e 6D736771 		.ascii	"msgqueue\000"
 1365      75657565 
 1365      00
 1366              	.LASF47:
 1367 0377 63685F74 		.ascii	"ch_thread\000"
 1367      68726561 
 1367      6400
 1368              	.LASF102:
 1369 0381 6F66665F 		.ascii	"off_name\000"
 1369      6E616D65 
 1369      00
 1370              	.LASF64:
 1371 038a 73797374 		.ascii	"system_debug_t\000"
 1371      656D5F64 
 1371      65627567 
 1371      5F7400
 1372              	.LASF11:
 1373 0399 6C6F6E67 		.ascii	"long long int\000"
 1373      206C6F6E 
 1373      6720696E 
 1373      7400
 1374              	.LASF92:
 1375 03a7 7A65726F 		.ascii	"zero\000"
 1375      00
 1376              	.LASF24:
 1377 03ac 6D73675F 		.ascii	"msg_t\000"
 1377      7400
 1378              	.LASF57:
 1379 03b2 76697274 		.ascii	"virtual_timer_t\000"
 1379      75616C5F 
 1379      74696D65 
 1379      725F7400 
 1380              	.LASF93:
ARM GAS  /var/folders/t8/16hdwfmd2fg_d3q6dgx6bpmw0000gn/T//ccQEFbAJ.s 			page 28


 1381 03c2 73697A65 		.ascii	"size\000"
 1381      00
 1382              	.LASF95:
 1383 03c7 70747273 		.ascii	"ptrsize\000"
 1383      697A6500 
 1384              	.LASF22:
 1385 03cf 74736C69 		.ascii	"tslices_t\000"
 1385      6365735F 
 1385      7400
 1386              	.LASF114:
 1387 03d9 2F557365 		.ascii	"/Users/jpablobr/tmp/tmk/di0ib-tmk_keyboard/keyboard"
 1387      72732F6A 
 1387      7061626C 
 1387      6F62722F 
 1387      746D702F 
 1388 040c 2F746565 		.ascii	"/teensy_lc_menelaus\000"
 1388      6E73795F 
 1388      6C635F6D 
 1388      656E656C 
 1388      61757300 
 1389              	.LASF66:
 1390 0420 70616E69 		.ascii	"panic_msg\000"
 1390      635F6D73 
 1390      6700
 1391              	.LASF19:
 1392 042a 746D6F64 		.ascii	"tmode_t\000"
 1392      655F7400 
 1393              	.LASF63:
 1394 0432 73797374 		.ascii	"systime\000"
 1394      696D6500 
 1395              	.LASF73:
 1396 043a 6D61696E 		.ascii	"mainthread\000"
 1396      74687265 
 1396      616400
 1397              	.LASF15:
 1398 0445 75696E74 		.ascii	"uint16_t\000"
 1398      31365F74 
 1398      00
 1399              	.LASF109:
 1400 044e 63686465 		.ascii	"chdebug_t\000"
 1400      6275675F 
 1400      7400
 1401              	.LASF98:
 1402 0458 6F66665F 		.ascii	"off_prio\000"
 1402      7072696F 
 1402      00
 1403              	.LASF68:
 1404 0461 6C6F636B 		.ascii	"lock_cnt\000"
 1404      5F636E74 
 1404      00
 1405              	.LASF3:
 1406 046a 73686F72 		.ascii	"short int\000"
 1406      7420696E 
 1406      7400
 1407              	.LASF8:
 1408 0474 6C6F6E67 		.ascii	"long int\000"
 1408      20696E74 
ARM GAS  /var/folders/t8/16hdwfmd2fg_d3q6dgx6bpmw0000gn/T//ccQEFbAJ.s 			page 29


 1408      00
 1409              	.LASF77:
 1410 047d 706F7274 		.ascii	"port_intctx\000"
 1410      5F696E74 
 1410      63747800 
 1411              	.LASF38:
 1412 0489 70726565 		.ascii	"preempt\000"
 1412      6D707400 
 1413              	.LASF70:
 1414 0491 63685F73 		.ascii	"ch_system\000"
 1414      79737465 
 1414      6D00
 1415              	.LASF18:
 1416 049b 75696E74 		.ascii	"uint64_t\000"
 1416      36345F74 
 1416      00
 1417              	.LASF71:
 1418 04a4 726C6973 		.ascii	"rlist\000"
 1418      7400
 1419              	.LASF4:
 1420 04aa 5F5F7569 		.ascii	"__uint8_t\000"
 1420      6E74385F 
 1420      7400
 1421              	.LASF33:
 1422 04b4 6E616D65 		.ascii	"name\000"
 1422      00
 1423              	.LASF91:
 1424 04b9 6964656E 		.ascii	"identifier\000"
 1424      74696669 
 1424      657200
 1425              	.LASF107:
 1426 04c4 6F66665F 		.ascii	"off_preempt\000"
 1426      70726565 
 1426      6D707400 
 1427              	.LASF21:
 1428 04d0 74726566 		.ascii	"trefs_t\000"
 1428      735F7400 
 1429              	.LASF10:
 1430 04d8 6C6F6E67 		.ascii	"long unsigned int\000"
 1430      20756E73 
 1430      69676E65 
 1430      6420696E 
 1430      7400
 1431              	.LASF53:
 1432 04ea 72656164 		.ascii	"ready_list_t\000"
 1432      795F6C69 
 1432      73745F74 
 1432      00
 1433              	.LASF29:
 1434 04f7 71756575 		.ascii	"queue\000"
 1434      6500
 1435              	.LASF16:
 1436 04fd 696E7433 		.ascii	"int32_t\000"
 1436      325F7400 
 1437              	.LASF83:
 1438 0505 77747365 		.ascii	"wtsemp\000"
 1438      6D7000
ARM GAS  /var/folders/t8/16hdwfmd2fg_d3q6dgx6bpmw0000gn/T//ccQEFbAJ.s 			page 30


 1439              	.LASF111:
 1440 050c 6D757465 		.ascii	"mutex_t\000"
 1440      785F7400 
 1441              	.LASF31:
 1442 0514 6E657765 		.ascii	"newer\000"
 1442      7200
 1443              	.LASF2:
 1444 051a 756E7369 		.ascii	"unsigned char\000"
 1444      676E6564 
 1444      20636861 
 1444      7200
 1445              	.LASF9:
 1446 0528 5F5F7569 		.ascii	"__uint32_t\000"
 1446      6E743332 
 1446      5F7400
 1447              	.LASF39:
 1448 0533 77616974 		.ascii	"waiting\000"
 1448      696E6700 
 1449              	.LASF61:
 1450 053b 76697274 		.ascii	"virtual_timers_list_t\000"
 1450      75616C5F 
 1450      74696D65 
 1450      72735F6C 
 1450      6973745F 
 1451              	.LASF35:
 1452 0551 73746174 		.ascii	"state\000"
 1452      6500
 1453              	.LASF69:
 1454 0557 63685F73 		.ascii	"ch_system_t\000"
 1454      79737465 
 1454      6D5F7400 
 1455              	.LASF81:
 1456 0563 77747472 		.ascii	"wttrp\000"
 1456      7000
 1457              	.LASF1:
 1458 0569 7369676E 		.ascii	"signed char\000"
 1458      65642063 
 1458      68617200 
 1459              	.LASF59:
 1460 0575 64656C74 		.ascii	"delta\000"
 1460      6100
 1461              	.LASF6:
 1462 057b 73686F72 		.ascii	"short unsigned int\000"
 1462      7420756E 
 1462      7369676E 
 1462      65642069 
 1462      6E7400
 1463              	.LASF75:
 1464 058e 73746B61 		.ascii	"stkalign_t\000"
 1464      6C69676E 
 1464      5F7400
 1465              	.LASF106:
 1466 0599 6F66665F 		.ascii	"off_refs\000"
 1466      72656673 
 1466      00
 1467              	.LASF55:
 1468 05a2 63757272 		.ascii	"current\000"
ARM GAS  /var/folders/t8/16hdwfmd2fg_d3q6dgx6bpmw0000gn/T//ccQEFbAJ.s 			page 31


 1468      656E7400 
 1469              	.LASF110:
 1470 05aa 63685F64 		.ascii	"ch_debug\000"
 1470      65627567 
 1470      00
 1471              	.LASF32:
 1472 05b3 6F6C6465 		.ascii	"older\000"
 1472      7200
 1473              	.LASF79:
 1474 05b9 65786974 		.ascii	"exitcode\000"
 1474      636F6465 
 1474      00
 1475              	.LASF44:
 1476 05c2 6D706F6F 		.ascii	"mpool\000"
 1476      6C00
 1477              		.ident	"GCC: (GNU Tools for Arm Embedded Processors 7-2017-q4-major) 7.2.1 20170904 (release) [ARM
ARM GAS  /var/folders/t8/16hdwfmd2fg_d3q6dgx6bpmw0000gn/T//ccQEFbAJ.s 			page 32


DEFINED SYMBOLS
                            *ABS*:0000000000000000 osal.c

NO UNDEFINED SYMBOLS
